[0.095s] DEBUG:colcon:Command line arguments: ['/usr/bin/colcon', 'build']
[0.095s] DEBUG:colcon:Parsed command line arguments: Namespace(log_base=None, log_level=None, verb_name='build', build_base='build', install_base='install', merge_install=False, symlink_install=False, test_result_base=None, continue_on_error=False, executor='parallel', parallel_workers=16, event_handlers=None, ignore_user_meta=False, metas=['./colcon.meta'], base_paths=['.'], packages_ignore=None, packages_ignore_regex=None, paths=None, packages_up_to=None, packages_up_to_regex=None, packages_above=None, packages_above_and_dependencies=None, packages_above_depth=None, packages_select_by_dep=None, packages_skip_by_dep=None, packages_skip_up_to=None, packages_select_build_failed=False, packages_skip_build_finished=False, packages_select_test_failures=False, packages_skip_test_passed=False, packages_select=None, packages_skip=None, packages_select_regex=None, packages_skip_regex=None, packages_start=None, packages_end=None, allow_overriding=[], cmake_args=None, cmake_target=None, cmake_target_skip_unavailable=False, cmake_clean_cache=False, cmake_clean_first=False, cmake_force_configure=False, ament_cmake_args=None, catkin_cmake_args=None, catkin_skip_building_tests=False, mixin_files=None, mixin=None, verb_parser=<colcon_mixin.mixin.mixin_argument.MixinArgumentDecorator object at 0x7fb8b598eb60>, verb_extension=<colcon_core.verb.build.BuildVerb object at 0x7fb8b59483a0>, main=<bound method BuildVerb.main of <colcon_core.verb.build.BuildVerb object at 0x7fb8b59483a0>>, mixin_verb=('build',))
[0.268s] Level 1:colcon.colcon_core.package_discovery:discover_packages(colcon_meta) check parameters
[0.268s] Level 1:colcon.colcon_core.package_discovery:discover_packages(recursive) check parameters
[0.268s] Level 1:colcon.colcon_core.package_discovery:discover_packages(ignore) check parameters
[0.268s] Level 1:colcon.colcon_core.package_discovery:discover_packages(path) check parameters
[0.268s] Level 1:colcon.colcon_core.package_discovery:discover_packages(colcon_meta) discover
[0.268s] Level 1:colcon.colcon_core.package_discovery:discover_packages(recursive) discover
[0.269s] INFO:colcon.colcon_core.package_discovery:Crawling recursively for packages in '/home/emkk/grap_ws'
[0.269s] Level 1:colcon.colcon_core.package_identification:_identify(.) by extensions ['ignore', 'ignore_ament_install']
[0.269s] Level 1:colcon.colcon_core.package_identification:_identify(.) by extension 'ignore'
[0.269s] Level 1:colcon.colcon_core.package_identification:_identify(.) by extension 'ignore_ament_install'
[0.269s] Level 1:colcon.colcon_core.package_identification:_identify(.) by extensions ['colcon_pkg']
[0.269s] Level 1:colcon.colcon_core.package_identification:_identify(.) by extension 'colcon_pkg'
[0.269s] Level 1:colcon.colcon_core.package_identification:_identify(.) by extensions ['colcon_meta']
[0.269s] Level 1:colcon.colcon_core.package_identification:_identify(.) by extension 'colcon_meta'
[0.269s] Level 1:colcon.colcon_core.package_identification:_identify(.) by extensions ['ros']
[0.269s] Level 1:colcon.colcon_core.package_identification:_identify(.) by extension 'ros'
[0.288s] Level 1:colcon.colcon_core.package_identification:_identify(.) by extensions ['cmake', 'python']
[0.288s] Level 1:colcon.colcon_core.package_identification:_identify(.) by extension 'cmake'
[0.288s] Level 1:colcon.colcon_core.package_identification:_identify(.) by extension 'python'
[0.288s] Level 1:colcon.colcon_core.package_identification:_identify(.) by extensions ['python_setup_py']
[0.288s] Level 1:colcon.colcon_core.package_identification:_identify(.) by extension 'python_setup_py'
[0.288s] Level 1:colcon.colcon_core.package_identification:_identify(build) by extensions ['ignore', 'ignore_ament_install']
[0.288s] Level 1:colcon.colcon_core.package_identification:_identify(build) by extension 'ignore'
[0.288s] Level 1:colcon.colcon_core.package_identification:_identify(build) ignored
[0.288s] Level 1:colcon.colcon_core.package_identification:_identify(install) by extensions ['ignore', 'ignore_ament_install']
[0.289s] Level 1:colcon.colcon_core.package_identification:_identify(install) by extension 'ignore'
[0.289s] Level 1:colcon.colcon_core.package_identification:_identify(install) ignored
[0.289s] Level 1:colcon.colcon_core.package_identification:_identify(log) by extensions ['ignore', 'ignore_ament_install']
[0.289s] Level 1:colcon.colcon_core.package_identification:_identify(log) by extension 'ignore'
[0.289s] Level 1:colcon.colcon_core.package_identification:_identify(log) ignored
[0.289s] Level 1:colcon.colcon_core.package_identification:_identify(src) by extensions ['ignore', 'ignore_ament_install']
[0.289s] Level 1:colcon.colcon_core.package_identification:_identify(src) by extension 'ignore'
[0.289s] Level 1:colcon.colcon_core.package_identification:_identify(src) by extension 'ignore_ament_install'
[0.289s] Level 1:colcon.colcon_core.package_identification:_identify(src) by extensions ['colcon_pkg']
[0.289s] Level 1:colcon.colcon_core.package_identification:_identify(src) by extension 'colcon_pkg'
[0.289s] Level 1:colcon.colcon_core.package_identification:_identify(src) by extensions ['colcon_meta']
[0.289s] Level 1:colcon.colcon_core.package_identification:_identify(src) by extension 'colcon_meta'
[0.289s] Level 1:colcon.colcon_core.package_identification:_identify(src) by extensions ['ros']
[0.289s] Level 1:colcon.colcon_core.package_identification:_identify(src) by extension 'ros'
[0.289s] Level 1:colcon.colcon_core.package_identification:_identify(src) by extensions ['cmake', 'python']
[0.289s] Level 1:colcon.colcon_core.package_identification:_identify(src) by extension 'cmake'
[0.289s] Level 1:colcon.colcon_core.package_identification:_identify(src) by extension 'python'
[0.289s] Level 1:colcon.colcon_core.package_identification:_identify(src) by extensions ['python_setup_py']
[0.289s] Level 1:colcon.colcon_core.package_identification:_identify(src) by extension 'python_setup_py'
[0.289s] Level 1:colcon.colcon_core.package_identification:_identify(src/grap_bringup) by extensions ['ignore', 'ignore_ament_install']
[0.289s] Level 1:colcon.colcon_core.package_identification:_identify(src/grap_bringup) by extension 'ignore'
[0.289s] Level 1:colcon.colcon_core.package_identification:_identify(src/grap_bringup) by extension 'ignore_ament_install'
[0.289s] Level 1:colcon.colcon_core.package_identification:_identify(src/grap_bringup) by extensions ['colcon_pkg']
[0.289s] Level 1:colcon.colcon_core.package_identification:_identify(src/grap_bringup) by extension 'colcon_pkg'
[0.290s] Level 1:colcon.colcon_core.package_identification:_identify(src/grap_bringup) by extensions ['colcon_meta']
[0.290s] Level 1:colcon.colcon_core.package_identification:_identify(src/grap_bringup) by extension 'colcon_meta'
[0.290s] Level 1:colcon.colcon_core.package_identification:_identify(src/grap_bringup) by extensions ['ros']
[0.290s] Level 1:colcon.colcon_core.package_identification:_identify(src/grap_bringup) by extension 'ros'
[0.292s] DEBUG:colcon.colcon_core.package_identification:Package 'src/grap_bringup' with type 'ros.ament_cmake' and name 'grap_bringup'
[0.292s] Level 1:colcon.colcon_core.package_identification:_identify(src/grap_controller) by extensions ['ignore', 'ignore_ament_install']
[0.292s] Level 1:colcon.colcon_core.package_identification:_identify(src/grap_controller) by extension 'ignore'
[0.292s] Level 1:colcon.colcon_core.package_identification:_identify(src/grap_controller) by extension 'ignore_ament_install'
[0.292s] Level 1:colcon.colcon_core.package_identification:_identify(src/grap_controller) by extensions ['colcon_pkg']
[0.292s] Level 1:colcon.colcon_core.package_identification:_identify(src/grap_controller) by extension 'colcon_pkg'
[0.292s] Level 1:colcon.colcon_core.package_identification:_identify(src/grap_controller) by extensions ['colcon_meta']
[0.292s] Level 1:colcon.colcon_core.package_identification:_identify(src/grap_controller) by extension 'colcon_meta'
[0.292s] Level 1:colcon.colcon_core.package_identification:_identify(src/grap_controller) by extensions ['ros']
[0.292s] Level 1:colcon.colcon_core.package_identification:_identify(src/grap_controller) by extension 'ros'
[0.293s] DEBUG:colcon.colcon_core.package_identification:Package 'src/grap_controller' with type 'ros.ament_cmake' and name 'grap_controller'
[0.293s] Level 1:colcon.colcon_core.package_identification:_identify(src/grap_description) by extensions ['ignore', 'ignore_ament_install']
[0.293s] Level 1:colcon.colcon_core.package_identification:_identify(src/grap_description) by extension 'ignore'
[0.293s] Level 1:colcon.colcon_core.package_identification:_identify(src/grap_description) by extension 'ignore_ament_install'
[0.293s] Level 1:colcon.colcon_core.package_identification:_identify(src/grap_description) by extensions ['colcon_pkg']
[0.293s] Level 1:colcon.colcon_core.package_identification:_identify(src/grap_description) by extension 'colcon_pkg'
[0.293s] Level 1:colcon.colcon_core.package_identification:_identify(src/grap_description) by extensions ['colcon_meta']
[0.293s] Level 1:colcon.colcon_core.package_identification:_identify(src/grap_description) by extension 'colcon_meta'
[0.293s] Level 1:colcon.colcon_core.package_identification:_identify(src/grap_description) by extensions ['ros']
[0.293s] Level 1:colcon.colcon_core.package_identification:_identify(src/grap_description) by extension 'ros'
[0.294s] DEBUG:colcon.colcon_core.package_identification:Package 'src/grap_description' with type 'ros.ament_cmake' and name 'grap_description'
[0.294s] Level 1:colcon.colcon_core.package_identification:_identify(src/grap_moveit) by extensions ['ignore', 'ignore_ament_install']
[0.294s] Level 1:colcon.colcon_core.package_identification:_identify(src/grap_moveit) by extension 'ignore'
[0.294s] Level 1:colcon.colcon_core.package_identification:_identify(src/grap_moveit) by extension 'ignore_ament_install'
[0.294s] Level 1:colcon.colcon_core.package_identification:_identify(src/grap_moveit) by extensions ['colcon_pkg']
[0.294s] Level 1:colcon.colcon_core.package_identification:_identify(src/grap_moveit) by extension 'colcon_pkg'
[0.294s] Level 1:colcon.colcon_core.package_identification:_identify(src/grap_moveit) by extensions ['colcon_meta']
[0.294s] Level 1:colcon.colcon_core.package_identification:_identify(src/grap_moveit) by extension 'colcon_meta'
[0.294s] Level 1:colcon.colcon_core.package_identification:_identify(src/grap_moveit) by extensions ['ros']
[0.294s] Level 1:colcon.colcon_core.package_identification:_identify(src/grap_moveit) by extension 'ros'
[0.294s] DEBUG:colcon.colcon_core.package_identification:Package 'src/grap_moveit' with type 'ros.ament_cmake' and name 'grap_moveit'
[0.294s] Level 1:colcon.colcon_core.package_discovery:discover_packages(recursive) using defaults
[0.295s] Level 1:colcon.colcon_core.package_discovery:discover_packages(ignore) discover
[0.295s] Level 1:colcon.colcon_core.package_discovery:discover_packages(ignore) using defaults
[0.295s] Level 1:colcon.colcon_core.package_discovery:discover_packages(path) discover
[0.295s] Level 1:colcon.colcon_core.package_discovery:discover_packages(path) using defaults
[0.311s] Level 1:colcon.colcon_core.package_discovery:discover_packages(prefix_path) check parameters
[0.311s] Level 1:colcon.colcon_core.package_discovery:discover_packages(prefix_path) discover
[0.312s] DEBUG:colcon.colcon_installed_package_information.package_discovery:Found 4 installed packages in /home/emkk/grap_ws/install
[0.315s] DEBUG:colcon.colcon_installed_package_information.package_discovery:Found 428 installed packages in /opt/ros/humble
[0.316s] Level 1:colcon.colcon_core.package_discovery:discover_packages(prefix_path) using defaults
[0.358s] Level 5:colcon.colcon_core.verb:set package 'grap_bringup' build argument 'cmake_args' from command line to 'None'
[0.358s] Level 5:colcon.colcon_core.verb:set package 'grap_bringup' build argument 'cmake_target' from command line to 'None'
[0.358s] Level 5:colcon.colcon_core.verb:set package 'grap_bringup' build argument 'cmake_target_skip_unavailable' from command line to 'False'
[0.358s] Level 5:colcon.colcon_core.verb:set package 'grap_bringup' build argument 'cmake_clean_cache' from command line to 'False'
[0.358s] Level 5:colcon.colcon_core.verb:set package 'grap_bringup' build argument 'cmake_clean_first' from command line to 'False'
[0.358s] Level 5:colcon.colcon_core.verb:set package 'grap_bringup' build argument 'cmake_force_configure' from command line to 'False'
[0.358s] Level 5:colcon.colcon_core.verb:set package 'grap_bringup' build argument 'ament_cmake_args' from command line to 'None'
[0.358s] Level 5:colcon.colcon_core.verb:set package 'grap_bringup' build argument 'catkin_cmake_args' from command line to 'None'
[0.358s] Level 5:colcon.colcon_core.verb:set package 'grap_bringup' build argument 'catkin_skip_building_tests' from command line to 'False'
[0.358s] DEBUG:colcon.colcon_core.verb:Building package 'grap_bringup' with the following arguments: {'ament_cmake_args': None, 'build_base': '/home/emkk/grap_ws/build/grap_bringup', 'catkin_cmake_args': None, 'catkin_skip_building_tests': False, 'cmake_args': None, 'cmake_clean_cache': False, 'cmake_clean_first': False, 'cmake_force_configure': False, 'cmake_target': None, 'cmake_target_skip_unavailable': False, 'install_base': '/home/emkk/grap_ws/install/grap_bringup', 'merge_install': False, 'path': '/home/emkk/grap_ws/src/grap_bringup', 'symlink_install': False, 'test_result_base': None}
[0.358s] Level 5:colcon.colcon_core.verb:set package 'grap_controller' build argument 'cmake_args' from command line to 'None'
[0.358s] Level 5:colcon.colcon_core.verb:set package 'grap_controller' build argument 'cmake_target' from command line to 'None'
[0.358s] Level 5:colcon.colcon_core.verb:set package 'grap_controller' build argument 'cmake_target_skip_unavailable' from command line to 'False'
[0.358s] Level 5:colcon.colcon_core.verb:set package 'grap_controller' build argument 'cmake_clean_cache' from command line to 'False'
[0.358s] Level 5:colcon.colcon_core.verb:set package 'grap_controller' build argument 'cmake_clean_first' from command line to 'False'
[0.358s] Level 5:colcon.colcon_core.verb:set package 'grap_controller' build argument 'cmake_force_configure' from command line to 'False'
[0.358s] Level 5:colcon.colcon_core.verb:set package 'grap_controller' build argument 'ament_cmake_args' from command line to 'None'
[0.358s] Level 5:colcon.colcon_core.verb:set package 'grap_controller' build argument 'catkin_cmake_args' from command line to 'None'
[0.358s] Level 5:colcon.colcon_core.verb:set package 'grap_controller' build argument 'catkin_skip_building_tests' from command line to 'False'
[0.358s] DEBUG:colcon.colcon_core.verb:Building package 'grap_controller' with the following arguments: {'ament_cmake_args': None, 'build_base': '/home/emkk/grap_ws/build/grap_controller', 'catkin_cmake_args': None, 'catkin_skip_building_tests': False, 'cmake_args': None, 'cmake_clean_cache': False, 'cmake_clean_first': False, 'cmake_force_configure': False, 'cmake_target': None, 'cmake_target_skip_unavailable': False, 'install_base': '/home/emkk/grap_ws/install/grap_controller', 'merge_install': False, 'path': '/home/emkk/grap_ws/src/grap_controller', 'symlink_install': False, 'test_result_base': None}
[0.359s] Level 5:colcon.colcon_core.verb:set package 'grap_description' build argument 'cmake_args' from command line to 'None'
[0.359s] Level 5:colcon.colcon_core.verb:set package 'grap_description' build argument 'cmake_target' from command line to 'None'
[0.359s] Level 5:colcon.colcon_core.verb:set package 'grap_description' build argument 'cmake_target_skip_unavailable' from command line to 'False'
[0.359s] Level 5:colcon.colcon_core.verb:set package 'grap_description' build argument 'cmake_clean_cache' from command line to 'False'
[0.359s] Level 5:colcon.colcon_core.verb:set package 'grap_description' build argument 'cmake_clean_first' from command line to 'False'
[0.359s] Level 5:colcon.colcon_core.verb:set package 'grap_description' build argument 'cmake_force_configure' from command line to 'False'
[0.359s] Level 5:colcon.colcon_core.verb:set package 'grap_description' build argument 'ament_cmake_args' from command line to 'None'
[0.359s] Level 5:colcon.colcon_core.verb:set package 'grap_description' build argument 'catkin_cmake_args' from command line to 'None'
[0.359s] Level 5:colcon.colcon_core.verb:set package 'grap_description' build argument 'catkin_skip_building_tests' from command line to 'False'
[0.359s] DEBUG:colcon.colcon_core.verb:Building package 'grap_description' with the following arguments: {'ament_cmake_args': None, 'build_base': '/home/emkk/grap_ws/build/grap_description', 'catkin_cmake_args': None, 'catkin_skip_building_tests': False, 'cmake_args': None, 'cmake_clean_cache': False, 'cmake_clean_first': False, 'cmake_force_configure': False, 'cmake_target': None, 'cmake_target_skip_unavailable': False, 'install_base': '/home/emkk/grap_ws/install/grap_description', 'merge_install': False, 'path': '/home/emkk/grap_ws/src/grap_description', 'symlink_install': False, 'test_result_base': None}
[0.359s] Level 5:colcon.colcon_core.verb:set package 'grap_moveit' build argument 'cmake_args' from command line to 'None'
[0.359s] Level 5:colcon.colcon_core.verb:set package 'grap_moveit' build argument 'cmake_target' from command line to 'None'
[0.359s] Level 5:colcon.colcon_core.verb:set package 'grap_moveit' build argument 'cmake_target_skip_unavailable' from command line to 'False'
[0.359s] Level 5:colcon.colcon_core.verb:set package 'grap_moveit' build argument 'cmake_clean_cache' from command line to 'False'
[0.359s] Level 5:colcon.colcon_core.verb:set package 'grap_moveit' build argument 'cmake_clean_first' from command line to 'False'
[0.359s] Level 5:colcon.colcon_core.verb:set package 'grap_moveit' build argument 'cmake_force_configure' from command line to 'False'
[0.359s] Level 5:colcon.colcon_core.verb:set package 'grap_moveit' build argument 'ament_cmake_args' from command line to 'None'
[0.359s] Level 5:colcon.colcon_core.verb:set package 'grap_moveit' build argument 'catkin_cmake_args' from command line to 'None'
[0.359s] Level 5:colcon.colcon_core.verb:set package 'grap_moveit' build argument 'catkin_skip_building_tests' from command line to 'False'
[0.359s] DEBUG:colcon.colcon_core.verb:Building package 'grap_moveit' with the following arguments: {'ament_cmake_args': None, 'build_base': '/home/emkk/grap_ws/build/grap_moveit', 'catkin_cmake_args': None, 'catkin_skip_building_tests': False, 'cmake_args': None, 'cmake_clean_cache': False, 'cmake_clean_first': False, 'cmake_force_configure': False, 'cmake_target': None, 'cmake_target_skip_unavailable': False, 'install_base': '/home/emkk/grap_ws/install/grap_moveit', 'merge_install': False, 'path': '/home/emkk/grap_ws/src/grap_moveit', 'symlink_install': False, 'test_result_base': None}
[0.359s] INFO:colcon.colcon_core.executor:Executing jobs using 'parallel' executor
[0.360s] DEBUG:colcon.colcon_parallel_executor.executor.parallel:run_until_complete
[0.360s] INFO:colcon.colcon_ros.task.ament_cmake.build:Building ROS package in '/home/emkk/grap_ws/src/grap_bringup' with build type 'ament_cmake'
[0.361s] INFO:colcon.colcon_cmake.task.cmake.build:Building CMake package in '/home/emkk/grap_ws/src/grap_bringup'
[0.363s] INFO:colcon.colcon_core.plugin_system:Skipping extension 'colcon_core.shell.bat': Not used on non-Windows systems
[0.363s] INFO:colcon.colcon_core.shell:Skip shell extension 'powershell' for command environment: Not usable outside of PowerShell
[0.363s] DEBUG:colcon.colcon_core.shell:Skip shell extension 'dsv' for command environment
[0.366s] INFO:colcon.colcon_ros.task.ament_cmake.build:Building ROS package in '/home/emkk/grap_ws/src/grap_controller' with build type 'ament_cmake'
[0.367s] INFO:colcon.colcon_cmake.task.cmake.build:Building CMake package in '/home/emkk/grap_ws/src/grap_controller'
[0.367s] INFO:colcon.colcon_core.shell:Skip shell extension 'powershell' for command environment: Not usable outside of PowerShell
[0.367s] DEBUG:colcon.colcon_core.shell:Skip shell extension 'dsv' for command environment
[0.370s] INFO:colcon.colcon_ros.task.ament_cmake.build:Building ROS package in '/home/emkk/grap_ws/src/grap_description' with build type 'ament_cmake'
[0.370s] INFO:colcon.colcon_cmake.task.cmake.build:Building CMake package in '/home/emkk/grap_ws/src/grap_description'
[0.371s] INFO:colcon.colcon_core.shell:Skip shell extension 'powershell' for command environment: Not usable outside of PowerShell
[0.371s] DEBUG:colcon.colcon_core.shell:Skip shell extension 'dsv' for command environment
[0.375s] INFO:colcon.colcon_ros.task.ament_cmake.build:Building ROS package in '/home/emkk/grap_ws/src/grap_moveit' with build type 'ament_cmake'
[0.375s] INFO:colcon.colcon_cmake.task.cmake.build:Building CMake package in '/home/emkk/grap_ws/src/grap_moveit'
[0.376s] INFO:colcon.colcon_core.shell:Skip shell extension 'powershell' for command environment: Not usable outside of PowerShell
[0.376s] DEBUG:colcon.colcon_core.shell:Skip shell extension 'dsv' for command environment
[0.384s] DEBUG:colcon.colcon_core.event_handler.log_command:Invoking command in '/home/emkk/grap_ws/build/grap_bringup': CMAKE_PREFIX_PATH=${CMAKE_PREFIX_PATH}:/opt/ros/humble /usr/bin/cmake --build /home/emkk/grap_ws/build/grap_bringup -- -j16 -l16
[0.387s] DEBUG:colcon.colcon_core.event_handler.log_command:Invoking command in '/home/emkk/grap_ws/build/grap_controller': CMAKE_PREFIX_PATH=${CMAKE_PREFIX_PATH}:/opt/ros/humble /usr/bin/cmake --build /home/emkk/grap_ws/build/grap_controller -- -j16 -l16
[0.392s] DEBUG:colcon.colcon_core.event_handler.log_command:Invoking command in '/home/emkk/grap_ws/build/grap_description': CMAKE_PREFIX_PATH=${CMAKE_PREFIX_PATH}:/opt/ros/humble /usr/bin/cmake --build /home/emkk/grap_ws/build/grap_description -- -j16 -l16
[0.396s] DEBUG:colcon.colcon_core.event_handler.log_command:Invoking command in '/home/emkk/grap_ws/build/grap_moveit': CMAKE_PREFIX_PATH=${CMAKE_PREFIX_PATH}:/opt/ros/humble /usr/bin/cmake --build /home/emkk/grap_ws/build/grap_moveit -- -j16 -l16
[0.421s] DEBUG:colcon.colcon_core.event_handler.log_command:Invoked command in '/home/emkk/grap_ws/build/grap_bringup' returned '0': CMAKE_PREFIX_PATH=${CMAKE_PREFIX_PATH}:/opt/ros/humble /usr/bin/cmake --build /home/emkk/grap_ws/build/grap_bringup -- -j16 -l16
[0.431s] DEBUG:colcon.colcon_core.event_handler.log_command:Invoking command in '/home/emkk/grap_ws/build/grap_bringup': CMAKE_PREFIX_PATH=${CMAKE_PREFIX_PATH}:/opt/ros/humble /usr/bin/cmake --install /home/emkk/grap_ws/build/grap_bringup
[0.432s] DEBUG:colcon.colcon_core.event_handler.log_command:Invoked command in '/home/emkk/grap_ws/build/grap_moveit' returned '0': CMAKE_PREFIX_PATH=${CMAKE_PREFIX_PATH}:/opt/ros/humble /usr/bin/cmake --build /home/emkk/grap_ws/build/grap_moveit -- -j16 -l16
[0.434s] DEBUG:colcon.colcon_core.event_handler.log_command:Invoking command in '/home/emkk/grap_ws/build/grap_moveit': CMAKE_PREFIX_PATH=${CMAKE_PREFIX_PATH}:/opt/ros/humble /usr/bin/cmake --install /home/emkk/grap_ws/build/grap_moveit
[0.435s] DEBUG:colcon.colcon_core.event_handler.log_command:Invoked command in '/home/emkk/grap_ws/build/grap_description' returned '0': CMAKE_PREFIX_PATH=${CMAKE_PREFIX_PATH}:/opt/ros/humble /usr/bin/cmake --build /home/emkk/grap_ws/build/grap_description -- -j16 -l16
[0.437s] DEBUG:colcon.colcon_core.event_handler.log_command:Invoking command in '/home/emkk/grap_ws/build/grap_description': CMAKE_PREFIX_PATH=${CMAKE_PREFIX_PATH}:/opt/ros/humble /usr/bin/cmake --install /home/emkk/grap_ws/build/grap_description
[0.439s] Level 1:colcon.colcon_core.environment:create_environment_scripts_only(grap_bringup)
[0.440s] DEBUG:colcon.colcon_core.event_handler.log_command:Invoked command in '/home/emkk/grap_ws/build/grap_bringup' returned '0': CMAKE_PREFIX_PATH=${CMAKE_PREFIX_PATH}:/opt/ros/humble /usr/bin/cmake --install /home/emkk/grap_ws/build/grap_bringup
[0.442s] Level 1:colcon.colcon_core.environment:checking '/home/emkk/grap_ws/install/grap_bringup' for CMake module files
[0.443s] Level 1:colcon.colcon_core.environment:checking '/home/emkk/grap_ws/install/grap_bringup' for CMake config files
[0.448s] Level 1:colcon.colcon_core.shell:create_environment_hook('grap_bringup', 'cmake_prefix_path')
[0.448s] INFO:colcon.colcon_core.shell:Creating environment hook '/home/emkk/grap_ws/install/grap_bringup/share/grap_bringup/hook/cmake_prefix_path.ps1'
[0.448s] INFO:colcon.colcon_core.shell:Creating environment descriptor '/home/emkk/grap_ws/install/grap_bringup/share/grap_bringup/hook/cmake_prefix_path.dsv'
[0.449s] INFO:colcon.colcon_core.shell:Creating environment hook '/home/emkk/grap_ws/install/grap_bringup/share/grap_bringup/hook/cmake_prefix_path.sh'
[0.449s] Level 1:colcon.colcon_core.environment:checking '/home/emkk/grap_ws/install/grap_bringup/bin'
[0.449s] Level 1:colcon.colcon_core.environment:checking '/home/emkk/grap_ws/install/grap_bringup/lib/pkgconfig/grap_bringup.pc'
[0.450s] Level 1:colcon.colcon_core.environment:checking '/home/emkk/grap_ws/install/grap_bringup/lib/python3.10/site-packages'
[0.450s] Level 1:colcon.colcon_core.environment:checking '/home/emkk/grap_ws/install/grap_bringup/bin'
[0.450s] INFO:colcon.colcon_core.shell:Creating package script '/home/emkk/grap_ws/install/grap_bringup/share/grap_bringup/package.ps1'
[0.451s] INFO:colcon.colcon_core.shell:Creating package descriptor '/home/emkk/grap_ws/install/grap_bringup/share/grap_bringup/package.dsv'
[0.451s] INFO:colcon.colcon_core.shell:Creating package script '/home/emkk/grap_ws/install/grap_bringup/share/grap_bringup/package.sh'
[0.452s] INFO:colcon.colcon_core.shell:Creating package script '/home/emkk/grap_ws/install/grap_bringup/share/grap_bringup/package.bash'
[0.452s] INFO:colcon.colcon_core.shell:Creating package script '/home/emkk/grap_ws/install/grap_bringup/share/grap_bringup/package.zsh'
[0.453s] Level 1:colcon.colcon_core.environment:create_file_with_runtime_dependencies(/home/emkk/grap_ws/install/grap_bringup/share/colcon-core/packages/grap_bringup)
[0.453s] Level 1:colcon.colcon_core.environment:create_environment_scripts_only(grap_bringup)
[0.454s] Level 1:colcon.colcon_core.environment:checking '/home/emkk/grap_ws/install/grap_bringup' for CMake module files
[0.454s] Level 1:colcon.colcon_core.environment:checking '/home/emkk/grap_ws/install/grap_bringup' for CMake config files
[0.454s] Level 1:colcon.colcon_core.shell:create_environment_hook('grap_bringup', 'cmake_prefix_path')
[0.454s] INFO:colcon.colcon_core.shell:Creating environment hook '/home/emkk/grap_ws/install/grap_bringup/share/grap_bringup/hook/cmake_prefix_path.ps1'
[0.455s] INFO:colcon.colcon_core.shell:Creating environment descriptor '/home/emkk/grap_ws/install/grap_bringup/share/grap_bringup/hook/cmake_prefix_path.dsv'
[0.455s] INFO:colcon.colcon_core.shell:Creating environment hook '/home/emkk/grap_ws/install/grap_bringup/share/grap_bringup/hook/cmake_prefix_path.sh'
[0.456s] Level 1:colcon.colcon_core.environment:checking '/home/emkk/grap_ws/install/grap_bringup/bin'
[0.456s] Level 1:colcon.colcon_core.environment:checking '/home/emkk/grap_ws/install/grap_bringup/lib/pkgconfig/grap_bringup.pc'
[0.456s] Level 1:colcon.colcon_core.environment:checking '/home/emkk/grap_ws/install/grap_bringup/lib/python3.10/site-packages'
[0.456s] Level 1:colcon.colcon_core.environment:checking '/home/emkk/grap_ws/install/grap_bringup/bin'
[0.456s] INFO:colcon.colcon_core.shell:Creating package script '/home/emkk/grap_ws/install/grap_bringup/share/grap_bringup/package.ps1'
[0.457s] INFO:colcon.colcon_core.shell:Creating package descriptor '/home/emkk/grap_ws/install/grap_bringup/share/grap_bringup/package.dsv'
[0.457s] INFO:colcon.colcon_core.shell:Creating package script '/home/emkk/grap_ws/install/grap_bringup/share/grap_bringup/package.sh'
[0.458s] INFO:colcon.colcon_core.shell:Creating package script '/home/emkk/grap_ws/install/grap_bringup/share/grap_bringup/package.bash'
[0.458s] INFO:colcon.colcon_core.shell:Creating package script '/home/emkk/grap_ws/install/grap_bringup/share/grap_bringup/package.zsh'
[0.458s] Level 1:colcon.colcon_core.environment:create_file_with_runtime_dependencies(/home/emkk/grap_ws/install/grap_bringup/share/colcon-core/packages/grap_bringup)
[0.459s] Level 1:colcon.colcon_core.environment:create_environment_scripts_only(grap_description)
[0.460s] Level 1:colcon.colcon_core.environment:checking '/home/emkk/grap_ws/install/grap_description' for CMake module files
[0.460s] DEBUG:colcon.colcon_core.event_handler.log_command:Invoked command in '/home/emkk/grap_ws/build/grap_description' returned '0': CMAKE_PREFIX_PATH=${CMAKE_PREFIX_PATH}:/opt/ros/humble /usr/bin/cmake --install /home/emkk/grap_ws/build/grap_description
[0.461s] Level 1:colcon.colcon_core.environment:checking '/home/emkk/grap_ws/install/grap_description' for CMake config files
[0.461s] Level 1:colcon.colcon_core.shell:create_environment_hook('grap_description', 'cmake_prefix_path')
[0.461s] INFO:colcon.colcon_core.shell:Creating environment hook '/home/emkk/grap_ws/install/grap_description/share/grap_description/hook/cmake_prefix_path.ps1'
[0.462s] INFO:colcon.colcon_core.shell:Creating environment descriptor '/home/emkk/grap_ws/install/grap_description/share/grap_description/hook/cmake_prefix_path.dsv'
[0.462s] INFO:colcon.colcon_core.shell:Creating environment hook '/home/emkk/grap_ws/install/grap_description/share/grap_description/hook/cmake_prefix_path.sh'
[0.462s] Level 1:colcon.colcon_core.environment:checking '/home/emkk/grap_ws/install/grap_description/bin'
[0.462s] Level 1:colcon.colcon_core.environment:checking '/home/emkk/grap_ws/install/grap_description/lib/pkgconfig/grap_description.pc'
[0.463s] Level 1:colcon.colcon_core.environment:checking '/home/emkk/grap_ws/install/grap_description/lib/python3.10/site-packages'
[0.463s] Level 1:colcon.colcon_core.environment:checking '/home/emkk/grap_ws/install/grap_description/bin'
[0.463s] INFO:colcon.colcon_core.shell:Creating package script '/home/emkk/grap_ws/install/grap_description/share/grap_description/package.ps1'
[0.463s] INFO:colcon.colcon_core.shell:Creating package descriptor '/home/emkk/grap_ws/install/grap_description/share/grap_description/package.dsv'
[0.464s] INFO:colcon.colcon_core.shell:Creating package script '/home/emkk/grap_ws/install/grap_description/share/grap_description/package.sh'
[0.464s] INFO:colcon.colcon_core.shell:Creating package script '/home/emkk/grap_ws/install/grap_description/share/grap_description/package.bash'
[0.464s] INFO:colcon.colcon_core.shell:Creating package script '/home/emkk/grap_ws/install/grap_description/share/grap_description/package.zsh'
[0.465s] Level 1:colcon.colcon_core.environment:create_file_with_runtime_dependencies(/home/emkk/grap_ws/install/grap_description/share/colcon-core/packages/grap_description)
[0.465s] Level 1:colcon.colcon_core.environment:create_environment_scripts_only(grap_description)
[0.465s] Level 1:colcon.colcon_core.environment:checking '/home/emkk/grap_ws/install/grap_description' for CMake module files
[0.466s] Level 1:colcon.colcon_core.environment:checking '/home/emkk/grap_ws/install/grap_description' for CMake config files
[0.466s] Level 1:colcon.colcon_core.shell:create_environment_hook('grap_description', 'cmake_prefix_path')
[0.466s] INFO:colcon.colcon_core.shell:Creating environment hook '/home/emkk/grap_ws/install/grap_description/share/grap_description/hook/cmake_prefix_path.ps1'
[0.466s] INFO:colcon.colcon_core.shell:Creating environment descriptor '/home/emkk/grap_ws/install/grap_description/share/grap_description/hook/cmake_prefix_path.dsv'
[0.466s] INFO:colcon.colcon_core.shell:Creating environment hook '/home/emkk/grap_ws/install/grap_description/share/grap_description/hook/cmake_prefix_path.sh'
[0.467s] Level 1:colcon.colcon_core.environment:checking '/home/emkk/grap_ws/install/grap_description/bin'
[0.467s] Level 1:colcon.colcon_core.environment:checking '/home/emkk/grap_ws/install/grap_description/lib/pkgconfig/grap_description.pc'
[0.467s] Level 1:colcon.colcon_core.environment:checking '/home/emkk/grap_ws/install/grap_description/lib/python3.10/site-packages'
[0.467s] Level 1:colcon.colcon_core.environment:checking '/home/emkk/grap_ws/install/grap_description/bin'
[0.468s] INFO:colcon.colcon_core.shell:Creating package script '/home/emkk/grap_ws/install/grap_description/share/grap_description/package.ps1'
[0.468s] INFO:colcon.colcon_core.shell:Creating package descriptor '/home/emkk/grap_ws/install/grap_description/share/grap_description/package.dsv'
[0.468s] INFO:colcon.colcon_core.shell:Creating package script '/home/emkk/grap_ws/install/grap_description/share/grap_description/package.sh'
[0.469s] INFO:colcon.colcon_core.shell:Creating package script '/home/emkk/grap_ws/install/grap_description/share/grap_description/package.bash'
[0.469s] INFO:colcon.colcon_core.shell:Creating package script '/home/emkk/grap_ws/install/grap_description/share/grap_description/package.zsh'
[0.469s] Level 1:colcon.colcon_core.environment:create_file_with_runtime_dependencies(/home/emkk/grap_ws/install/grap_description/share/colcon-core/packages/grap_description)
[0.470s] Level 1:colcon.colcon_core.environment:create_environment_scripts_only(grap_moveit)
[0.470s] Level 1:colcon.colcon_core.environment:checking '/home/emkk/grap_ws/install/grap_moveit' for CMake module files
[0.471s] Level 1:colcon.colcon_core.environment:checking '/home/emkk/grap_ws/install/grap_moveit' for CMake config files
[0.471s] DEBUG:colcon.colcon_core.event_handler.log_command:Invoked command in '/home/emkk/grap_ws/build/grap_moveit' returned '0': CMAKE_PREFIX_PATH=${CMAKE_PREFIX_PATH}:/opt/ros/humble /usr/bin/cmake --install /home/emkk/grap_ws/build/grap_moveit
[0.471s] Level 1:colcon.colcon_core.shell:create_environment_hook('grap_moveit', 'cmake_prefix_path')
[0.472s] INFO:colcon.colcon_core.shell:Creating environment hook '/home/emkk/grap_ws/install/grap_moveit/share/grap_moveit/hook/cmake_prefix_path.ps1'
[0.472s] INFO:colcon.colcon_core.shell:Creating environment descriptor '/home/emkk/grap_ws/install/grap_moveit/share/grap_moveit/hook/cmake_prefix_path.dsv'
[0.472s] INFO:colcon.colcon_core.shell:Creating environment hook '/home/emkk/grap_ws/install/grap_moveit/share/grap_moveit/hook/cmake_prefix_path.sh'
[0.473s] Level 1:colcon.colcon_core.environment:checking '/home/emkk/grap_ws/install/grap_moveit/bin'
[0.473s] Level 1:colcon.colcon_core.environment:checking '/home/emkk/grap_ws/install/grap_moveit/lib/pkgconfig/grap_moveit.pc'
[0.473s] Level 1:colcon.colcon_core.environment:checking '/home/emkk/grap_ws/install/grap_moveit/lib/python3.10/site-packages'
[0.473s] Level 1:colcon.colcon_core.environment:checking '/home/emkk/grap_ws/install/grap_moveit/bin'
[0.473s] INFO:colcon.colcon_core.shell:Creating package script '/home/emkk/grap_ws/install/grap_moveit/share/grap_moveit/package.ps1'
[0.474s] INFO:colcon.colcon_core.shell:Creating package descriptor '/home/emkk/grap_ws/install/grap_moveit/share/grap_moveit/package.dsv'
[0.474s] INFO:colcon.colcon_core.shell:Creating package script '/home/emkk/grap_ws/install/grap_moveit/share/grap_moveit/package.sh'
[0.474s] INFO:colcon.colcon_core.shell:Creating package script '/home/emkk/grap_ws/install/grap_moveit/share/grap_moveit/package.bash'
[0.474s] INFO:colcon.colcon_core.shell:Creating package script '/home/emkk/grap_ws/install/grap_moveit/share/grap_moveit/package.zsh'
[0.475s] Level 1:colcon.colcon_core.environment:create_file_with_runtime_dependencies(/home/emkk/grap_ws/install/grap_moveit/share/colcon-core/packages/grap_moveit)
[0.475s] Level 1:colcon.colcon_core.environment:create_environment_scripts_only(grap_moveit)
[0.475s] Level 1:colcon.colcon_core.environment:checking '/home/emkk/grap_ws/install/grap_moveit' for CMake module files
[0.476s] Level 1:colcon.colcon_core.environment:checking '/home/emkk/grap_ws/install/grap_moveit' for CMake config files
[0.476s] Level 1:colcon.colcon_core.shell:create_environment_hook('grap_moveit', 'cmake_prefix_path')
[0.476s] INFO:colcon.colcon_core.shell:Creating environment hook '/home/emkk/grap_ws/install/grap_moveit/share/grap_moveit/hook/cmake_prefix_path.ps1'
[0.476s] INFO:colcon.colcon_core.shell:Creating environment descriptor '/home/emkk/grap_ws/install/grap_moveit/share/grap_moveit/hook/cmake_prefix_path.dsv'
[0.477s] INFO:colcon.colcon_core.shell:Creating environment hook '/home/emkk/grap_ws/install/grap_moveit/share/grap_moveit/hook/cmake_prefix_path.sh'
[0.477s] Level 1:colcon.colcon_core.environment:checking '/home/emkk/grap_ws/install/grap_moveit/bin'
[0.477s] Level 1:colcon.colcon_core.environment:checking '/home/emkk/grap_ws/install/grap_moveit/lib/pkgconfig/grap_moveit.pc'
[0.477s] Level 1:colcon.colcon_core.environment:checking '/home/emkk/grap_ws/install/grap_moveit/lib/python3.10/site-packages'
[0.477s] Level 1:colcon.colcon_core.environment:checking '/home/emkk/grap_ws/install/grap_moveit/bin'
[0.478s] INFO:colcon.colcon_core.shell:Creating package script '/home/emkk/grap_ws/install/grap_moveit/share/grap_moveit/package.ps1'
[0.478s] INFO:colcon.colcon_core.shell:Creating package descriptor '/home/emkk/grap_ws/install/grap_moveit/share/grap_moveit/package.dsv'
[0.478s] INFO:colcon.colcon_core.shell:Creating package script '/home/emkk/grap_ws/install/grap_moveit/share/grap_moveit/package.sh'
[0.479s] INFO:colcon.colcon_core.shell:Creating package script '/home/emkk/grap_ws/install/grap_moveit/share/grap_moveit/package.bash'
[0.479s] INFO:colcon.colcon_core.shell:Creating package script '/home/emkk/grap_ws/install/grap_moveit/share/grap_moveit/package.zsh'
[0.479s] Level 1:colcon.colcon_core.environment:create_file_with_runtime_dependencies(/home/emkk/grap_ws/install/grap_moveit/share/colcon-core/packages/grap_moveit)
[3.417s] DEBUG:colcon.colcon_core.event_handler.log_command:Invoked command in '/home/emkk/grap_ws/build/grap_controller' returned '0': CMAKE_PREFIX_PATH=${CMAKE_PREFIX_PATH}:/opt/ros/humble /usr/bin/cmake --build /home/emkk/grap_ws/build/grap_controller -- -j16 -l16
[3.419s] DEBUG:colcon.colcon_core.event_handler.log_command:Invoking command in '/home/emkk/grap_ws/build/grap_controller': CMAKE_PREFIX_PATH=${CMAKE_PREFIX_PATH}:/opt/ros/humble /usr/bin/cmake --install /home/emkk/grap_ws/build/grap_controller
[3.433s] Level 1:colcon.colcon_core.environment:create_environment_scripts_only(grap_controller)
[3.434s] Level 1:colcon.colcon_core.environment:checking '/home/emkk/grap_ws/install/grap_controller' for CMake module files
[3.435s] DEBUG:colcon.colcon_core.event_handler.log_command:Invoked command in '/home/emkk/grap_ws/build/grap_controller' returned '0': CMAKE_PREFIX_PATH=${CMAKE_PREFIX_PATH}:/opt/ros/humble /usr/bin/cmake --install /home/emkk/grap_ws/build/grap_controller
[3.436s] Level 1:colcon.colcon_core.environment:checking '/home/emkk/grap_ws/install/grap_controller' for CMake config files
[3.436s] Level 1:colcon.colcon_core.shell:create_environment_hook('grap_controller', 'cmake_prefix_path')
[3.437s] INFO:colcon.colcon_core.shell:Creating environment hook '/home/emkk/grap_ws/install/grap_controller/share/grap_controller/hook/cmake_prefix_path.ps1'
[3.438s] INFO:colcon.colcon_core.shell:Creating environment descriptor '/home/emkk/grap_ws/install/grap_controller/share/grap_controller/hook/cmake_prefix_path.dsv'
[3.438s] INFO:colcon.colcon_core.shell:Creating environment hook '/home/emkk/grap_ws/install/grap_controller/share/grap_controller/hook/cmake_prefix_path.sh'
[3.440s] Level 1:colcon.colcon_core.environment:checking '/home/emkk/grap_ws/install/grap_controller/lib'
[3.440s] Level 1:colcon.colcon_core.shell:create_environment_hook('grap_controller', 'ld_library_path_lib')
[3.440s] INFO:colcon.colcon_core.shell:Creating environment hook '/home/emkk/grap_ws/install/grap_controller/share/grap_controller/hook/ld_library_path_lib.ps1'
[3.441s] INFO:colcon.colcon_core.shell:Creating environment descriptor '/home/emkk/grap_ws/install/grap_controller/share/grap_controller/hook/ld_library_path_lib.dsv'
[3.442s] INFO:colcon.colcon_core.shell:Creating environment hook '/home/emkk/grap_ws/install/grap_controller/share/grap_controller/hook/ld_library_path_lib.sh'
[3.443s] Level 1:colcon.colcon_core.environment:checking '/home/emkk/grap_ws/install/grap_controller/bin'
[3.443s] Level 1:colcon.colcon_core.environment:checking '/home/emkk/grap_ws/install/grap_controller/lib/pkgconfig/grap_controller.pc'
[3.443s] Level 1:colcon.colcon_core.environment:checking '/home/emkk/grap_ws/install/grap_controller/lib/python3.10/site-packages'
[3.444s] Level 1:colcon.colcon_core.environment:checking '/home/emkk/grap_ws/install/grap_controller/bin'
[3.445s] INFO:colcon.colcon_core.shell:Creating package script '/home/emkk/grap_ws/install/grap_controller/share/grap_controller/package.ps1'
[3.446s] INFO:colcon.colcon_core.shell:Creating package descriptor '/home/emkk/grap_ws/install/grap_controller/share/grap_controller/package.dsv'
[3.447s] INFO:colcon.colcon_core.shell:Creating package script '/home/emkk/grap_ws/install/grap_controller/share/grap_controller/package.sh'
[3.447s] INFO:colcon.colcon_core.shell:Creating package script '/home/emkk/grap_ws/install/grap_controller/share/grap_controller/package.bash'
[3.448s] INFO:colcon.colcon_core.shell:Creating package script '/home/emkk/grap_ws/install/grap_controller/share/grap_controller/package.zsh'
[3.449s] Level 1:colcon.colcon_core.environment:create_file_with_runtime_dependencies(/home/emkk/grap_ws/install/grap_controller/share/colcon-core/packages/grap_controller)
[3.450s] Level 1:colcon.colcon_core.environment:create_environment_scripts_only(grap_controller)
[3.451s] Level 1:colcon.colcon_core.environment:checking '/home/emkk/grap_ws/install/grap_controller' for CMake module files
[3.452s] Level 1:colcon.colcon_core.environment:checking '/home/emkk/grap_ws/install/grap_controller' for CMake config files
[3.452s] Level 1:colcon.colcon_core.shell:create_environment_hook('grap_controller', 'cmake_prefix_path')
[3.453s] INFO:colcon.colcon_core.shell:Creating environment hook '/home/emkk/grap_ws/install/grap_controller/share/grap_controller/hook/cmake_prefix_path.ps1'
[3.453s] INFO:colcon.colcon_core.shell:Creating environment descriptor '/home/emkk/grap_ws/install/grap_controller/share/grap_controller/hook/cmake_prefix_path.dsv'
[3.455s] INFO:colcon.colcon_core.shell:Creating environment hook '/home/emkk/grap_ws/install/grap_controller/share/grap_controller/hook/cmake_prefix_path.sh'
[3.456s] Level 1:colcon.colcon_core.environment:checking '/home/emkk/grap_ws/install/grap_controller/lib'
[3.456s] Level 1:colcon.colcon_core.shell:create_environment_hook('grap_controller', 'ld_library_path_lib')
[3.457s] INFO:colcon.colcon_core.shell:Creating environment hook '/home/emkk/grap_ws/install/grap_controller/share/grap_controller/hook/ld_library_path_lib.ps1'
[3.457s] INFO:colcon.colcon_core.shell:Creating environment descriptor '/home/emkk/grap_ws/install/grap_controller/share/grap_controller/hook/ld_library_path_lib.dsv'
[3.458s] INFO:colcon.colcon_core.shell:Creating environment hook '/home/emkk/grap_ws/install/grap_controller/share/grap_controller/hook/ld_library_path_lib.sh'
[3.459s] Level 1:colcon.colcon_core.environment:checking '/home/emkk/grap_ws/install/grap_controller/bin'
[3.459s] Level 1:colcon.colcon_core.environment:checking '/home/emkk/grap_ws/install/grap_controller/lib/pkgconfig/grap_controller.pc'
[3.460s] Level 1:colcon.colcon_core.environment:checking '/home/emkk/grap_ws/install/grap_controller/lib/python3.10/site-packages'
[3.460s] Level 1:colcon.colcon_core.environment:checking '/home/emkk/grap_ws/install/grap_controller/bin'
[3.461s] INFO:colcon.colcon_core.shell:Creating package script '/home/emkk/grap_ws/install/grap_controller/share/grap_controller/package.ps1'
[3.462s] INFO:colcon.colcon_core.shell:Creating package descriptor '/home/emkk/grap_ws/install/grap_controller/share/grap_controller/package.dsv'
[3.463s] INFO:colcon.colcon_core.shell:Creating package script '/home/emkk/grap_ws/install/grap_controller/share/grap_controller/package.sh'
[3.464s] INFO:colcon.colcon_core.shell:Creating package script '/home/emkk/grap_ws/install/grap_controller/share/grap_controller/package.bash'
[3.465s] INFO:colcon.colcon_core.shell:Creating package script '/home/emkk/grap_ws/install/grap_controller/share/grap_controller/package.zsh'
[3.466s] Level 1:colcon.colcon_core.environment:create_file_with_runtime_dependencies(/home/emkk/grap_ws/install/grap_controller/share/colcon-core/packages/grap_controller)
[3.466s] DEBUG:colcon.colcon_parallel_executor.executor.parallel:closing loop
[3.467s] DEBUG:colcon.colcon_parallel_executor.executor.parallel:loop closed
[3.468s] DEBUG:colcon.colcon_parallel_executor.executor.parallel:run_until_complete finished with '0'
[3.468s] DEBUG:colcon.colcon_core.event_reactor:joining thread
[3.478s] INFO:colcon.colcon_core.plugin_system:Skipping extension 'colcon_notification.desktop_notification.terminal_notifier': Not used on non-Darwin systems
[3.478s] INFO:colcon.colcon_core.plugin_system:Skipping extension 'colcon_notification.desktop_notification.win32': Not used on non-Windows systems
[3.479s] INFO:colcon.colcon_notification.desktop_notification:Sending desktop notification using 'notify2'
[3.499s] DEBUG:colcon.colcon_core.event_reactor:joined thread
[3.500s] INFO:colcon.colcon_core.shell:Creating prefix script '/home/emkk/grap_ws/install/local_setup.ps1'
[3.501s] INFO:colcon.colcon_core.shell:Creating prefix util module '/home/emkk/grap_ws/install/_local_setup_util_ps1.py'
[3.504s] INFO:colcon.colcon_core.shell:Creating prefix chain script '/home/emkk/grap_ws/install/setup.ps1'
[3.506s] INFO:colcon.colcon_core.shell:Creating prefix script '/home/emkk/grap_ws/install/local_setup.sh'
[3.507s] INFO:colcon.colcon_core.shell:Creating prefix util module '/home/emkk/grap_ws/install/_local_setup_util_sh.py'
[3.508s] INFO:colcon.colcon_core.shell:Creating prefix chain script '/home/emkk/grap_ws/install/setup.sh'
[3.510s] INFO:colcon.colcon_core.shell:Creating prefix script '/home/emkk/grap_ws/install/local_setup.bash'
[3.510s] INFO:colcon.colcon_core.shell:Creating prefix chain script '/home/emkk/grap_ws/install/setup.bash'
[3.512s] INFO:colcon.colcon_core.shell:Creating prefix script '/home/emkk/grap_ws/install/local_setup.zsh'
[3.513s] INFO:colcon.colcon_core.shell:Creating prefix chain script '/home/emkk/grap_ws/install/setup.zsh'
