[0.018s] Invoking command in '/home/emkk/grap_ws/build/grap_moveit': CMAKE_PREFIX_PATH=${CMAKE_PREFIX_PATH}:/opt/ros/humble /usr/bin/cmake /home/emkk/grap_ws/src/grap_moveit -DCMAKE_INSTALL_PREFIX=/home/emkk/grap_ws/install/grap_moveit
[0.083s] -- The C compiler identification is GNU 11.4.0
[0.144s] -- The CXX compiler identification is GNU 11.4.0
[0.152s] -- Detecting C compiler ABI info
[0.235s] -- Detecting C compiler ABI info - done
[0.242s] -- Check for working C compiler: /usr/bin/cc - skipped
[0.242s] -- Detecting C compile features
[0.243s] -- Detecting C compile features - done
[0.246s] -- Detecting CXX compiler ABI info
[0.331s] -- Detecting CXX compiler ABI info - done
[0.338s] -- Check for working CXX compiler: /usr/bin/c++ - skipped
[0.338s] -- Detecting CXX compile features
[0.339s] -- Detecting CXX compile features - done
[0.341s] -- Found ament_cmake: 1.3.11 (/opt/ros/humble/share/ament_cmake/cmake)
[0.505s] -- Found Python3: /usr/bin/python3 (found version "3.10.12") found components: Interpreter 
[0.608s] -- Found ament_lint_auto: 0.12.11 (/opt/ros/humble/share/ament_lint_auto/cmake)
[0.702s] -- Added test 'flake8' to check Python code syntax and style conventions
[0.702s] -- Added test 'lint_cmake' to check CMake code style
[0.703s] -- Added test 'pep257' to check Python code against some of the docstring style conventions in PEP 257
[0.704s] -- Added test 'xmllint' to check XML markup files
[0.705s] -- Configuring done
[0.708s] -- Generating done
[0.710s] -- Build files have been written to: /home/emkk/grap_ws/build/grap_moveit
[0.716s] Invoked command in '/home/emkk/grap_ws/build/grap_moveit' returned '0': CMAKE_PREFIX_PATH=${CMAKE_PREFIX_PATH}:/opt/ros/humble /usr/bin/cmake /home/emkk/grap_ws/src/grap_moveit -DCMAKE_INSTALL_PREFIX=/home/emkk/grap_ws/install/grap_moveit
[0.718s] Invoking command in '/home/emkk/grap_ws/build/grap_moveit': CMAKE_PREFIX_PATH=${CMAKE_PREFIX_PATH}:/opt/ros/humble /usr/bin/cmake --build /home/emkk/grap_ws/build/grap_moveit -- -j16 -l16
[0.765s] Invoked command in '/home/emkk/grap_ws/build/grap_moveit' returned '0': CMAKE_PREFIX_PATH=${CMAKE_PREFIX_PATH}:/opt/ros/humble /usr/bin/cmake --build /home/emkk/grap_ws/build/grap_moveit -- -j16 -l16
[0.767s] Invoking command in '/home/emkk/grap_ws/build/grap_moveit': CMAKE_PREFIX_PATH=${CMAKE_PREFIX_PATH}:/opt/ros/humble /usr/bin/cmake --install /home/emkk/grap_ws/build/grap_moveit
[0.774s] -- Install configuration: ""
[0.774s] -- Installing: /home/emkk/grap_ws/install/grap_moveit/share/grap_moveit/launch
[0.774s] -- Installing: /home/emkk/grap_ws/install/grap_moveit/share/grap_moveit/launch/moveit.launch.py
[0.774s] -- Installing: /home/emkk/grap_ws/install/grap_moveit/share/grap_moveit/config
[0.774s] -- Installing: /home/emkk/grap_ws/install/grap_moveit/share/grap_moveit/config/grap.srdf
[0.774s] -- Installing: /home/emkk/grap_ws/install/grap_moveit/share/grap_moveit/config/moveit_controllers.yaml
[0.774s] -- Installing: /home/emkk/grap_ws/install/grap_moveit/share/grap_moveit/config/joint_limits.yaml
[0.774s] -- Installing: /home/emkk/grap_ws/install/grap_moveit/share/grap_moveit/config/pilz_cartesian_limits.yaml
[0.774s] -- Installing: /home/emkk/grap_ws/install/grap_moveit/share/grap_moveit/config/initial_positions.yaml
[0.774s] -- Installing: /home/emkk/grap_ws/install/grap_moveit/share/grap_moveit/config/kinematics.yaml
[0.775s] -- Installing: /home/emkk/grap_ws/install/grap_moveit/share/ament_index/resource_index/package_run_dependencies/grap_moveit
[0.775s] -- Installing: /home/emkk/grap_ws/install/grap_moveit/share/ament_index/resource_index/parent_prefix_path/grap_moveit
[0.775s] -- Installing: /home/emkk/grap_ws/install/grap_moveit/share/grap_moveit/environment/ament_prefix_path.sh
[0.775s] -- Installing: /home/emkk/grap_ws/install/grap_moveit/share/grap_moveit/environment/ament_prefix_path.dsv
[0.775s] -- Installing: /home/emkk/grap_ws/install/grap_moveit/share/grap_moveit/environment/path.sh
[0.775s] -- Installing: /home/emkk/grap_ws/install/grap_moveit/share/grap_moveit/environment/path.dsv
[0.776s] -- Installing: /home/emkk/grap_ws/install/grap_moveit/share/grap_moveit/local_setup.bash
[0.776s] -- Installing: /home/emkk/grap_ws/install/grap_moveit/share/grap_moveit/local_setup.sh
[0.777s] -- Installing: /home/emkk/grap_ws/install/grap_moveit/share/grap_moveit/local_setup.zsh
[0.777s] -- Installing: /home/emkk/grap_ws/install/grap_moveit/share/grap_moveit/local_setup.dsv
[0.777s] -- Installing: /home/emkk/grap_ws/install/grap_moveit/share/grap_moveit/package.dsv
[0.777s] -- Installing: /home/emkk/grap_ws/install/grap_moveit/share/ament_index/resource_index/packages/grap_moveit
[0.777s] -- Installing: /home/emkk/grap_ws/install/grap_moveit/share/grap_moveit/cmake/grap_moveitConfig.cmake
[0.777s] -- Installing: /home/emkk/grap_ws/install/grap_moveit/share/grap_moveit/cmake/grap_moveitConfig-version.cmake
[0.777s] -- Installing: /home/emkk/grap_ws/install/grap_moveit/share/grap_moveit/package.xml
[0.782s] Invoked command in '/home/emkk/grap_ws/build/grap_moveit' returned '0': CMAKE_PREFIX_PATH=${CMAKE_PREFIX_PATH}:/opt/ros/humble /usr/bin/cmake --install /home/emkk/grap_ws/build/grap_moveit
