[0.098s] DEBUG:colcon:Command line arguments: ['/usr/bin/colcon', 'build']
[0.098s] DEBUG:colcon:Parsed command line arguments: Namespace(log_base=None, log_level=None, verb_name='build', build_base='build', install_base='install', merge_install=False, symlink_install=False, test_result_base=None, continue_on_error=False, executor='parallel', parallel_workers=16, event_handlers=None, ignore_user_meta=False, metas=['./colcon.meta'], base_paths=['.'], packages_ignore=None, packages_ignore_regex=None, paths=None, packages_up_to=None, packages_up_to_regex=None, packages_above=None, packages_above_and_dependencies=None, packages_above_depth=None, packages_select_by_dep=None, packages_skip_by_dep=None, packages_skip_up_to=None, packages_select_build_failed=False, packages_skip_build_finished=False, packages_select_test_failures=False, packages_skip_test_passed=False, packages_select=None, packages_skip=None, packages_select_regex=None, packages_skip_regex=None, packages_start=None, packages_end=None, allow_overriding=[], cmake_args=None, cmake_target=None, cmake_target_skip_unavailable=False, cmake_clean_cache=False, cmake_clean_first=False, cmake_force_configure=False, ament_cmake_args=None, catkin_cmake_args=None, catkin_skip_building_tests=False, mixin_files=None, mixin=None, verb_parser=<colcon_mixin.mixin.mixin_argument.MixinArgumentDecorator object at 0x7f0e39c66b60>, verb_extension=<colcon_core.verb.build.BuildVerb object at 0x7f0e39c203a0>, main=<bound method BuildVerb.main of <colcon_core.verb.build.BuildVerb object at 0x7f0e39c203a0>>, mixin_verb=('build',))
[0.261s] Level 1:colcon.colcon_core.package_discovery:discover_packages(colcon_meta) check parameters
[0.261s] Level 1:colcon.colcon_core.package_discovery:discover_packages(recursive) check parameters
[0.261s] Level 1:colcon.colcon_core.package_discovery:discover_packages(ignore) check parameters
[0.261s] Level 1:colcon.colcon_core.package_discovery:discover_packages(path) check parameters
[0.261s] Level 1:colcon.colcon_core.package_discovery:discover_packages(colcon_meta) discover
[0.261s] Level 1:colcon.colcon_core.package_discovery:discover_packages(recursive) discover
[0.261s] INFO:colcon.colcon_core.package_discovery:Crawling recursively for packages in '/home/emkk/grap_ws'
[0.261s] Level 1:colcon.colcon_core.package_identification:_identify(.) by extensions ['ignore', 'ignore_ament_install']
[0.261s] Level 1:colcon.colcon_core.package_identification:_identify(.) by extension 'ignore'
[0.261s] Level 1:colcon.colcon_core.package_identification:_identify(.) by extension 'ignore_ament_install'
[0.261s] Level 1:colcon.colcon_core.package_identification:_identify(.) by extensions ['colcon_pkg']
[0.261s] Level 1:colcon.colcon_core.package_identification:_identify(.) by extension 'colcon_pkg'
[0.261s] Level 1:colcon.colcon_core.package_identification:_identify(.) by extensions ['colcon_meta']
[0.261s] Level 1:colcon.colcon_core.package_identification:_identify(.) by extension 'colcon_meta'
[0.261s] Level 1:colcon.colcon_core.package_identification:_identify(.) by extensions ['ros']
[0.261s] Level 1:colcon.colcon_core.package_identification:_identify(.) by extension 'ros'
[0.281s] Level 1:colcon.colcon_core.package_identification:_identify(.) by extensions ['cmake', 'python']
[0.281s] Level 1:colcon.colcon_core.package_identification:_identify(.) by extension 'cmake'
[0.281s] Level 1:colcon.colcon_core.package_identification:_identify(.) by extension 'python'
[0.281s] Level 1:colcon.colcon_core.package_identification:_identify(.) by extensions ['python_setup_py']
[0.281s] Level 1:colcon.colcon_core.package_identification:_identify(.) by extension 'python_setup_py'
[0.281s] Level 1:colcon.colcon_core.package_identification:_identify(build) by extensions ['ignore', 'ignore_ament_install']
[0.281s] Level 1:colcon.colcon_core.package_identification:_identify(build) by extension 'ignore'
[0.281s] Level 1:colcon.colcon_core.package_identification:_identify(build) ignored
[0.281s] Level 1:colcon.colcon_core.package_identification:_identify(install) by extensions ['ignore', 'ignore_ament_install']
[0.281s] Level 1:colcon.colcon_core.package_identification:_identify(install) by extension 'ignore'
[0.281s] Level 1:colcon.colcon_core.package_identification:_identify(install) ignored
[0.282s] Level 1:colcon.colcon_core.package_identification:_identify(log) by extensions ['ignore', 'ignore_ament_install']
[0.282s] Level 1:colcon.colcon_core.package_identification:_identify(log) by extension 'ignore'
[0.282s] Level 1:colcon.colcon_core.package_identification:_identify(log) ignored
[0.282s] Level 1:colcon.colcon_core.package_identification:_identify(src) by extensions ['ignore', 'ignore_ament_install']
[0.282s] Level 1:colcon.colcon_core.package_identification:_identify(src) by extension 'ignore'
[0.282s] Level 1:colcon.colcon_core.package_identification:_identify(src) by extension 'ignore_ament_install'
[0.282s] Level 1:colcon.colcon_core.package_identification:_identify(src) by extensions ['colcon_pkg']
[0.282s] Level 1:colcon.colcon_core.package_identification:_identify(src) by extension 'colcon_pkg'
[0.282s] Level 1:colcon.colcon_core.package_identification:_identify(src) by extensions ['colcon_meta']
[0.282s] Level 1:colcon.colcon_core.package_identification:_identify(src) by extension 'colcon_meta'
[0.282s] Level 1:colcon.colcon_core.package_identification:_identify(src) by extensions ['ros']
[0.282s] Level 1:colcon.colcon_core.package_identification:_identify(src) by extension 'ros'
[0.282s] Level 1:colcon.colcon_core.package_identification:_identify(src) by extensions ['cmake', 'python']
[0.282s] Level 1:colcon.colcon_core.package_identification:_identify(src) by extension 'cmake'
[0.282s] Level 1:colcon.colcon_core.package_identification:_identify(src) by extension 'python'
[0.282s] Level 1:colcon.colcon_core.package_identification:_identify(src) by extensions ['python_setup_py']
[0.282s] Level 1:colcon.colcon_core.package_identification:_identify(src) by extension 'python_setup_py'
[0.282s] Level 1:colcon.colcon_core.package_identification:_identify(src/grap_bringup) by extensions ['ignore', 'ignore_ament_install']
[0.282s] Level 1:colcon.colcon_core.package_identification:_identify(src/grap_bringup) by extension 'ignore'
[0.282s] Level 1:colcon.colcon_core.package_identification:_identify(src/grap_bringup) by extension 'ignore_ament_install'
[0.282s] Level 1:colcon.colcon_core.package_identification:_identify(src/grap_bringup) by extensions ['colcon_pkg']
[0.282s] Level 1:colcon.colcon_core.package_identification:_identify(src/grap_bringup) by extension 'colcon_pkg'
[0.283s] Level 1:colcon.colcon_core.package_identification:_identify(src/grap_bringup) by extensions ['colcon_meta']
[0.283s] Level 1:colcon.colcon_core.package_identification:_identify(src/grap_bringup) by extension 'colcon_meta'
[0.283s] Level 1:colcon.colcon_core.package_identification:_identify(src/grap_bringup) by extensions ['ros']
[0.283s] Level 1:colcon.colcon_core.package_identification:_identify(src/grap_bringup) by extension 'ros'
[0.285s] DEBUG:colcon.colcon_core.package_identification:Package 'src/grap_bringup' with type 'ros.ament_cmake' and name 'grap_bringup'
[0.285s] Level 1:colcon.colcon_core.package_identification:_identify(src/grap_controller) by extensions ['ignore', 'ignore_ament_install']
[0.285s] Level 1:colcon.colcon_core.package_identification:_identify(src/grap_controller) by extension 'ignore'
[0.285s] Level 1:colcon.colcon_core.package_identification:_identify(src/grap_controller) by extension 'ignore_ament_install'
[0.285s] Level 1:colcon.colcon_core.package_identification:_identify(src/grap_controller) by extensions ['colcon_pkg']
[0.285s] Level 1:colcon.colcon_core.package_identification:_identify(src/grap_controller) by extension 'colcon_pkg'
[0.285s] Level 1:colcon.colcon_core.package_identification:_identify(src/grap_controller) by extensions ['colcon_meta']
[0.285s] Level 1:colcon.colcon_core.package_identification:_identify(src/grap_controller) by extension 'colcon_meta'
[0.285s] Level 1:colcon.colcon_core.package_identification:_identify(src/grap_controller) by extensions ['ros']
[0.285s] Level 1:colcon.colcon_core.package_identification:_identify(src/grap_controller) by extension 'ros'
[0.286s] DEBUG:colcon.colcon_core.package_identification:Package 'src/grap_controller' with type 'ros.ament_cmake' and name 'grap_controller'
[0.286s] Level 1:colcon.colcon_core.package_identification:_identify(src/grap_description) by extensions ['ignore', 'ignore_ament_install']
[0.286s] Level 1:colcon.colcon_core.package_identification:_identify(src/grap_description) by extension 'ignore'
[0.286s] Level 1:colcon.colcon_core.package_identification:_identify(src/grap_description) by extension 'ignore_ament_install'
[0.286s] Level 1:colcon.colcon_core.package_identification:_identify(src/grap_description) by extensions ['colcon_pkg']
[0.286s] Level 1:colcon.colcon_core.package_identification:_identify(src/grap_description) by extension 'colcon_pkg'
[0.286s] Level 1:colcon.colcon_core.package_identification:_identify(src/grap_description) by extensions ['colcon_meta']
[0.286s] Level 1:colcon.colcon_core.package_identification:_identify(src/grap_description) by extension 'colcon_meta'
[0.286s] Level 1:colcon.colcon_core.package_identification:_identify(src/grap_description) by extensions ['ros']
[0.286s] Level 1:colcon.colcon_core.package_identification:_identify(src/grap_description) by extension 'ros'
[0.287s] DEBUG:colcon.colcon_core.package_identification:Package 'src/grap_description' with type 'ros.ament_cmake' and name 'grap_description'
[0.287s] Level 1:colcon.colcon_core.package_identification:_identify(src/grap_moveit) by extensions ['ignore', 'ignore_ament_install']
[0.287s] Level 1:colcon.colcon_core.package_identification:_identify(src/grap_moveit) by extension 'ignore'
[0.287s] Level 1:colcon.colcon_core.package_identification:_identify(src/grap_moveit) by extension 'ignore_ament_install'
[0.287s] Level 1:colcon.colcon_core.package_identification:_identify(src/grap_moveit) by extensions ['colcon_pkg']
[0.287s] Level 1:colcon.colcon_core.package_identification:_identify(src/grap_moveit) by extension 'colcon_pkg'
[0.287s] Level 1:colcon.colcon_core.package_identification:_identify(src/grap_moveit) by extensions ['colcon_meta']
[0.287s] Level 1:colcon.colcon_core.package_identification:_identify(src/grap_moveit) by extension 'colcon_meta'
[0.287s] Level 1:colcon.colcon_core.package_identification:_identify(src/grap_moveit) by extensions ['ros']
[0.287s] Level 1:colcon.colcon_core.package_identification:_identify(src/grap_moveit) by extension 'ros'
[0.288s] DEBUG:colcon.colcon_core.package_identification:Package 'src/grap_moveit' with type 'ros.ament_cmake' and name 'grap_moveit'
[0.288s] Level 1:colcon.colcon_core.package_discovery:discover_packages(recursive) using defaults
[0.288s] Level 1:colcon.colcon_core.package_discovery:discover_packages(ignore) discover
[0.288s] Level 1:colcon.colcon_core.package_discovery:discover_packages(ignore) using defaults
[0.288s] Level 1:colcon.colcon_core.package_discovery:discover_packages(path) discover
[0.288s] Level 1:colcon.colcon_core.package_discovery:discover_packages(path) using defaults
[0.304s] Level 1:colcon.colcon_core.package_discovery:discover_packages(prefix_path) check parameters
[0.304s] Level 1:colcon.colcon_core.package_discovery:discover_packages(prefix_path) discover
[0.305s] DEBUG:colcon.colcon_installed_package_information.package_discovery:Found 4 installed packages in /home/emkk/grap_ws/install
[0.308s] DEBUG:colcon.colcon_installed_package_information.package_discovery:Found 428 installed packages in /opt/ros/humble
[0.309s] Level 1:colcon.colcon_core.package_discovery:discover_packages(prefix_path) using defaults
[0.350s] Level 5:colcon.colcon_core.verb:set package 'grap_bringup' build argument 'cmake_args' from command line to 'None'
[0.350s] Level 5:colcon.colcon_core.verb:set package 'grap_bringup' build argument 'cmake_target' from command line to 'None'
[0.350s] Level 5:colcon.colcon_core.verb:set package 'grap_bringup' build argument 'cmake_target_skip_unavailable' from command line to 'False'
[0.350s] Level 5:colcon.colcon_core.verb:set package 'grap_bringup' build argument 'cmake_clean_cache' from command line to 'False'
[0.350s] Level 5:colcon.colcon_core.verb:set package 'grap_bringup' build argument 'cmake_clean_first' from command line to 'False'
[0.350s] Level 5:colcon.colcon_core.verb:set package 'grap_bringup' build argument 'cmake_force_configure' from command line to 'False'
[0.350s] Level 5:colcon.colcon_core.verb:set package 'grap_bringup' build argument 'ament_cmake_args' from command line to 'None'
[0.350s] Level 5:colcon.colcon_core.verb:set package 'grap_bringup' build argument 'catkin_cmake_args' from command line to 'None'
[0.350s] Level 5:colcon.colcon_core.verb:set package 'grap_bringup' build argument 'catkin_skip_building_tests' from command line to 'False'
[0.350s] DEBUG:colcon.colcon_core.verb:Building package 'grap_bringup' with the following arguments: {'ament_cmake_args': None, 'build_base': '/home/emkk/grap_ws/build/grap_bringup', 'catkin_cmake_args': None, 'catkin_skip_building_tests': False, 'cmake_args': None, 'cmake_clean_cache': False, 'cmake_clean_first': False, 'cmake_force_configure': False, 'cmake_target': None, 'cmake_target_skip_unavailable': False, 'install_base': '/home/emkk/grap_ws/install/grap_bringup', 'merge_install': False, 'path': '/home/emkk/grap_ws/src/grap_bringup', 'symlink_install': False, 'test_result_base': None}
[0.351s] Level 5:colcon.colcon_core.verb:set package 'grap_controller' build argument 'cmake_args' from command line to 'None'
[0.351s] Level 5:colcon.colcon_core.verb:set package 'grap_controller' build argument 'cmake_target' from command line to 'None'
[0.351s] Level 5:colcon.colcon_core.verb:set package 'grap_controller' build argument 'cmake_target_skip_unavailable' from command line to 'False'
[0.351s] Level 5:colcon.colcon_core.verb:set package 'grap_controller' build argument 'cmake_clean_cache' from command line to 'False'
[0.351s] Level 5:colcon.colcon_core.verb:set package 'grap_controller' build argument 'cmake_clean_first' from command line to 'False'
[0.351s] Level 5:colcon.colcon_core.verb:set package 'grap_controller' build argument 'cmake_force_configure' from command line to 'False'
[0.351s] Level 5:colcon.colcon_core.verb:set package 'grap_controller' build argument 'ament_cmake_args' from command line to 'None'
[0.351s] Level 5:colcon.colcon_core.verb:set package 'grap_controller' build argument 'catkin_cmake_args' from command line to 'None'
[0.351s] Level 5:colcon.colcon_core.verb:set package 'grap_controller' build argument 'catkin_skip_building_tests' from command line to 'False'
[0.351s] DEBUG:colcon.colcon_core.verb:Building package 'grap_controller' with the following arguments: {'ament_cmake_args': None, 'build_base': '/home/emkk/grap_ws/build/grap_controller', 'catkin_cmake_args': None, 'catkin_skip_building_tests': False, 'cmake_args': None, 'cmake_clean_cache': False, 'cmake_clean_first': False, 'cmake_force_configure': False, 'cmake_target': None, 'cmake_target_skip_unavailable': False, 'install_base': '/home/emkk/grap_ws/install/grap_controller', 'merge_install': False, 'path': '/home/emkk/grap_ws/src/grap_controller', 'symlink_install': False, 'test_result_base': None}
[0.351s] Level 5:colcon.colcon_core.verb:set package 'grap_description' build argument 'cmake_args' from command line to 'None'
[0.351s] Level 5:colcon.colcon_core.verb:set package 'grap_description' build argument 'cmake_target' from command line to 'None'
[0.351s] Level 5:colcon.colcon_core.verb:set package 'grap_description' build argument 'cmake_target_skip_unavailable' from command line to 'False'
[0.351s] Level 5:colcon.colcon_core.verb:set package 'grap_description' build argument 'cmake_clean_cache' from command line to 'False'
[0.351s] Level 5:colcon.colcon_core.verb:set package 'grap_description' build argument 'cmake_clean_first' from command line to 'False'
[0.351s] Level 5:colcon.colcon_core.verb:set package 'grap_description' build argument 'cmake_force_configure' from command line to 'False'
[0.351s] Level 5:colcon.colcon_core.verb:set package 'grap_description' build argument 'ament_cmake_args' from command line to 'None'
[0.351s] Level 5:colcon.colcon_core.verb:set package 'grap_description' build argument 'catkin_cmake_args' from command line to 'None'
[0.351s] Level 5:colcon.colcon_core.verb:set package 'grap_description' build argument 'catkin_skip_building_tests' from command line to 'False'
[0.351s] DEBUG:colcon.colcon_core.verb:Building package 'grap_description' with the following arguments: {'ament_cmake_args': None, 'build_base': '/home/emkk/grap_ws/build/grap_description', 'catkin_cmake_args': None, 'catkin_skip_building_tests': False, 'cmake_args': None, 'cmake_clean_cache': False, 'cmake_clean_first': False, 'cmake_force_configure': False, 'cmake_target': None, 'cmake_target_skip_unavailable': False, 'install_base': '/home/emkk/grap_ws/install/grap_description', 'merge_install': False, 'path': '/home/emkk/grap_ws/src/grap_description', 'symlink_install': False, 'test_result_base': None}
[0.352s] Level 5:colcon.colcon_core.verb:set package 'grap_moveit' build argument 'cmake_args' from command line to 'None'
[0.352s] Level 5:colcon.colcon_core.verb:set package 'grap_moveit' build argument 'cmake_target' from command line to 'None'
[0.352s] Level 5:colcon.colcon_core.verb:set package 'grap_moveit' build argument 'cmake_target_skip_unavailable' from command line to 'False'
[0.352s] Level 5:colcon.colcon_core.verb:set package 'grap_moveit' build argument 'cmake_clean_cache' from command line to 'False'
[0.352s] Level 5:colcon.colcon_core.verb:set package 'grap_moveit' build argument 'cmake_clean_first' from command line to 'False'
[0.352s] Level 5:colcon.colcon_core.verb:set package 'grap_moveit' build argument 'cmake_force_configure' from command line to 'False'
[0.352s] Level 5:colcon.colcon_core.verb:set package 'grap_moveit' build argument 'ament_cmake_args' from command line to 'None'
[0.352s] Level 5:colcon.colcon_core.verb:set package 'grap_moveit' build argument 'catkin_cmake_args' from command line to 'None'
[0.352s] Level 5:colcon.colcon_core.verb:set package 'grap_moveit' build argument 'catkin_skip_building_tests' from command line to 'False'
[0.352s] DEBUG:colcon.colcon_core.verb:Building package 'grap_moveit' with the following arguments: {'ament_cmake_args': None, 'build_base': '/home/emkk/grap_ws/build/grap_moveit', 'catkin_cmake_args': None, 'catkin_skip_building_tests': False, 'cmake_args': None, 'cmake_clean_cache': False, 'cmake_clean_first': False, 'cmake_force_configure': False, 'cmake_target': None, 'cmake_target_skip_unavailable': False, 'install_base': '/home/emkk/grap_ws/install/grap_moveit', 'merge_install': False, 'path': '/home/emkk/grap_ws/src/grap_moveit', 'symlink_install': False, 'test_result_base': None}
[0.352s] INFO:colcon.colcon_core.executor:Executing jobs using 'parallel' executor
[0.353s] DEBUG:colcon.colcon_parallel_executor.executor.parallel:run_until_complete
[0.353s] INFO:colcon.colcon_ros.task.ament_cmake.build:Building ROS package in '/home/emkk/grap_ws/src/grap_bringup' with build type 'ament_cmake'
[0.353s] INFO:colcon.colcon_cmake.task.cmake.build:Building CMake package in '/home/emkk/grap_ws/src/grap_bringup'
[0.355s] INFO:colcon.colcon_core.plugin_system:Skipping extension 'colcon_core.shell.bat': Not used on non-Windows systems
[0.355s] INFO:colcon.colcon_core.shell:Skip shell extension 'powershell' for command environment: Not usable outside of PowerShell
[0.355s] DEBUG:colcon.colcon_core.shell:Skip shell extension 'dsv' for command environment
[0.359s] INFO:colcon.colcon_ros.task.ament_cmake.build:Building ROS package in '/home/emkk/grap_ws/src/grap_controller' with build type 'ament_cmake'
[0.359s] INFO:colcon.colcon_cmake.task.cmake.build:Building CMake package in '/home/emkk/grap_ws/src/grap_controller'
[0.359s] INFO:colcon.colcon_core.shell:Skip shell extension 'powershell' for command environment: Not usable outside of PowerShell
[0.359s] DEBUG:colcon.colcon_core.shell:Skip shell extension 'dsv' for command environment
[0.363s] INFO:colcon.colcon_ros.task.ament_cmake.build:Building ROS package in '/home/emkk/grap_ws/src/grap_description' with build type 'ament_cmake'
[0.363s] INFO:colcon.colcon_cmake.task.cmake.build:Building CMake package in '/home/emkk/grap_ws/src/grap_description'
[0.363s] INFO:colcon.colcon_core.shell:Skip shell extension 'powershell' for command environment: Not usable outside of PowerShell
[0.363s] DEBUG:colcon.colcon_core.shell:Skip shell extension 'dsv' for command environment
[0.367s] INFO:colcon.colcon_ros.task.ament_cmake.build:Building ROS package in '/home/emkk/grap_ws/src/grap_moveit' with build type 'ament_cmake'
[0.367s] INFO:colcon.colcon_cmake.task.cmake.build:Building CMake package in '/home/emkk/grap_ws/src/grap_moveit'
[0.367s] INFO:colcon.colcon_core.shell:Skip shell extension 'powershell' for command environment: Not usable outside of PowerShell
[0.367s] DEBUG:colcon.colcon_core.shell:Skip shell extension 'dsv' for command environment
[0.376s] DEBUG:colcon.colcon_core.event_handler.log_command:Invoking command in '/home/emkk/grap_ws/build/grap_bringup': CMAKE_PREFIX_PATH=${CMAKE_PREFIX_PATH}:/opt/ros/humble /usr/bin/cmake --build /home/emkk/grap_ws/build/grap_bringup -- -j16 -l16
[0.378s] DEBUG:colcon.colcon_core.event_handler.log_command:Invoking command in '/home/emkk/grap_ws/build/grap_controller': CMAKE_PREFIX_PATH=${CMAKE_PREFIX_PATH}:/opt/ros/humble /usr/bin/cmake --build /home/emkk/grap_ws/build/grap_controller -- -j16 -l16
[0.382s] DEBUG:colcon.colcon_core.event_handler.log_command:Invoking command in '/home/emkk/grap_ws/build/grap_description': CMAKE_PREFIX_PATH=${CMAKE_PREFIX_PATH}:/opt/ros/humble /usr/bin/cmake --build /home/emkk/grap_ws/build/grap_description -- -j16 -l16
[0.387s] DEBUG:colcon.colcon_core.event_handler.log_command:Invoking command in '/home/emkk/grap_ws/build/grap_moveit': CMAKE_PREFIX_PATH=${CMAKE_PREFIX_PATH}:/opt/ros/humble /usr/bin/cmake --build /home/emkk/grap_ws/build/grap_moveit -- -j16 -l16
[0.411s] DEBUG:colcon.colcon_core.event_handler.log_command:Invoked command in '/home/emkk/grap_ws/build/grap_bringup' returned '0': CMAKE_PREFIX_PATH=${CMAKE_PREFIX_PATH}:/opt/ros/humble /usr/bin/cmake --build /home/emkk/grap_ws/build/grap_bringup -- -j16 -l16
[0.421s] DEBUG:colcon.colcon_core.event_handler.log_command:Invoking command in '/home/emkk/grap_ws/build/grap_bringup': CMAKE_PREFIX_PATH=${CMAKE_PREFIX_PATH}:/opt/ros/humble /usr/bin/cmake --install /home/emkk/grap_ws/build/grap_bringup
[0.422s] DEBUG:colcon.colcon_core.event_handler.log_command:Invoked command in '/home/emkk/grap_ws/build/grap_moveit' returned '0': CMAKE_PREFIX_PATH=${CMAKE_PREFIX_PATH}:/opt/ros/humble /usr/bin/cmake --build /home/emkk/grap_ws/build/grap_moveit -- -j16 -l16
[0.424s] DEBUG:colcon.colcon_core.event_handler.log_command:Invoking command in '/home/emkk/grap_ws/build/grap_moveit': CMAKE_PREFIX_PATH=${CMAKE_PREFIX_PATH}:/opt/ros/humble /usr/bin/cmake --install /home/emkk/grap_ws/build/grap_moveit
[0.431s] DEBUG:colcon.colcon_core.event_handler.log_command:Invoked command in '/home/emkk/grap_ws/build/grap_description' returned '0': CMAKE_PREFIX_PATH=${CMAKE_PREFIX_PATH}:/opt/ros/humble /usr/bin/cmake --build /home/emkk/grap_ws/build/grap_description -- -j16 -l16
[0.433s] Level 1:colcon.colcon_core.environment:create_environment_scripts_only(grap_bringup)
[0.434s] DEBUG:colcon.colcon_core.event_handler.log_command:Invoking command in '/home/emkk/grap_ws/build/grap_description': CMAKE_PREFIX_PATH=${CMAKE_PREFIX_PATH}:/opt/ros/humble /usr/bin/cmake --install /home/emkk/grap_ws/build/grap_description
[0.434s] DEBUG:colcon.colcon_core.event_handler.log_command:Invoked command in '/home/emkk/grap_ws/build/grap_bringup' returned '0': CMAKE_PREFIX_PATH=${CMAKE_PREFIX_PATH}:/opt/ros/humble /usr/bin/cmake --install /home/emkk/grap_ws/build/grap_bringup
[0.436s] Level 1:colcon.colcon_core.environment:checking '/home/emkk/grap_ws/install/grap_bringup' for CMake module files
[0.437s] Level 1:colcon.colcon_core.environment:checking '/home/emkk/grap_ws/install/grap_bringup' for CMake config files
[0.437s] Level 1:colcon.colcon_core.shell:create_environment_hook('grap_bringup', 'cmake_prefix_path')
[0.438s] INFO:colcon.colcon_core.shell:Creating environment hook '/home/emkk/grap_ws/install/grap_bringup/share/grap_bringup/hook/cmake_prefix_path.ps1'
[0.438s] INFO:colcon.colcon_core.shell:Creating environment descriptor '/home/emkk/grap_ws/install/grap_bringup/share/grap_bringup/hook/cmake_prefix_path.dsv'
[0.439s] INFO:colcon.colcon_core.shell:Creating environment hook '/home/emkk/grap_ws/install/grap_bringup/share/grap_bringup/hook/cmake_prefix_path.sh'
[0.440s] Level 1:colcon.colcon_core.environment:checking '/home/emkk/grap_ws/install/grap_bringup/bin'
[0.440s] Level 1:colcon.colcon_core.environment:checking '/home/emkk/grap_ws/install/grap_bringup/lib/pkgconfig/grap_bringup.pc'
[0.440s] Level 1:colcon.colcon_core.environment:checking '/home/emkk/grap_ws/install/grap_bringup/lib/python3.10/site-packages'
[0.440s] Level 1:colcon.colcon_core.environment:checking '/home/emkk/grap_ws/install/grap_bringup/bin'
[0.441s] INFO:colcon.colcon_core.shell:Creating package script '/home/emkk/grap_ws/install/grap_bringup/share/grap_bringup/package.ps1'
[0.441s] INFO:colcon.colcon_core.shell:Creating package descriptor '/home/emkk/grap_ws/install/grap_bringup/share/grap_bringup/package.dsv'
[0.442s] INFO:colcon.colcon_core.shell:Creating package script '/home/emkk/grap_ws/install/grap_bringup/share/grap_bringup/package.sh'
[0.443s] INFO:colcon.colcon_core.shell:Creating package script '/home/emkk/grap_ws/install/grap_bringup/share/grap_bringup/package.bash'
[0.444s] INFO:colcon.colcon_core.shell:Creating package script '/home/emkk/grap_ws/install/grap_bringup/share/grap_bringup/package.zsh'
[0.445s] Level 1:colcon.colcon_core.environment:create_file_with_runtime_dependencies(/home/emkk/grap_ws/install/grap_bringup/share/colcon-core/packages/grap_bringup)
[0.445s] Level 1:colcon.colcon_core.environment:create_environment_scripts_only(grap_bringup)
[0.445s] Level 1:colcon.colcon_core.environment:checking '/home/emkk/grap_ws/install/grap_bringup' for CMake module files
[0.446s] Level 1:colcon.colcon_core.environment:checking '/home/emkk/grap_ws/install/grap_bringup' for CMake config files
[0.446s] Level 1:colcon.colcon_core.shell:create_environment_hook('grap_bringup', 'cmake_prefix_path')
[0.446s] INFO:colcon.colcon_core.shell:Creating environment hook '/home/emkk/grap_ws/install/grap_bringup/share/grap_bringup/hook/cmake_prefix_path.ps1'
[0.447s] INFO:colcon.colcon_core.shell:Creating environment descriptor '/home/emkk/grap_ws/install/grap_bringup/share/grap_bringup/hook/cmake_prefix_path.dsv'
[0.447s] INFO:colcon.colcon_core.shell:Creating environment hook '/home/emkk/grap_ws/install/grap_bringup/share/grap_bringup/hook/cmake_prefix_path.sh'
[0.448s] Level 1:colcon.colcon_core.environment:checking '/home/emkk/grap_ws/install/grap_bringup/bin'
[0.448s] Level 1:colcon.colcon_core.environment:checking '/home/emkk/grap_ws/install/grap_bringup/lib/pkgconfig/grap_bringup.pc'
[0.448s] Level 1:colcon.colcon_core.environment:checking '/home/emkk/grap_ws/install/grap_bringup/lib/python3.10/site-packages'
[0.448s] Level 1:colcon.colcon_core.environment:checking '/home/emkk/grap_ws/install/grap_bringup/bin'
[0.449s] INFO:colcon.colcon_core.shell:Creating package script '/home/emkk/grap_ws/install/grap_bringup/share/grap_bringup/package.ps1'
[0.449s] INFO:colcon.colcon_core.shell:Creating package descriptor '/home/emkk/grap_ws/install/grap_bringup/share/grap_bringup/package.dsv'
[0.450s] INFO:colcon.colcon_core.shell:Creating package script '/home/emkk/grap_ws/install/grap_bringup/share/grap_bringup/package.sh'
[0.450s] INFO:colcon.colcon_core.shell:Creating package script '/home/emkk/grap_ws/install/grap_bringup/share/grap_bringup/package.bash'
[0.450s] INFO:colcon.colcon_core.shell:Creating package script '/home/emkk/grap_ws/install/grap_bringup/share/grap_bringup/package.zsh'
[0.451s] Level 1:colcon.colcon_core.environment:create_file_with_runtime_dependencies(/home/emkk/grap_ws/install/grap_bringup/share/colcon-core/packages/grap_bringup)
[0.452s] Level 1:colcon.colcon_core.environment:create_environment_scripts_only(grap_moveit)
[0.453s] Level 1:colcon.colcon_core.environment:checking '/home/emkk/grap_ws/install/grap_moveit' for CMake module files
[0.454s] DEBUG:colcon.colcon_core.event_handler.log_command:Invoked command in '/home/emkk/grap_ws/build/grap_moveit' returned '0': CMAKE_PREFIX_PATH=${CMAKE_PREFIX_PATH}:/opt/ros/humble /usr/bin/cmake --install /home/emkk/grap_ws/build/grap_moveit
[0.454s] Level 1:colcon.colcon_core.environment:checking '/home/emkk/grap_ws/install/grap_moveit' for CMake config files
[0.457s] Level 1:colcon.colcon_core.shell:create_environment_hook('grap_moveit', 'cmake_prefix_path')
[0.457s] INFO:colcon.colcon_core.shell:Creating environment hook '/home/emkk/grap_ws/install/grap_moveit/share/grap_moveit/hook/cmake_prefix_path.ps1'
[0.457s] INFO:colcon.colcon_core.shell:Creating environment descriptor '/home/emkk/grap_ws/install/grap_moveit/share/grap_moveit/hook/cmake_prefix_path.dsv'
[0.457s] INFO:colcon.colcon_core.shell:Creating environment hook '/home/emkk/grap_ws/install/grap_moveit/share/grap_moveit/hook/cmake_prefix_path.sh'
[0.458s] Level 1:colcon.colcon_core.environment:checking '/home/emkk/grap_ws/install/grap_moveit/bin'
[0.458s] Level 1:colcon.colcon_core.environment:checking '/home/emkk/grap_ws/install/grap_moveit/lib/pkgconfig/grap_moveit.pc'
[0.458s] Level 1:colcon.colcon_core.environment:checking '/home/emkk/grap_ws/install/grap_moveit/lib/python3.10/site-packages'
[0.458s] Level 1:colcon.colcon_core.environment:checking '/home/emkk/grap_ws/install/grap_moveit/bin'
[0.458s] INFO:colcon.colcon_core.shell:Creating package script '/home/emkk/grap_ws/install/grap_moveit/share/grap_moveit/package.ps1'
[0.459s] INFO:colcon.colcon_core.shell:Creating package descriptor '/home/emkk/grap_ws/install/grap_moveit/share/grap_moveit/package.dsv'
[0.459s] INFO:colcon.colcon_core.shell:Creating package script '/home/emkk/grap_ws/install/grap_moveit/share/grap_moveit/package.sh'
[0.459s] INFO:colcon.colcon_core.shell:Creating package script '/home/emkk/grap_ws/install/grap_moveit/share/grap_moveit/package.bash'
[0.460s] INFO:colcon.colcon_core.shell:Creating package script '/home/emkk/grap_ws/install/grap_moveit/share/grap_moveit/package.zsh'
[0.460s] Level 1:colcon.colcon_core.environment:create_file_with_runtime_dependencies(/home/emkk/grap_ws/install/grap_moveit/share/colcon-core/packages/grap_moveit)
[0.460s] Level 1:colcon.colcon_core.environment:create_environment_scripts_only(grap_moveit)
[0.461s] Level 1:colcon.colcon_core.environment:checking '/home/emkk/grap_ws/install/grap_moveit' for CMake module files
[0.461s] Level 1:colcon.colcon_core.environment:checking '/home/emkk/grap_ws/install/grap_moveit' for CMake config files
[0.461s] Level 1:colcon.colcon_core.shell:create_environment_hook('grap_moveit', 'cmake_prefix_path')
[0.461s] INFO:colcon.colcon_core.shell:Creating environment hook '/home/emkk/grap_ws/install/grap_moveit/share/grap_moveit/hook/cmake_prefix_path.ps1'
[0.462s] INFO:colcon.colcon_core.shell:Creating environment descriptor '/home/emkk/grap_ws/install/grap_moveit/share/grap_moveit/hook/cmake_prefix_path.dsv'
[0.462s] INFO:colcon.colcon_core.shell:Creating environment hook '/home/emkk/grap_ws/install/grap_moveit/share/grap_moveit/hook/cmake_prefix_path.sh'
[0.462s] Level 1:colcon.colcon_core.environment:checking '/home/emkk/grap_ws/install/grap_moveit/bin'
[0.462s] Level 1:colcon.colcon_core.environment:checking '/home/emkk/grap_ws/install/grap_moveit/lib/pkgconfig/grap_moveit.pc'
[0.463s] Level 1:colcon.colcon_core.environment:checking '/home/emkk/grap_ws/install/grap_moveit/lib/python3.10/site-packages'
[0.463s] Level 1:colcon.colcon_core.environment:checking '/home/emkk/grap_ws/install/grap_moveit/bin'
[0.463s] INFO:colcon.colcon_core.shell:Creating package script '/home/emkk/grap_ws/install/grap_moveit/share/grap_moveit/package.ps1'
[0.463s] INFO:colcon.colcon_core.shell:Creating package descriptor '/home/emkk/grap_ws/install/grap_moveit/share/grap_moveit/package.dsv'
[0.464s] INFO:colcon.colcon_core.shell:Creating package script '/home/emkk/grap_ws/install/grap_moveit/share/grap_moveit/package.sh'
[0.464s] INFO:colcon.colcon_core.shell:Creating package script '/home/emkk/grap_ws/install/grap_moveit/share/grap_moveit/package.bash'
[0.465s] INFO:colcon.colcon_core.shell:Creating package script '/home/emkk/grap_ws/install/grap_moveit/share/grap_moveit/package.zsh'
[0.465s] Level 1:colcon.colcon_core.environment:create_file_with_runtime_dependencies(/home/emkk/grap_ws/install/grap_moveit/share/colcon-core/packages/grap_moveit)
[0.468s] Level 1:colcon.colcon_core.environment:create_environment_scripts_only(grap_description)
[0.468s] DEBUG:colcon.colcon_core.event_handler.log_command:Invoked command in '/home/emkk/grap_ws/build/grap_controller' returned '0': CMAKE_PREFIX_PATH=${CMAKE_PREFIX_PATH}:/opt/ros/humble /usr/bin/cmake --build /home/emkk/grap_ws/build/grap_controller -- -j16 -l16
[0.468s] Level 1:colcon.colcon_core.environment:checking '/home/emkk/grap_ws/install/grap_description' for CMake module files
[0.469s] DEBUG:colcon.colcon_core.event_handler.log_command:Invoking command in '/home/emkk/grap_ws/build/grap_controller': CMAKE_PREFIX_PATH=${CMAKE_PREFIX_PATH}:/opt/ros/humble /usr/bin/cmake --install /home/emkk/grap_ws/build/grap_controller
[0.469s] DEBUG:colcon.colcon_core.event_handler.log_command:Invoked command in '/home/emkk/grap_ws/build/grap_description' returned '0': CMAKE_PREFIX_PATH=${CMAKE_PREFIX_PATH}:/opt/ros/humble /usr/bin/cmake --install /home/emkk/grap_ws/build/grap_description
[0.469s] Level 1:colcon.colcon_core.environment:checking '/home/emkk/grap_ws/install/grap_description' for CMake config files
[0.469s] Level 1:colcon.colcon_core.shell:create_environment_hook('grap_description', 'cmake_prefix_path')
[0.469s] INFO:colcon.colcon_core.shell:Creating environment hook '/home/emkk/grap_ws/install/grap_description/share/grap_description/hook/cmake_prefix_path.ps1'
[0.470s] INFO:colcon.colcon_core.shell:Creating environment descriptor '/home/emkk/grap_ws/install/grap_description/share/grap_description/hook/cmake_prefix_path.dsv'
[0.470s] INFO:colcon.colcon_core.shell:Creating environment hook '/home/emkk/grap_ws/install/grap_description/share/grap_description/hook/cmake_prefix_path.sh'
[0.471s] Level 1:colcon.colcon_core.environment:checking '/home/emkk/grap_ws/install/grap_description/bin'
[0.471s] Level 1:colcon.colcon_core.environment:checking '/home/emkk/grap_ws/install/grap_description/lib/pkgconfig/grap_description.pc'
[0.471s] Level 1:colcon.colcon_core.environment:checking '/home/emkk/grap_ws/install/grap_description/lib/python3.10/site-packages'
[0.471s] Level 1:colcon.colcon_core.environment:checking '/home/emkk/grap_ws/install/grap_description/bin'
[0.471s] INFO:colcon.colcon_core.shell:Creating package script '/home/emkk/grap_ws/install/grap_description/share/grap_description/package.ps1'
[0.471s] INFO:colcon.colcon_core.shell:Creating package descriptor '/home/emkk/grap_ws/install/grap_description/share/grap_description/package.dsv'
[0.472s] INFO:colcon.colcon_core.shell:Creating package script '/home/emkk/grap_ws/install/grap_description/share/grap_description/package.sh'
[0.472s] INFO:colcon.colcon_core.shell:Creating package script '/home/emkk/grap_ws/install/grap_description/share/grap_description/package.bash'
[0.472s] INFO:colcon.colcon_core.shell:Creating package script '/home/emkk/grap_ws/install/grap_description/share/grap_description/package.zsh'
[0.473s] Level 1:colcon.colcon_core.environment:create_file_with_runtime_dependencies(/home/emkk/grap_ws/install/grap_description/share/colcon-core/packages/grap_description)
[0.473s] Level 1:colcon.colcon_core.environment:create_environment_scripts_only(grap_description)
[0.473s] Level 1:colcon.colcon_core.environment:checking '/home/emkk/grap_ws/install/grap_description' for CMake module files
[0.474s] Level 1:colcon.colcon_core.environment:checking '/home/emkk/grap_ws/install/grap_description' for CMake config files
[0.474s] Level 1:colcon.colcon_core.shell:create_environment_hook('grap_description', 'cmake_prefix_path')
[0.474s] INFO:colcon.colcon_core.shell:Creating environment hook '/home/emkk/grap_ws/install/grap_description/share/grap_description/hook/cmake_prefix_path.ps1'
[0.474s] INFO:colcon.colcon_core.shell:Creating environment descriptor '/home/emkk/grap_ws/install/grap_description/share/grap_description/hook/cmake_prefix_path.dsv'
[0.474s] INFO:colcon.colcon_core.shell:Creating environment hook '/home/emkk/grap_ws/install/grap_description/share/grap_description/hook/cmake_prefix_path.sh'
[0.475s] Level 1:colcon.colcon_core.environment:checking '/home/emkk/grap_ws/install/grap_description/bin'
[0.475s] Level 1:colcon.colcon_core.environment:checking '/home/emkk/grap_ws/install/grap_description/lib/pkgconfig/grap_description.pc'
[0.475s] Level 1:colcon.colcon_core.environment:checking '/home/emkk/grap_ws/install/grap_description/lib/python3.10/site-packages'
[0.475s] Level 1:colcon.colcon_core.environment:checking '/home/emkk/grap_ws/install/grap_description/bin'
[0.476s] INFO:colcon.colcon_core.shell:Creating package script '/home/emkk/grap_ws/install/grap_description/share/grap_description/package.ps1'
[0.476s] INFO:colcon.colcon_core.shell:Creating package descriptor '/home/emkk/grap_ws/install/grap_description/share/grap_description/package.dsv'
[0.476s] INFO:colcon.colcon_core.shell:Creating package script '/home/emkk/grap_ws/install/grap_description/share/grap_description/package.sh'
[0.477s] INFO:colcon.colcon_core.shell:Creating package script '/home/emkk/grap_ws/install/grap_description/share/grap_description/package.bash'
[0.477s] INFO:colcon.colcon_core.shell:Creating package script '/home/emkk/grap_ws/install/grap_description/share/grap_description/package.zsh'
[0.477s] Level 1:colcon.colcon_core.environment:create_file_with_runtime_dependencies(/home/emkk/grap_ws/install/grap_description/share/colcon-core/packages/grap_description)
[0.479s] Level 1:colcon.colcon_core.environment:create_environment_scripts_only(grap_controller)
[0.479s] Level 1:colcon.colcon_core.environment:checking '/home/emkk/grap_ws/install/grap_controller' for CMake module files
[0.482s] DEBUG:colcon.colcon_core.event_handler.log_command:Invoked command in '/home/emkk/grap_ws/build/grap_controller' returned '0': CMAKE_PREFIX_PATH=${CMAKE_PREFIX_PATH}:/opt/ros/humble /usr/bin/cmake --install /home/emkk/grap_ws/build/grap_controller
[0.483s] Level 1:colcon.colcon_core.environment:checking '/home/emkk/grap_ws/install/grap_controller' for CMake config files
[0.483s] Level 1:colcon.colcon_core.shell:create_environment_hook('grap_controller', 'cmake_prefix_path')
[0.483s] INFO:colcon.colcon_core.shell:Creating environment hook '/home/emkk/grap_ws/install/grap_controller/share/grap_controller/hook/cmake_prefix_path.ps1'
[0.484s] INFO:colcon.colcon_core.shell:Creating environment descriptor '/home/emkk/grap_ws/install/grap_controller/share/grap_controller/hook/cmake_prefix_path.dsv'
[0.484s] INFO:colcon.colcon_core.shell:Creating environment hook '/home/emkk/grap_ws/install/grap_controller/share/grap_controller/hook/cmake_prefix_path.sh'
[0.484s] Level 1:colcon.colcon_core.environment:checking '/home/emkk/grap_ws/install/grap_controller/lib'
[0.484s] Level 1:colcon.colcon_core.shell:create_environment_hook('grap_controller', 'ld_library_path_lib')
[0.485s] INFO:colcon.colcon_core.shell:Creating environment hook '/home/emkk/grap_ws/install/grap_controller/share/grap_controller/hook/ld_library_path_lib.ps1'
[0.485s] INFO:colcon.colcon_core.shell:Creating environment descriptor '/home/emkk/grap_ws/install/grap_controller/share/grap_controller/hook/ld_library_path_lib.dsv'
[0.485s] INFO:colcon.colcon_core.shell:Creating environment hook '/home/emkk/grap_ws/install/grap_controller/share/grap_controller/hook/ld_library_path_lib.sh'
[0.485s] Level 1:colcon.colcon_core.environment:checking '/home/emkk/grap_ws/install/grap_controller/bin'
[0.486s] Level 1:colcon.colcon_core.environment:checking '/home/emkk/grap_ws/install/grap_controller/lib/pkgconfig/grap_controller.pc'
[0.486s] Level 1:colcon.colcon_core.environment:checking '/home/emkk/grap_ws/install/grap_controller/lib/python3.10/site-packages'
[0.486s] Level 1:colcon.colcon_core.environment:checking '/home/emkk/grap_ws/install/grap_controller/bin'
[0.486s] INFO:colcon.colcon_core.shell:Creating package script '/home/emkk/grap_ws/install/grap_controller/share/grap_controller/package.ps1'
[0.487s] INFO:colcon.colcon_core.shell:Creating package descriptor '/home/emkk/grap_ws/install/grap_controller/share/grap_controller/package.dsv'
[0.487s] INFO:colcon.colcon_core.shell:Creating package script '/home/emkk/grap_ws/install/grap_controller/share/grap_controller/package.sh'
[0.487s] INFO:colcon.colcon_core.shell:Creating package script '/home/emkk/grap_ws/install/grap_controller/share/grap_controller/package.bash'
[0.487s] INFO:colcon.colcon_core.shell:Creating package script '/home/emkk/grap_ws/install/grap_controller/share/grap_controller/package.zsh'
[0.488s] Level 1:colcon.colcon_core.environment:create_file_with_runtime_dependencies(/home/emkk/grap_ws/install/grap_controller/share/colcon-core/packages/grap_controller)
[0.488s] Level 1:colcon.colcon_core.environment:create_environment_scripts_only(grap_controller)
[0.488s] Level 1:colcon.colcon_core.environment:checking '/home/emkk/grap_ws/install/grap_controller' for CMake module files
[0.489s] Level 1:colcon.colcon_core.environment:checking '/home/emkk/grap_ws/install/grap_controller' for CMake config files
[0.489s] Level 1:colcon.colcon_core.shell:create_environment_hook('grap_controller', 'cmake_prefix_path')
[0.489s] INFO:colcon.colcon_core.shell:Creating environment hook '/home/emkk/grap_ws/install/grap_controller/share/grap_controller/hook/cmake_prefix_path.ps1'
[0.489s] INFO:colcon.colcon_core.shell:Creating environment descriptor '/home/emkk/grap_ws/install/grap_controller/share/grap_controller/hook/cmake_prefix_path.dsv'
[0.490s] INFO:colcon.colcon_core.shell:Creating environment hook '/home/emkk/grap_ws/install/grap_controller/share/grap_controller/hook/cmake_prefix_path.sh'
[0.490s] Level 1:colcon.colcon_core.environment:checking '/home/emkk/grap_ws/install/grap_controller/lib'
[0.490s] Level 1:colcon.colcon_core.shell:create_environment_hook('grap_controller', 'ld_library_path_lib')
[0.491s] INFO:colcon.colcon_core.shell:Creating environment hook '/home/emkk/grap_ws/install/grap_controller/share/grap_controller/hook/ld_library_path_lib.ps1'
[0.491s] INFO:colcon.colcon_core.shell:Creating environment descriptor '/home/emkk/grap_ws/install/grap_controller/share/grap_controller/hook/ld_library_path_lib.dsv'
[0.491s] INFO:colcon.colcon_core.shell:Creating environment hook '/home/emkk/grap_ws/install/grap_controller/share/grap_controller/hook/ld_library_path_lib.sh'
[0.492s] Level 1:colcon.colcon_core.environment:checking '/home/emkk/grap_ws/install/grap_controller/bin'
[0.492s] Level 1:colcon.colcon_core.environment:checking '/home/emkk/grap_ws/install/grap_controller/lib/pkgconfig/grap_controller.pc'
[0.492s] Level 1:colcon.colcon_core.environment:checking '/home/emkk/grap_ws/install/grap_controller/lib/python3.10/site-packages'
[0.492s] Level 1:colcon.colcon_core.environment:checking '/home/emkk/grap_ws/install/grap_controller/bin'
[0.492s] INFO:colcon.colcon_core.shell:Creating package script '/home/emkk/grap_ws/install/grap_controller/share/grap_controller/package.ps1'
[0.493s] INFO:colcon.colcon_core.shell:Creating package descriptor '/home/emkk/grap_ws/install/grap_controller/share/grap_controller/package.dsv'
[0.493s] INFO:colcon.colcon_core.shell:Creating package script '/home/emkk/grap_ws/install/grap_controller/share/grap_controller/package.sh'
[0.493s] INFO:colcon.colcon_core.shell:Creating package script '/home/emkk/grap_ws/install/grap_controller/share/grap_controller/package.bash'
[0.494s] INFO:colcon.colcon_core.shell:Creating package script '/home/emkk/grap_ws/install/grap_controller/share/grap_controller/package.zsh'
[0.494s] Level 1:colcon.colcon_core.environment:create_file_with_runtime_dependencies(/home/emkk/grap_ws/install/grap_controller/share/colcon-core/packages/grap_controller)
[0.494s] DEBUG:colcon.colcon_parallel_executor.executor.parallel:closing loop
[0.494s] DEBUG:colcon.colcon_parallel_executor.executor.parallel:loop closed
[0.494s] DEBUG:colcon.colcon_parallel_executor.executor.parallel:run_until_complete finished with '0'
[0.495s] DEBUG:colcon.colcon_core.event_reactor:joining thread
[0.499s] INFO:colcon.colcon_core.plugin_system:Skipping extension 'colcon_notification.desktop_notification.terminal_notifier': Not used on non-Darwin systems
[0.499s] INFO:colcon.colcon_core.plugin_system:Skipping extension 'colcon_notification.desktop_notification.win32': Not used on non-Windows systems
[0.499s] INFO:colcon.colcon_notification.desktop_notification:Sending desktop notification using 'notify2'
[0.509s] DEBUG:colcon.colcon_core.event_reactor:joined thread
[0.509s] INFO:colcon.colcon_core.shell:Creating prefix script '/home/emkk/grap_ws/install/local_setup.ps1'
[0.510s] INFO:colcon.colcon_core.shell:Creating prefix util module '/home/emkk/grap_ws/install/_local_setup_util_ps1.py'
[0.512s] INFO:colcon.colcon_core.shell:Creating prefix chain script '/home/emkk/grap_ws/install/setup.ps1'
[0.513s] INFO:colcon.colcon_core.shell:Creating prefix script '/home/emkk/grap_ws/install/local_setup.sh'
[0.514s] INFO:colcon.colcon_core.shell:Creating prefix util module '/home/emkk/grap_ws/install/_local_setup_util_sh.py'
[0.514s] INFO:colcon.colcon_core.shell:Creating prefix chain script '/home/emkk/grap_ws/install/setup.sh'
[0.515s] INFO:colcon.colcon_core.shell:Creating prefix script '/home/emkk/grap_ws/install/local_setup.bash'
[0.516s] INFO:colcon.colcon_core.shell:Creating prefix chain script '/home/emkk/grap_ws/install/setup.bash'
[0.517s] INFO:colcon.colcon_core.shell:Creating prefix script '/home/emkk/grap_ws/install/local_setup.zsh'
[0.517s] INFO:colcon.colcon_core.shell:Creating prefix chain script '/home/emkk/grap_ws/install/setup.zsh'
