-- The C compiler identification is GNU 11.4.0
-- The CXX compiler identification is GNU 11.4.0
-- Detecting C compiler ABI info
-- Detecting C compiler ABI info - done
-- Check for working C compiler: /usr/bin/cc - skipped
-- Detecting C compile features
-- Detecting C compile features - done
-- Detecting CXX compiler ABI info
-- Detecting CXX compiler ABI info - done
-- Check for working CXX compiler: /usr/bin/c++ - skipped
-- Detecting CXX compile features
-- Detecting CXX compile features - done
-- Found ament_cmake: 1.3.11 (/opt/ros/humble/share/ament_cmake/cmake)
-- Found Python3: /usr/bin/python3 (found version "3.10.12") found components: Interpreter 
-- Found hardware_interface: 2.48.0 (/opt/ros/humble/share/hardware_interface/cmake)
-- Found rosidl_generator_c: 3.1.6 (/opt/ros/humble/share/rosidl_generator_c/cmake)
-- Found rosidl_adapter: 3.1.6 (/opt/ros/humble/share/rosidl_adapter/cmake)
-- Found rosidl_generator_cpp: 3.1.6 (/opt/ros/humble/share/rosidl_generator_cpp/cmake)
-- Using all available rosidl_typesupport_c: rosidl_typesupport_fastrtps_c;rosidl_typesupport_introspection_c
-- Using all available rosidl_typesupport_cpp: rosidl_typesupport_fastrtps_cpp;rosidl_typesupport_introspection_cpp
-- Found rmw_implementation_cmake: 6.1.2 (/opt/ros/humble/share/rmw_implementation_cmake/cmake)
-- Found rmw_fastrtps_cpp: 6.2.7 (/opt/ros/humble/share/rmw_fastrtps_cpp/cmake)
-- Found TinyXML2 via Config file: TinyXML2_DIR-NOTFOUND
-- Found OpenSSL: /usr/lib/x86_64-linux-gnu/libcrypto.so (found version "3.0.2")  
-- Found TinyXML2 via Config file: TinyXML2_DIR-NOTFOUND
-- Found FastRTPS: /opt/ros/humble/include  
-- Found TinyXML2 via Config file: TinyXML2_DIR-NOTFOUND
-- Found TinyXML2 via Config file: TinyXML2_DIR-NOTFOUND
-- Using RMW implementation 'rmw_fastrtps_cpp' as default
-- Looking for pthread.h
-- Looking for pthread.h - found
-- Performing Test CMAKE_HAVE_LIBC_PTHREAD
-- Performing Test CMAKE_HAVE_LIBC_PTHREAD - Success
-- Found Threads: TRUE  
-- Found PkgConfig: /usr/bin/pkg-config (found version "0.29.2") 
-- Checking for module 'libserial'
--   Found libserial, version 1.0.0
-- Found ament_lint_auto: 0.12.11 (/opt/ros/humble/share/ament_lint_auto/cmake)
-- Added test 'cppcheck' to perform static code analysis on C / C++ code
-- Configured cppcheck include dirs: $<BUILD_INTERFACE:/home/emkk/grap_ws/src/grap_controller/include>
-- Configured cppcheck exclude dirs and/or files: 
-- Added test 'flake8' to check Python code syntax and style conventions
-- Added test 'lint_cmake' to check CMake code style
-- Added test 'pep257' to check Python code against some of the docstring style conventions in PEP 257
-- Added test 'uncrustify' to check C / C++ code style
-- Configured uncrustify additional arguments: 
-- Added test 'xmllint' to check XML markup files
-- Configuring done
-- Generating done
-- Build files have been written to: /home/emkk/grap_ws/build/grap_controller
[ 50%] [32mBuilding CXX object CMakeFiles/grap_controller.dir/src/grap_interface.cpp.o[0m
[100%] [32m[1mLinking CXX shared library libgrap_controller.so[0m
[100%] Built target grap_controller
-- Install configuration: ""
-- Installing: /home/emkk/grap_ws/install/grap_controller/share/grap_controller/grap_controller.xml
-- Installing: /home/emkk/grap_ws/install/grap_controller/share/grap_controller/config
-- Installing: /home/emkk/grap_ws/install/grap_controller/share/grap_controller/config/grap_controllers.yaml
-- Installing: /home/emkk/grap_ws/install/grap_controller/share/grap_controller/launch
-- Installing: /home/emkk/grap_ws/install/grap_controller/share/grap_controller/launch/controller.launch.py
-- Installing: /home/emkk/grap_ws/install/grap_controller/lib/libgrap_controller.so
-- Set runtime path of "/home/emkk/grap_ws/install/grap_controller/lib/libgrap_controller.so" to ""
-- Installing: /home/emkk/grap_ws/install/grap_controller/include
-- Installing: /home/emkk/grap_ws/install/grap_controller/include/grap_interface.hpp
-- Installing: /home/emkk/grap_ws/install/grap_controller/share/grap_controller/environment/library_path.sh
-- Installing: /home/emkk/grap_ws/install/grap_controller/share/grap_controller/environment/library_path.dsv
-- Installing: /home/emkk/grap_ws/install/grap_controller/share/ament_index/resource_index/package_run_dependencies/grap_controller
-- Installing: /home/emkk/grap_ws/install/grap_controller/share/ament_index/resource_index/parent_prefix_path/grap_controller
-- Installing: /home/emkk/grap_ws/install/grap_controller/share/grap_controller/environment/ament_prefix_path.sh
-- Installing: /home/emkk/grap_ws/install/grap_controller/share/grap_controller/environment/ament_prefix_path.dsv
-- Installing: /home/emkk/grap_ws/install/grap_controller/share/grap_controller/environment/path.sh
-- Installing: /home/emkk/grap_ws/install/grap_controller/share/grap_controller/environment/path.dsv
-- Installing: /home/emkk/grap_ws/install/grap_controller/share/grap_controller/local_setup.bash
-- Installing: /home/emkk/grap_ws/install/grap_controller/share/grap_controller/local_setup.sh
-- Installing: /home/emkk/grap_ws/install/grap_controller/share/grap_controller/local_setup.zsh
-- Installing: /home/emkk/grap_ws/install/grap_controller/share/grap_controller/local_setup.dsv
-- Installing: /home/emkk/grap_ws/install/grap_controller/share/grap_controller/package.dsv
-- Installing: /home/emkk/grap_ws/install/grap_controller/share/ament_index/resource_index/packages/grap_controller
-- Installing: /home/emkk/grap_ws/install/grap_controller/share/ament_index/resource_index/hardware_interface__pluginlib__plugin/grap_controller
-- Installing: /home/emkk/grap_ws/install/grap_controller/share/grap_controller/cmake/ament_cmake_export_include_directories-extras.cmake
-- Installing: /home/emkk/grap_ws/install/grap_controller/share/grap_controller/cmake/ament_cmake_export_libraries-extras.cmake
-- Installing: /home/emkk/grap_ws/install/grap_controller/share/grap_controller/cmake/ament_cmake_export_dependencies-extras.cmake
-- Installing: /home/emkk/grap_ws/install/grap_controller/share/grap_controller/cmake/grap_controllerConfig.cmake
-- Installing: /home/emkk/grap_ws/install/grap_controller/share/grap_controller/cmake/grap_controllerConfig-version.cmake
-- Installing: /home/emkk/grap_ws/install/grap_controller/share/grap_controller/package.xml
