[0.020s] Invoking command in '/home/emkk/grap_ws/build/grap_bringup': CMAKE_PREFIX_PATH=${CMAKE_PREFIX_PATH}:/opt/ros/humble /usr/bin/cmake /home/emkk/grap_ws/src/grap_bringup -DCMAKE_INSTALL_PREFIX=/home/emkk/grap_ws/install/grap_bringup
[0.076s] -- The C compiler identification is GNU 11.4.0
[0.133s] -- The CXX compiler identification is GNU 11.4.0
[0.141s] -- Detecting C compiler ABI info
[0.233s] -- Detecting C compiler ABI info - done
[0.240s] -- Check for working C compiler: /usr/bin/cc - skipped
[0.241s] -- Detecting C compile features
[0.243s] -- Detecting C compile features - done
[0.247s] -- Detecting CXX compiler ABI info
[0.337s] -- Detecting CXX compiler ABI info - done
[0.344s] -- Check for working CXX compiler: /usr/bin/c++ - skipped
[0.344s] -- Detecting CXX compile features
[0.345s] -- Detecting CXX compile features - done
[0.348s] -- Found ament_cmake: 1.3.11 (/opt/ros/humble/share/ament_cmake/cmake)
[0.507s] -- Found Python3: /usr/bin/python3 (found version "3.10.12") found components: Interpreter 
[0.681s] -- Configuring done
[0.684s] -- Generating done
[0.685s] -- Build files have been written to: /home/emkk/grap_ws/build/grap_bringup
[0.690s] Invoked command in '/home/emkk/grap_ws/build/grap_bringup' returned '0': CMAKE_PREFIX_PATH=${CMAKE_PREFIX_PATH}:/opt/ros/humble /usr/bin/cmake /home/emkk/grap_ws/src/grap_bringup -DCMAKE_INSTALL_PREFIX=/home/emkk/grap_ws/install/grap_bringup
[0.693s] Invoking command in '/home/emkk/grap_ws/build/grap_bringup': CMAKE_PREFIX_PATH=${CMAKE_PREFIX_PATH}:/opt/ros/humble /usr/bin/cmake --build /home/emkk/grap_ws/build/grap_bringup -- -j16 -l16
[0.736s] Invoked command in '/home/emkk/grap_ws/build/grap_bringup' returned '0': CMAKE_PREFIX_PATH=${CMAKE_PREFIX_PATH}:/opt/ros/humble /usr/bin/cmake --build /home/emkk/grap_ws/build/grap_bringup -- -j16 -l16
[0.746s] Invoking command in '/home/emkk/grap_ws/build/grap_bringup': CMAKE_PREFIX_PATH=${CMAKE_PREFIX_PATH}:/opt/ros/humble /usr/bin/cmake --install /home/emkk/grap_ws/build/grap_bringup
[0.753s] -- Install configuration: ""
[0.753s] -- Installing: /home/emkk/grap_ws/install/grap_bringup/share/grap_bringup/launch
[0.754s] -- Installing: /home/emkk/grap_ws/install/grap_bringup/share/grap_bringup/launch/simulated_robot.launch.py
[0.754s] -- Installing: /home/emkk/grap_ws/install/grap_bringup/share/grap_bringup/launch/real_robot.launch.py
[0.754s] -- Installing: /home/emkk/grap_ws/install/grap_bringup/share/ament_index/resource_index/package_run_dependencies/grap_bringup
[0.754s] -- Installing: /home/emkk/grap_ws/install/grap_bringup/share/ament_index/resource_index/parent_prefix_path/grap_bringup
[0.754s] -- Installing: /home/emkk/grap_ws/install/grap_bringup/share/grap_bringup/environment/ament_prefix_path.sh
[0.754s] -- Installing: /home/emkk/grap_ws/install/grap_bringup/share/grap_bringup/environment/ament_prefix_path.dsv
[0.754s] -- Installing: /home/emkk/grap_ws/install/grap_bringup/share/grap_bringup/environment/path.sh
[0.754s] -- Installing: /home/emkk/grap_ws/install/grap_bringup/share/grap_bringup/environment/path.dsv
[0.755s] -- Installing: /home/emkk/grap_ws/install/grap_bringup/share/grap_bringup/local_setup.bash
[0.755s] -- Installing: /home/emkk/grap_ws/install/grap_bringup/share/grap_bringup/local_setup.sh
[0.755s] -- Installing: /home/emkk/grap_ws/install/grap_bringup/share/grap_bringup/local_setup.zsh
[0.755s] -- Installing: /home/emkk/grap_ws/install/grap_bringup/share/grap_bringup/local_setup.dsv
[0.755s] -- Installing: /home/emkk/grap_ws/install/grap_bringup/share/grap_bringup/package.dsv
[0.755s] -- Installing: /home/emkk/grap_ws/install/grap_bringup/share/ament_index/resource_index/packages/grap_bringup
[0.755s] -- Installing: /home/emkk/grap_ws/install/grap_bringup/share/grap_bringup/cmake/grap_bringupConfig.cmake
[0.755s] -- Installing: /home/emkk/grap_ws/install/grap_bringup/share/grap_bringup/cmake/grap_bringupConfig-version.cmake
[0.756s] -- Installing: /home/emkk/grap_ws/install/grap_bringup/share/grap_bringup/package.xml
[0.759s] Invoked command in '/home/emkk/grap_ws/build/grap_bringup' returned '0': CMAKE_PREFIX_PATH=${CMAKE_PREFIX_PATH}:/opt/ros/humble /usr/bin/cmake --install /home/emkk/grap_ws/build/grap_bringup
