[35m[1mConsolidate compiler generated dependencies of target grap_controller[0m
[100%] Built target grap_controller
-- Install configuration: ""
-- Up-to-date: /home/emkk/grap_ws/install/grap_controller/share/grap_controller/grap_controller.xml
-- Up-to-date: /home/emkk/grap_ws/install/grap_controller/share/grap_controller/config
-- Up-to-date: /home/emkk/grap_ws/install/grap_controller/share/grap_controller/config/grap_controllers.yaml
-- Up-to-date: /home/emkk/grap_ws/install/grap_controller/share/grap_controller/launch
-- Up-to-date: /home/emkk/grap_ws/install/grap_controller/share/grap_controller/launch/controller.launch.py
-- Up-to-date: /home/emkk/grap_ws/install/grap_controller/lib/libgrap_controller.so
-- Up-to-date: /home/emkk/grap_ws/install/grap_controller/include
-- Up-to-date: /home/emkk/grap_ws/install/grap_controller/include/grap_interface.hpp
-- Up-to-date: /home/emkk/grap_ws/install/grap_controller/share/grap_controller/environment/library_path.sh
-- Up-to-date: /home/emkk/grap_ws/install/grap_controller/share/grap_controller/environment/library_path.dsv
-- Up-to-date: /home/emkk/grap_ws/install/grap_controller/share/ament_index/resource_index/package_run_dependencies/grap_controller
-- Up-to-date: /home/emkk/grap_ws/install/grap_controller/share/ament_index/resource_index/parent_prefix_path/grap_controller
-- Up-to-date: /home/emkk/grap_ws/install/grap_controller/share/grap_controller/environment/ament_prefix_path.sh
-- Up-to-date: /home/emkk/grap_ws/install/grap_controller/share/grap_controller/environment/ament_prefix_path.dsv
-- Up-to-date: /home/emkk/grap_ws/install/grap_controller/share/grap_controller/environment/path.sh
-- Up-to-date: /home/emkk/grap_ws/install/grap_controller/share/grap_controller/environment/path.dsv
-- Up-to-date: /home/emkk/grap_ws/install/grap_controller/share/grap_controller/local_setup.bash
-- Up-to-date: /home/emkk/grap_ws/install/grap_controller/share/grap_controller/local_setup.sh
-- Up-to-date: /home/emkk/grap_ws/install/grap_controller/share/grap_controller/local_setup.zsh
-- Up-to-date: /home/emkk/grap_ws/install/grap_controller/share/grap_controller/local_setup.dsv
-- Installing: /home/emkk/grap_ws/install/grap_controller/share/grap_controller/package.dsv
-- Up-to-date: /home/emkk/grap_ws/install/grap_controller/share/ament_index/resource_index/packages/grap_controller
-- Up-to-date: /home/emkk/grap_ws/install/grap_controller/share/ament_index/resource_index/hardware_interface__pluginlib__plugin/grap_controller
-- Up-to-date: /home/emkk/grap_ws/install/grap_controller/share/grap_controller/cmake/ament_cmake_export_include_directories-extras.cmake
-- Up-to-date: /home/emkk/grap_ws/install/grap_controller/share/grap_controller/cmake/ament_cmake_export_libraries-extras.cmake
-- Up-to-date: /home/emkk/grap_ws/install/grap_controller/share/grap_controller/cmake/ament_cmake_export_dependencies-extras.cmake
-- Up-to-date: /home/emkk/grap_ws/install/grap_controller/share/grap_controller/cmake/grap_controllerConfig.cmake
-- Up-to-date: /home/emkk/grap_ws/install/grap_controller/share/grap_controller/cmake/grap_controllerConfig-version.cmake
-- Up-to-date: /home/emkk/grap_ws/install/grap_controller/share/grap_controller/package.xml
