[0.019s] Invoking command in '/home/emkk/grap_ws/build/grap_controller': CMAKE_PREFIX_PATH=${CMAKE_PREFIX_PATH}:/opt/ros/humble /usr/bin/cmake --build /home/emkk/grap_ws/build/grap_controller -- -j16 -l16
[0.057s] [35m[1mConsolidate compiler generated dependencies of target grap_controller[0m
[0.077s] [100%] Built target grap_controller
[0.108s] Invoked command in '/home/emkk/grap_ws/build/grap_controller' returned '0': CMAKE_PREFIX_PATH=${CMAKE_PREFIX_PATH}:/opt/ros/humble /usr/bin/cmake --build /home/emkk/grap_ws/build/grap_controller -- -j16 -l16
[0.109s] Invoking command in '/home/emkk/grap_ws/build/grap_controller': CMAKE_PREFIX_PATH=${CMAKE_PREFIX_PATH}:/opt/ros/humble /usr/bin/cmake --install /home/emkk/grap_ws/build/grap_controller
[0.120s] -- Install configuration: ""
[0.120s] -- Up-to-date: /home/emkk/grap_ws/install/grap_controller/share/grap_controller/grap_controller.xml
[0.120s] -- Up-to-date: /home/emkk/grap_ws/install/grap_controller/share/grap_controller/config
[0.120s] -- Up-to-date: /home/emkk/grap_ws/install/grap_controller/share/grap_controller/config/grap_controllers.yaml
[0.120s] -- Up-to-date: /home/emkk/grap_ws/install/grap_controller/share/grap_controller/launch
[0.120s] -- Up-to-date: /home/emkk/grap_ws/install/grap_controller/share/grap_controller/launch/controller.launch.py
[0.121s] -- Up-to-date: /home/emkk/grap_ws/install/grap_controller/lib/libgrap_controller.so
[0.121s] -- Up-to-date: /home/emkk/grap_ws/install/grap_controller/include
[0.121s] -- Up-to-date: /home/emkk/grap_ws/install/grap_controller/include/grap_interface.hpp
[0.121s] -- Up-to-date: /home/emkk/grap_ws/install/grap_controller/share/grap_controller/environment/library_path.sh
[0.121s] -- Up-to-date: /home/emkk/grap_ws/install/grap_controller/share/grap_controller/environment/library_path.dsv
[0.121s] -- Up-to-date: /home/emkk/grap_ws/install/grap_controller/share/ament_index/resource_index/package_run_dependencies/grap_controller
[0.121s] -- Up-to-date: /home/emkk/grap_ws/install/grap_controller/share/ament_index/resource_index/parent_prefix_path/grap_controller
[0.121s] -- Up-to-date: /home/emkk/grap_ws/install/grap_controller/share/grap_controller/environment/ament_prefix_path.sh
[0.121s] -- Up-to-date: /home/emkk/grap_ws/install/grap_controller/share/grap_controller/environment/ament_prefix_path.dsv
[0.121s] -- Up-to-date: /home/emkk/grap_ws/install/grap_controller/share/grap_controller/environment/path.sh
[0.121s] -- Up-to-date: /home/emkk/grap_ws/install/grap_controller/share/grap_controller/environment/path.dsv
[0.121s] -- Up-to-date: /home/emkk/grap_ws/install/grap_controller/share/grap_controller/local_setup.bash
[0.122s] -- Up-to-date: /home/emkk/grap_ws/install/grap_controller/share/grap_controller/local_setup.sh
[0.122s] -- Up-to-date: /home/emkk/grap_ws/install/grap_controller/share/grap_controller/local_setup.zsh
[0.122s] -- Up-to-date: /home/emkk/grap_ws/install/grap_controller/share/grap_controller/local_setup.dsv
[0.122s] -- Installing: /home/emkk/grap_ws/install/grap_controller/share/grap_controller/package.dsv
[0.122s] -- Up-to-date: /home/emkk/grap_ws/install/grap_controller/share/ament_index/resource_index/packages/grap_controller
[0.122s] -- Up-to-date: /home/emkk/grap_ws/install/grap_controller/share/ament_index/resource_index/hardware_interface__pluginlib__plugin/grap_controller
[0.122s] -- Up-to-date: /home/emkk/grap_ws/install/grap_controller/share/grap_controller/cmake/ament_cmake_export_include_directories-extras.cmake
[0.122s] -- Up-to-date: /home/emkk/grap_ws/install/grap_controller/share/grap_controller/cmake/ament_cmake_export_libraries-extras.cmake
[0.122s] -- Up-to-date: /home/emkk/grap_ws/install/grap_controller/share/grap_controller/cmake/ament_cmake_export_dependencies-extras.cmake
[0.122s] -- Up-to-date: /home/emkk/grap_ws/install/grap_controller/share/grap_controller/cmake/grap_controllerConfig.cmake
[0.123s] -- Up-to-date: /home/emkk/grap_ws/install/grap_controller/share/grap_controller/cmake/grap_controllerConfig-version.cmake
[0.123s] -- Up-to-date: /home/emkk/grap_ws/install/grap_controller/share/grap_controller/package.xml
[0.123s] Invoked command in '/home/emkk/grap_ws/build/grap_controller' returned '0': CMAKE_PREFIX_PATH=${CMAKE_PREFIX_PATH}:/opt/ros/humble /usr/bin/cmake --install /home/emkk/grap_ws/build/grap_controller
