[0.094s] DEBUG:colcon:Command line arguments: ['/usr/bin/colcon', 'build']
[0.094s] DEBUG:colcon:Parsed command line arguments: Namespace(log_base=None, log_level=None, verb_name='build', build_base='build', install_base='install', merge_install=False, symlink_install=False, test_result_base=None, continue_on_error=False, executor='parallel', parallel_workers=16, event_handlers=None, ignore_user_meta=False, metas=['./colcon.meta'], base_paths=['.'], packages_ignore=None, packages_ignore_regex=None, paths=None, packages_up_to=None, packages_up_to_regex=None, packages_above=None, packages_above_and_dependencies=None, packages_above_depth=None, packages_select_by_dep=None, packages_skip_by_dep=None, packages_skip_up_to=None, packages_select_build_failed=False, packages_skip_build_finished=False, packages_select_test_failures=False, packages_skip_test_passed=False, packages_select=None, packages_skip=None, packages_select_regex=None, packages_skip_regex=None, packages_start=None, packages_end=None, allow_overriding=[], cmake_args=None, cmake_target=None, cmake_target_skip_unavailable=False, cmake_clean_cache=False, cmake_clean_first=False, cmake_force_configure=False, ament_cmake_args=None, catkin_cmake_args=None, catkin_skip_building_tests=False, mixin_files=None, mixin=None, verb_parser=<colcon_mixin.mixin.mixin_argument.MixinArgumentDecorator object at 0x7fe6022eab60>, verb_extension=<colcon_core.verb.build.BuildVerb object at 0x7fe6022a43a0>, main=<bound method BuildVerb.main of <colcon_core.verb.build.BuildVerb object at 0x7fe6022a43a0>>, mixin_verb=('build',))
[0.259s] Level 1:colcon.colcon_core.package_discovery:discover_packages(colcon_meta) check parameters
[0.259s] Level 1:colcon.colcon_core.package_discovery:discover_packages(recursive) check parameters
[0.259s] Level 1:colcon.colcon_core.package_discovery:discover_packages(ignore) check parameters
[0.259s] Level 1:colcon.colcon_core.package_discovery:discover_packages(path) check parameters
[0.259s] Level 1:colcon.colcon_core.package_discovery:discover_packages(colcon_meta) discover
[0.259s] Level 1:colcon.colcon_core.package_discovery:discover_packages(recursive) discover
[0.259s] INFO:colcon.colcon_core.package_discovery:Crawling recursively for packages in '/home/emkk/grap_ws'
[0.259s] Level 1:colcon.colcon_core.package_identification:_identify(.) by extensions ['ignore', 'ignore_ament_install']
[0.259s] Level 1:colcon.colcon_core.package_identification:_identify(.) by extension 'ignore'
[0.260s] Level 1:colcon.colcon_core.package_identification:_identify(.) by extension 'ignore_ament_install'
[0.260s] Level 1:colcon.colcon_core.package_identification:_identify(.) by extensions ['colcon_pkg']
[0.260s] Level 1:colcon.colcon_core.package_identification:_identify(.) by extension 'colcon_pkg'
[0.260s] Level 1:colcon.colcon_core.package_identification:_identify(.) by extensions ['colcon_meta']
[0.260s] Level 1:colcon.colcon_core.package_identification:_identify(.) by extension 'colcon_meta'
[0.260s] Level 1:colcon.colcon_core.package_identification:_identify(.) by extensions ['ros']
[0.260s] Level 1:colcon.colcon_core.package_identification:_identify(.) by extension 'ros'
[0.280s] Level 1:colcon.colcon_core.package_identification:_identify(.) by extensions ['cmake', 'python']
[0.280s] Level 1:colcon.colcon_core.package_identification:_identify(.) by extension 'cmake'
[0.280s] Level 1:colcon.colcon_core.package_identification:_identify(.) by extension 'python'
[0.280s] Level 1:colcon.colcon_core.package_identification:_identify(.) by extensions ['python_setup_py']
[0.280s] Level 1:colcon.colcon_core.package_identification:_identify(.) by extension 'python_setup_py'
[0.280s] Level 1:colcon.colcon_core.package_identification:_identify(build) by extensions ['ignore', 'ignore_ament_install']
[0.280s] Level 1:colcon.colcon_core.package_identification:_identify(build) by extension 'ignore'
[0.280s] Level 1:colcon.colcon_core.package_identification:_identify(build) ignored
[0.280s] Level 1:colcon.colcon_core.package_identification:_identify(install) by extensions ['ignore', 'ignore_ament_install']
[0.280s] Level 1:colcon.colcon_core.package_identification:_identify(install) by extension 'ignore'
[0.280s] Level 1:colcon.colcon_core.package_identification:_identify(install) ignored
[0.280s] Level 1:colcon.colcon_core.package_identification:_identify(log) by extensions ['ignore', 'ignore_ament_install']
[0.280s] Level 1:colcon.colcon_core.package_identification:_identify(log) by extension 'ignore'
[0.280s] Level 1:colcon.colcon_core.package_identification:_identify(log) ignored
[0.280s] Level 1:colcon.colcon_core.package_identification:_identify(src) by extensions ['ignore', 'ignore_ament_install']
[0.280s] Level 1:colcon.colcon_core.package_identification:_identify(src) by extension 'ignore'
[0.280s] Level 1:colcon.colcon_core.package_identification:_identify(src) by extension 'ignore_ament_install'
[0.281s] Level 1:colcon.colcon_core.package_identification:_identify(src) by extensions ['colcon_pkg']
[0.281s] Level 1:colcon.colcon_core.package_identification:_identify(src) by extension 'colcon_pkg'
[0.281s] Level 1:colcon.colcon_core.package_identification:_identify(src) by extensions ['colcon_meta']
[0.281s] Level 1:colcon.colcon_core.package_identification:_identify(src) by extension 'colcon_meta'
[0.281s] Level 1:colcon.colcon_core.package_identification:_identify(src) by extensions ['ros']
[0.281s] Level 1:colcon.colcon_core.package_identification:_identify(src) by extension 'ros'
[0.281s] Level 1:colcon.colcon_core.package_identification:_identify(src) by extensions ['cmake', 'python']
[0.281s] Level 1:colcon.colcon_core.package_identification:_identify(src) by extension 'cmake'
[0.281s] Level 1:colcon.colcon_core.package_identification:_identify(src) by extension 'python'
[0.281s] Level 1:colcon.colcon_core.package_identification:_identify(src) by extensions ['python_setup_py']
[0.281s] Level 1:colcon.colcon_core.package_identification:_identify(src) by extension 'python_setup_py'
[0.281s] Level 1:colcon.colcon_core.package_identification:_identify(src/grap_bringup) by extensions ['ignore', 'ignore_ament_install']
[0.281s] Level 1:colcon.colcon_core.package_identification:_identify(src/grap_bringup) by extension 'ignore'
[0.281s] Level 1:colcon.colcon_core.package_identification:_identify(src/grap_bringup) by extension 'ignore_ament_install'
[0.281s] Level 1:colcon.colcon_core.package_identification:_identify(src/grap_bringup) by extensions ['colcon_pkg']
[0.281s] Level 1:colcon.colcon_core.package_identification:_identify(src/grap_bringup) by extension 'colcon_pkg'
[0.281s] Level 1:colcon.colcon_core.package_identification:_identify(src/grap_bringup) by extensions ['colcon_meta']
[0.281s] Level 1:colcon.colcon_core.package_identification:_identify(src/grap_bringup) by extension 'colcon_meta'
[0.281s] Level 1:colcon.colcon_core.package_identification:_identify(src/grap_bringup) by extensions ['ros']
[0.281s] Level 1:colcon.colcon_core.package_identification:_identify(src/grap_bringup) by extension 'ros'
[0.283s] DEBUG:colcon.colcon_core.package_identification:Package 'src/grap_bringup' with type 'ros.ament_cmake' and name 'grap_bringup'
[0.283s] Level 1:colcon.colcon_core.package_identification:_identify(src/grap_controller) by extensions ['ignore', 'ignore_ament_install']
[0.283s] Level 1:colcon.colcon_core.package_identification:_identify(src/grap_controller) by extension 'ignore'
[0.283s] Level 1:colcon.colcon_core.package_identification:_identify(src/grap_controller) by extension 'ignore_ament_install'
[0.283s] Level 1:colcon.colcon_core.package_identification:_identify(src/grap_controller) by extensions ['colcon_pkg']
[0.283s] Level 1:colcon.colcon_core.package_identification:_identify(src/grap_controller) by extension 'colcon_pkg'
[0.283s] Level 1:colcon.colcon_core.package_identification:_identify(src/grap_controller) by extensions ['colcon_meta']
[0.283s] Level 1:colcon.colcon_core.package_identification:_identify(src/grap_controller) by extension 'colcon_meta'
[0.283s] Level 1:colcon.colcon_core.package_identification:_identify(src/grap_controller) by extensions ['ros']
[0.284s] Level 1:colcon.colcon_core.package_identification:_identify(src/grap_controller) by extension 'ros'
[0.284s] DEBUG:colcon.colcon_core.package_identification:Package 'src/grap_controller' with type 'ros.ament_cmake' and name 'grap_controller'
[0.284s] Level 1:colcon.colcon_core.package_identification:_identify(src/grap_description) by extensions ['ignore', 'ignore_ament_install']
[0.284s] Level 1:colcon.colcon_core.package_identification:_identify(src/grap_description) by extension 'ignore'
[0.284s] Level 1:colcon.colcon_core.package_identification:_identify(src/grap_description) by extension 'ignore_ament_install'
[0.284s] Level 1:colcon.colcon_core.package_identification:_identify(src/grap_description) by extensions ['colcon_pkg']
[0.284s] Level 1:colcon.colcon_core.package_identification:_identify(src/grap_description) by extension 'colcon_pkg'
[0.284s] Level 1:colcon.colcon_core.package_identification:_identify(src/grap_description) by extensions ['colcon_meta']
[0.285s] Level 1:colcon.colcon_core.package_identification:_identify(src/grap_description) by extension 'colcon_meta'
[0.285s] Level 1:colcon.colcon_core.package_identification:_identify(src/grap_description) by extensions ['ros']
[0.285s] Level 1:colcon.colcon_core.package_identification:_identify(src/grap_description) by extension 'ros'
[0.285s] DEBUG:colcon.colcon_core.package_identification:Package 'src/grap_description' with type 'ros.ament_cmake' and name 'grap_description'
[0.285s] Level 1:colcon.colcon_core.package_identification:_identify(src/grap_moveit) by extensions ['ignore', 'ignore_ament_install']
[0.285s] Level 1:colcon.colcon_core.package_identification:_identify(src/grap_moveit) by extension 'ignore'
[0.285s] Level 1:colcon.colcon_core.package_identification:_identify(src/grap_moveit) by extension 'ignore_ament_install'
[0.285s] Level 1:colcon.colcon_core.package_identification:_identify(src/grap_moveit) by extensions ['colcon_pkg']
[0.285s] Level 1:colcon.colcon_core.package_identification:_identify(src/grap_moveit) by extension 'colcon_pkg'
[0.285s] Level 1:colcon.colcon_core.package_identification:_identify(src/grap_moveit) by extensions ['colcon_meta']
[0.285s] Level 1:colcon.colcon_core.package_identification:_identify(src/grap_moveit) by extension 'colcon_meta'
[0.285s] Level 1:colcon.colcon_core.package_identification:_identify(src/grap_moveit) by extensions ['ros']
[0.285s] Level 1:colcon.colcon_core.package_identification:_identify(src/grap_moveit) by extension 'ros'
[0.286s] DEBUG:colcon.colcon_core.package_identification:Package 'src/grap_moveit' with type 'ros.ament_cmake' and name 'grap_moveit'
[0.286s] Level 1:colcon.colcon_core.package_discovery:discover_packages(recursive) using defaults
[0.286s] Level 1:colcon.colcon_core.package_discovery:discover_packages(ignore) discover
[0.286s] Level 1:colcon.colcon_core.package_discovery:discover_packages(ignore) using defaults
[0.286s] Level 1:colcon.colcon_core.package_discovery:discover_packages(path) discover
[0.286s] Level 1:colcon.colcon_core.package_discovery:discover_packages(path) using defaults
[0.301s] Level 1:colcon.colcon_core.package_discovery:discover_packages(prefix_path) check parameters
[0.302s] Level 1:colcon.colcon_core.package_discovery:discover_packages(prefix_path) discover
[0.302s] WARNING:colcon.colcon_ros.prefix_path.ament:The path '/home/emkk/grap_ws/install/grap_moveit' in the environment variable AMENT_PREFIX_PATH doesn't exist
[0.302s] WARNING:colcon.colcon_ros.prefix_path.ament:The path '/home/emkk/grap_ws/install/grap_description' in the environment variable AMENT_PREFIX_PATH doesn't exist
[0.302s] WARNING:colcon.colcon_ros.prefix_path.ament:The path '/home/emkk/grap_ws/install/grap_controller' in the environment variable AMENT_PREFIX_PATH doesn't exist
[0.302s] WARNING:colcon.colcon_ros.prefix_path.ament:The path '/home/emkk/grap_ws/install/grap_bringup' in the environment variable AMENT_PREFIX_PATH doesn't exist
[0.302s] WARNING:colcon.colcon_ros.prefix_path.catkin:The path '/home/emkk/grap_ws/install/grap_moveit' in the environment variable CMAKE_PREFIX_PATH doesn't exist
[0.302s] WARNING:colcon.colcon_ros.prefix_path.catkin:The path '/home/emkk/grap_ws/install/grap_description' in the environment variable CMAKE_PREFIX_PATH doesn't exist
[0.303s] WARNING:colcon.colcon_ros.prefix_path.catkin:The path '/home/emkk/grap_ws/install/grap_controller' in the environment variable CMAKE_PREFIX_PATH doesn't exist
[0.303s] WARNING:colcon.colcon_ros.prefix_path.catkin:The path '/home/emkk/grap_ws/install/grap_bringup' in the environment variable CMAKE_PREFIX_PATH doesn't exist
[0.303s] DEBUG:colcon.colcon_installed_package_information.package_discovery:Found 0 installed packages in /home/emkk/grap_ws/install
[0.305s] DEBUG:colcon.colcon_installed_package_information.package_discovery:Found 428 installed packages in /opt/ros/humble
[0.307s] Level 1:colcon.colcon_core.package_discovery:discover_packages(prefix_path) using defaults
[0.348s] Level 5:colcon.colcon_core.verb:set package 'grap_bringup' build argument 'cmake_args' from command line to 'None'
[0.348s] Level 5:colcon.colcon_core.verb:set package 'grap_bringup' build argument 'cmake_target' from command line to 'None'
[0.348s] Level 5:colcon.colcon_core.verb:set package 'grap_bringup' build argument 'cmake_target_skip_unavailable' from command line to 'False'
[0.348s] Level 5:colcon.colcon_core.verb:set package 'grap_bringup' build argument 'cmake_clean_cache' from command line to 'False'
[0.348s] Level 5:colcon.colcon_core.verb:set package 'grap_bringup' build argument 'cmake_clean_first' from command line to 'False'
[0.348s] Level 5:colcon.colcon_core.verb:set package 'grap_bringup' build argument 'cmake_force_configure' from command line to 'False'
[0.348s] Level 5:colcon.colcon_core.verb:set package 'grap_bringup' build argument 'ament_cmake_args' from command line to 'None'
[0.348s] Level 5:colcon.colcon_core.verb:set package 'grap_bringup' build argument 'catkin_cmake_args' from command line to 'None'
[0.348s] Level 5:colcon.colcon_core.verb:set package 'grap_bringup' build argument 'catkin_skip_building_tests' from command line to 'False'
[0.348s] DEBUG:colcon.colcon_core.verb:Building package 'grap_bringup' with the following arguments: {'ament_cmake_args': None, 'build_base': '/home/emkk/grap_ws/build/grap_bringup', 'catkin_cmake_args': None, 'catkin_skip_building_tests': False, 'cmake_args': None, 'cmake_clean_cache': False, 'cmake_clean_first': False, 'cmake_force_configure': False, 'cmake_target': None, 'cmake_target_skip_unavailable': False, 'install_base': '/home/emkk/grap_ws/install/grap_bringup', 'merge_install': False, 'path': '/home/emkk/grap_ws/src/grap_bringup', 'symlink_install': False, 'test_result_base': None}
[0.349s] Level 5:colcon.colcon_core.verb:set package 'grap_controller' build argument 'cmake_args' from command line to 'None'
[0.349s] Level 5:colcon.colcon_core.verb:set package 'grap_controller' build argument 'cmake_target' from command line to 'None'
[0.349s] Level 5:colcon.colcon_core.verb:set package 'grap_controller' build argument 'cmake_target_skip_unavailable' from command line to 'False'
[0.349s] Level 5:colcon.colcon_core.verb:set package 'grap_controller' build argument 'cmake_clean_cache' from command line to 'False'
[0.349s] Level 5:colcon.colcon_core.verb:set package 'grap_controller' build argument 'cmake_clean_first' from command line to 'False'
[0.349s] Level 5:colcon.colcon_core.verb:set package 'grap_controller' build argument 'cmake_force_configure' from command line to 'False'
[0.349s] Level 5:colcon.colcon_core.verb:set package 'grap_controller' build argument 'ament_cmake_args' from command line to 'None'
[0.349s] Level 5:colcon.colcon_core.verb:set package 'grap_controller' build argument 'catkin_cmake_args' from command line to 'None'
[0.349s] Level 5:colcon.colcon_core.verb:set package 'grap_controller' build argument 'catkin_skip_building_tests' from command line to 'False'
[0.349s] DEBUG:colcon.colcon_core.verb:Building package 'grap_controller' with the following arguments: {'ament_cmake_args': None, 'build_base': '/home/emkk/grap_ws/build/grap_controller', 'catkin_cmake_args': None, 'catkin_skip_building_tests': False, 'cmake_args': None, 'cmake_clean_cache': False, 'cmake_clean_first': False, 'cmake_force_configure': False, 'cmake_target': None, 'cmake_target_skip_unavailable': False, 'install_base': '/home/emkk/grap_ws/install/grap_controller', 'merge_install': False, 'path': '/home/emkk/grap_ws/src/grap_controller', 'symlink_install': False, 'test_result_base': None}
[0.349s] Level 5:colcon.colcon_core.verb:set package 'grap_description' build argument 'cmake_args' from command line to 'None'
[0.349s] Level 5:colcon.colcon_core.verb:set package 'grap_description' build argument 'cmake_target' from command line to 'None'
[0.349s] Level 5:colcon.colcon_core.verb:set package 'grap_description' build argument 'cmake_target_skip_unavailable' from command line to 'False'
[0.349s] Level 5:colcon.colcon_core.verb:set package 'grap_description' build argument 'cmake_clean_cache' from command line to 'False'
[0.349s] Level 5:colcon.colcon_core.verb:set package 'grap_description' build argument 'cmake_clean_first' from command line to 'False'
[0.349s] Level 5:colcon.colcon_core.verb:set package 'grap_description' build argument 'cmake_force_configure' from command line to 'False'
[0.349s] Level 5:colcon.colcon_core.verb:set package 'grap_description' build argument 'ament_cmake_args' from command line to 'None'
[0.349s] Level 5:colcon.colcon_core.verb:set package 'grap_description' build argument 'catkin_cmake_args' from command line to 'None'
[0.349s] Level 5:colcon.colcon_core.verb:set package 'grap_description' build argument 'catkin_skip_building_tests' from command line to 'False'
[0.349s] DEBUG:colcon.colcon_core.verb:Building package 'grap_description' with the following arguments: {'ament_cmake_args': None, 'build_base': '/home/emkk/grap_ws/build/grap_description', 'catkin_cmake_args': None, 'catkin_skip_building_tests': False, 'cmake_args': None, 'cmake_clean_cache': False, 'cmake_clean_first': False, 'cmake_force_configure': False, 'cmake_target': None, 'cmake_target_skip_unavailable': False, 'install_base': '/home/emkk/grap_ws/install/grap_description', 'merge_install': False, 'path': '/home/emkk/grap_ws/src/grap_description', 'symlink_install': False, 'test_result_base': None}
[0.349s] Level 5:colcon.colcon_core.verb:set package 'grap_moveit' build argument 'cmake_args' from command line to 'None'
[0.349s] Level 5:colcon.colcon_core.verb:set package 'grap_moveit' build argument 'cmake_target' from command line to 'None'
[0.349s] Level 5:colcon.colcon_core.verb:set package 'grap_moveit' build argument 'cmake_target_skip_unavailable' from command line to 'False'
[0.349s] Level 5:colcon.colcon_core.verb:set package 'grap_moveit' build argument 'cmake_clean_cache' from command line to 'False'
[0.349s] Level 5:colcon.colcon_core.verb:set package 'grap_moveit' build argument 'cmake_clean_first' from command line to 'False'
[0.349s] Level 5:colcon.colcon_core.verb:set package 'grap_moveit' build argument 'cmake_force_configure' from command line to 'False'
[0.350s] Level 5:colcon.colcon_core.verb:set package 'grap_moveit' build argument 'ament_cmake_args' from command line to 'None'
[0.350s] Level 5:colcon.colcon_core.verb:set package 'grap_moveit' build argument 'catkin_cmake_args' from command line to 'None'
[0.350s] Level 5:colcon.colcon_core.verb:set package 'grap_moveit' build argument 'catkin_skip_building_tests' from command line to 'False'
[0.350s] DEBUG:colcon.colcon_core.verb:Building package 'grap_moveit' with the following arguments: {'ament_cmake_args': None, 'build_base': '/home/emkk/grap_ws/build/grap_moveit', 'catkin_cmake_args': None, 'catkin_skip_building_tests': False, 'cmake_args': None, 'cmake_clean_cache': False, 'cmake_clean_first': False, 'cmake_force_configure': False, 'cmake_target': None, 'cmake_target_skip_unavailable': False, 'install_base': '/home/emkk/grap_ws/install/grap_moveit', 'merge_install': False, 'path': '/home/emkk/grap_ws/src/grap_moveit', 'symlink_install': False, 'test_result_base': None}
[0.350s] INFO:colcon.colcon_core.executor:Executing jobs using 'parallel' executor
[0.350s] DEBUG:colcon.colcon_parallel_executor.executor.parallel:run_until_complete
[0.351s] INFO:colcon.colcon_ros.task.ament_cmake.build:Building ROS package in '/home/emkk/grap_ws/src/grap_bringup' with build type 'ament_cmake'
[0.351s] INFO:colcon.colcon_cmake.task.cmake.build:Building CMake package in '/home/emkk/grap_ws/src/grap_bringup'
[0.353s] INFO:colcon.colcon_core.plugin_system:Skipping extension 'colcon_core.shell.bat': Not used on non-Windows systems
[0.353s] INFO:colcon.colcon_core.shell:Skip shell extension 'powershell' for command environment: Not usable outside of PowerShell
[0.353s] DEBUG:colcon.colcon_core.shell:Skip shell extension 'dsv' for command environment
[0.356s] INFO:colcon.colcon_ros.task.ament_cmake.build:Building ROS package in '/home/emkk/grap_ws/src/grap_controller' with build type 'ament_cmake'
[0.356s] INFO:colcon.colcon_cmake.task.cmake.build:Building CMake package in '/home/emkk/grap_ws/src/grap_controller'
[0.356s] INFO:colcon.colcon_core.shell:Skip shell extension 'powershell' for command environment: Not usable outside of PowerShell
[0.356s] DEBUG:colcon.colcon_core.shell:Skip shell extension 'dsv' for command environment
[0.360s] INFO:colcon.colcon_ros.task.ament_cmake.build:Building ROS package in '/home/emkk/grap_ws/src/grap_description' with build type 'ament_cmake'
[0.360s] INFO:colcon.colcon_cmake.task.cmake.build:Building CMake package in '/home/emkk/grap_ws/src/grap_description'
[0.360s] INFO:colcon.colcon_core.shell:Skip shell extension 'powershell' for command environment: Not usable outside of PowerShell
[0.360s] DEBUG:colcon.colcon_core.shell:Skip shell extension 'dsv' for command environment
[0.364s] INFO:colcon.colcon_ros.task.ament_cmake.build:Building ROS package in '/home/emkk/grap_ws/src/grap_moveit' with build type 'ament_cmake'
[0.364s] INFO:colcon.colcon_cmake.task.cmake.build:Building CMake package in '/home/emkk/grap_ws/src/grap_moveit'
[0.364s] INFO:colcon.colcon_core.shell:Skip shell extension 'powershell' for command environment: Not usable outside of PowerShell
[0.364s] DEBUG:colcon.colcon_core.shell:Skip shell extension 'dsv' for command environment
[0.372s] DEBUG:colcon.colcon_core.event_handler.log_command:Invoking command in '/home/emkk/grap_ws/build/grap_bringup': CMAKE_PREFIX_PATH=${CMAKE_PREFIX_PATH}:/opt/ros/humble /usr/bin/cmake /home/emkk/grap_ws/src/grap_bringup -DCMAKE_INSTALL_PREFIX=/home/emkk/grap_ws/install/grap_bringup
[0.374s] DEBUG:colcon.colcon_core.event_handler.log_command:Invoking command in '/home/emkk/grap_ws/build/grap_controller': CMAKE_PREFIX_PATH=${CMAKE_PREFIX_PATH}:/opt/ros/humble /usr/bin/cmake /home/emkk/grap_ws/src/grap_controller -DCMAKE_INSTALL_PREFIX=/home/emkk/grap_ws/install/grap_controller
[0.376s] DEBUG:colcon.colcon_core.event_handler.log_command:Invoking command in '/home/emkk/grap_ws/build/grap_description': CMAKE_PREFIX_PATH=${CMAKE_PREFIX_PATH}:/opt/ros/humble /usr/bin/cmake /home/emkk/grap_ws/src/grap_description -DCMAKE_INSTALL_PREFIX=/home/emkk/grap_ws/install/grap_description
[0.383s] DEBUG:colcon.colcon_core.event_handler.log_command:Invoking command in '/home/emkk/grap_ws/build/grap_moveit': CMAKE_PREFIX_PATH=${CMAKE_PREFIX_PATH}:/opt/ros/humble /usr/bin/cmake /home/emkk/grap_ws/src/grap_moveit -DCMAKE_INSTALL_PREFIX=/home/emkk/grap_ws/install/grap_moveit
[1.042s] DEBUG:colcon.colcon_core.event_handler.log_command:Invoked command in '/home/emkk/grap_ws/build/grap_bringup' returned '0': CMAKE_PREFIX_PATH=${CMAKE_PREFIX_PATH}:/opt/ros/humble /usr/bin/cmake /home/emkk/grap_ws/src/grap_bringup -DCMAKE_INSTALL_PREFIX=/home/emkk/grap_ws/install/grap_bringup
[1.045s] DEBUG:colcon.colcon_core.event_handler.log_command:Invoking command in '/home/emkk/grap_ws/build/grap_bringup': CMAKE_PREFIX_PATH=${CMAKE_PREFIX_PATH}:/opt/ros/humble /usr/bin/cmake --build /home/emkk/grap_ws/build/grap_bringup -- -j16 -l16
[1.080s] DEBUG:colcon.colcon_core.event_handler.log_command:Invoked command in '/home/emkk/grap_ws/build/grap_moveit' returned '0': CMAKE_PREFIX_PATH=${CMAKE_PREFIX_PATH}:/opt/ros/humble /usr/bin/cmake /home/emkk/grap_ws/src/grap_moveit -DCMAKE_INSTALL_PREFIX=/home/emkk/grap_ws/install/grap_moveit
[1.082s] DEBUG:colcon.colcon_core.event_handler.log_command:Invoking command in '/home/emkk/grap_ws/build/grap_moveit': CMAKE_PREFIX_PATH=${CMAKE_PREFIX_PATH}:/opt/ros/humble /usr/bin/cmake --build /home/emkk/grap_ws/build/grap_moveit -- -j16 -l16
[1.087s] DEBUG:colcon.colcon_core.event_handler.log_command:Invoked command in '/home/emkk/grap_ws/build/grap_bringup' returned '0': CMAKE_PREFIX_PATH=${CMAKE_PREFIX_PATH}:/opt/ros/humble /usr/bin/cmake --build /home/emkk/grap_ws/build/grap_bringup -- -j16 -l16
[1.097s] DEBUG:colcon.colcon_core.event_handler.log_command:Invoking command in '/home/emkk/grap_ws/build/grap_bringup': CMAKE_PREFIX_PATH=${CMAKE_PREFIX_PATH}:/opt/ros/humble /usr/bin/cmake --install /home/emkk/grap_ws/build/grap_bringup
[1.099s] DEBUG:colcon.colcon_core.event_handler.log_command:Invoked command in '/home/emkk/grap_ws/build/grap_description' returned '0': CMAKE_PREFIX_PATH=${CMAKE_PREFIX_PATH}:/opt/ros/humble /usr/bin/cmake /home/emkk/grap_ws/src/grap_description -DCMAKE_INSTALL_PREFIX=/home/emkk/grap_ws/install/grap_description
[1.100s] DEBUG:colcon.colcon_core.event_handler.log_command:Invoking command in '/home/emkk/grap_ws/build/grap_description': CMAKE_PREFIX_PATH=${CMAKE_PREFIX_PATH}:/opt/ros/humble /usr/bin/cmake --build /home/emkk/grap_ws/build/grap_description -- -j16 -l16
[1.109s] Level 1:colcon.colcon_core.environment:create_environment_scripts_only(grap_bringup)
[1.110s] DEBUG:colcon.colcon_core.event_handler.log_command:Invoked command in '/home/emkk/grap_ws/build/grap_bringup' returned '0': CMAKE_PREFIX_PATH=${CMAKE_PREFIX_PATH}:/opt/ros/humble /usr/bin/cmake --install /home/emkk/grap_ws/build/grap_bringup
[1.113s] Level 1:colcon.colcon_core.environment:checking '/home/emkk/grap_ws/install/grap_bringup' for CMake module files
[1.114s] Level 1:colcon.colcon_core.environment:checking '/home/emkk/grap_ws/install/grap_bringup' for CMake config files
[1.114s] Level 1:colcon.colcon_core.shell:create_environment_hook('grap_bringup', 'cmake_prefix_path')
[1.114s] INFO:colcon.colcon_core.shell:Creating environment hook '/home/emkk/grap_ws/install/grap_bringup/share/grap_bringup/hook/cmake_prefix_path.ps1'
[1.115s] INFO:colcon.colcon_core.shell:Creating environment descriptor '/home/emkk/grap_ws/install/grap_bringup/share/grap_bringup/hook/cmake_prefix_path.dsv'
[1.115s] INFO:colcon.colcon_core.shell:Creating environment hook '/home/emkk/grap_ws/install/grap_bringup/share/grap_bringup/hook/cmake_prefix_path.sh'
[1.116s] Level 1:colcon.colcon_core.environment:checking '/home/emkk/grap_ws/install/grap_bringup/bin'
[1.116s] Level 1:colcon.colcon_core.environment:checking '/home/emkk/grap_ws/install/grap_bringup/lib/pkgconfig/grap_bringup.pc'
[1.117s] Level 1:colcon.colcon_core.environment:checking '/home/emkk/grap_ws/install/grap_bringup/lib/python3.10/site-packages'
[1.117s] Level 1:colcon.colcon_core.environment:checking '/home/emkk/grap_ws/install/grap_bringup/bin'
[1.117s] INFO:colcon.colcon_core.shell:Creating package script '/home/emkk/grap_ws/install/grap_bringup/share/grap_bringup/package.ps1'
[1.118s] INFO:colcon.colcon_core.shell:Creating package descriptor '/home/emkk/grap_ws/install/grap_bringup/share/grap_bringup/package.dsv'
[1.118s] INFO:colcon.colcon_core.shell:Creating package script '/home/emkk/grap_ws/install/grap_bringup/share/grap_bringup/package.sh'
[1.119s] INFO:colcon.colcon_core.shell:Creating package script '/home/emkk/grap_ws/install/grap_bringup/share/grap_bringup/package.bash'
[1.119s] INFO:colcon.colcon_core.shell:Creating package script '/home/emkk/grap_ws/install/grap_bringup/share/grap_bringup/package.zsh'
[1.120s] Level 1:colcon.colcon_core.environment:create_file_with_runtime_dependencies(/home/emkk/grap_ws/install/grap_bringup/share/colcon-core/packages/grap_bringup)
[1.121s] Level 1:colcon.colcon_core.environment:create_environment_scripts_only(grap_bringup)
[1.121s] Level 1:colcon.colcon_core.environment:checking '/home/emkk/grap_ws/install/grap_bringup' for CMake module files
[1.121s] Level 1:colcon.colcon_core.environment:checking '/home/emkk/grap_ws/install/grap_bringup' for CMake config files
[1.121s] Level 1:colcon.colcon_core.shell:create_environment_hook('grap_bringup', 'cmake_prefix_path')
[1.122s] INFO:colcon.colcon_core.shell:Creating environment hook '/home/emkk/grap_ws/install/grap_bringup/share/grap_bringup/hook/cmake_prefix_path.ps1'
[1.122s] INFO:colcon.colcon_core.shell:Creating environment descriptor '/home/emkk/grap_ws/install/grap_bringup/share/grap_bringup/hook/cmake_prefix_path.dsv'
[1.122s] INFO:colcon.colcon_core.shell:Creating environment hook '/home/emkk/grap_ws/install/grap_bringup/share/grap_bringup/hook/cmake_prefix_path.sh'
[1.123s] Level 1:colcon.colcon_core.environment:checking '/home/emkk/grap_ws/install/grap_bringup/bin'
[1.123s] Level 1:colcon.colcon_core.environment:checking '/home/emkk/grap_ws/install/grap_bringup/lib/pkgconfig/grap_bringup.pc'
[1.123s] Level 1:colcon.colcon_core.environment:checking '/home/emkk/grap_ws/install/grap_bringup/lib/python3.10/site-packages'
[1.123s] Level 1:colcon.colcon_core.environment:checking '/home/emkk/grap_ws/install/grap_bringup/bin'
[1.123s] INFO:colcon.colcon_core.shell:Creating package script '/home/emkk/grap_ws/install/grap_bringup/share/grap_bringup/package.ps1'
[1.124s] INFO:colcon.colcon_core.shell:Creating package descriptor '/home/emkk/grap_ws/install/grap_bringup/share/grap_bringup/package.dsv'
[1.124s] INFO:colcon.colcon_core.shell:Creating package script '/home/emkk/grap_ws/install/grap_bringup/share/grap_bringup/package.sh'
[1.125s] INFO:colcon.colcon_core.shell:Creating package script '/home/emkk/grap_ws/install/grap_bringup/share/grap_bringup/package.bash'
[1.126s] INFO:colcon.colcon_core.shell:Creating package script '/home/emkk/grap_ws/install/grap_bringup/share/grap_bringup/package.zsh'
[1.127s] Level 1:colcon.colcon_core.environment:create_file_with_runtime_dependencies(/home/emkk/grap_ws/install/grap_bringup/share/colcon-core/packages/grap_bringup)
[1.129s] DEBUG:colcon.colcon_core.event_handler.log_command:Invoked command in '/home/emkk/grap_ws/build/grap_moveit' returned '0': CMAKE_PREFIX_PATH=${CMAKE_PREFIX_PATH}:/opt/ros/humble /usr/bin/cmake --build /home/emkk/grap_ws/build/grap_moveit -- -j16 -l16
[1.132s] DEBUG:colcon.colcon_core.event_handler.log_command:Invoking command in '/home/emkk/grap_ws/build/grap_moveit': CMAKE_PREFIX_PATH=${CMAKE_PREFIX_PATH}:/opt/ros/humble /usr/bin/cmake --install /home/emkk/grap_ws/build/grap_moveit
[1.141s] DEBUG:colcon.colcon_core.event_handler.log_command:Invoked command in '/home/emkk/grap_ws/build/grap_description' returned '0': CMAKE_PREFIX_PATH=${CMAKE_PREFIX_PATH}:/opt/ros/humble /usr/bin/cmake --build /home/emkk/grap_ws/build/grap_description -- -j16 -l16
[1.145s] DEBUG:colcon.colcon_core.event_handler.log_command:Invoking command in '/home/emkk/grap_ws/build/grap_description': CMAKE_PREFIX_PATH=${CMAKE_PREFIX_PATH}:/opt/ros/humble /usr/bin/cmake --install /home/emkk/grap_ws/build/grap_description
[1.145s] Level 1:colcon.colcon_core.environment:create_environment_scripts_only(grap_moveit)
[1.146s] Level 1:colcon.colcon_core.environment:checking '/home/emkk/grap_ws/install/grap_moveit' for CMake module files
[1.146s] DEBUG:colcon.colcon_core.event_handler.log_command:Invoked command in '/home/emkk/grap_ws/build/grap_moveit' returned '0': CMAKE_PREFIX_PATH=${CMAKE_PREFIX_PATH}:/opt/ros/humble /usr/bin/cmake --install /home/emkk/grap_ws/build/grap_moveit
[1.146s] Level 1:colcon.colcon_core.environment:checking '/home/emkk/grap_ws/install/grap_moveit' for CMake config files
[1.147s] Level 1:colcon.colcon_core.shell:create_environment_hook('grap_moveit', 'cmake_prefix_path')
[1.147s] INFO:colcon.colcon_core.shell:Creating environment hook '/home/emkk/grap_ws/install/grap_moveit/share/grap_moveit/hook/cmake_prefix_path.ps1'
[1.147s] INFO:colcon.colcon_core.shell:Creating environment descriptor '/home/emkk/grap_ws/install/grap_moveit/share/grap_moveit/hook/cmake_prefix_path.dsv'
[1.148s] INFO:colcon.colcon_core.shell:Creating environment hook '/home/emkk/grap_ws/install/grap_moveit/share/grap_moveit/hook/cmake_prefix_path.sh'
[1.148s] Level 1:colcon.colcon_core.environment:checking '/home/emkk/grap_ws/install/grap_moveit/bin'
[1.148s] Level 1:colcon.colcon_core.environment:checking '/home/emkk/grap_ws/install/grap_moveit/lib/pkgconfig/grap_moveit.pc'
[1.148s] Level 1:colcon.colcon_core.environment:checking '/home/emkk/grap_ws/install/grap_moveit/lib/python3.10/site-packages'
[1.148s] Level 1:colcon.colcon_core.environment:checking '/home/emkk/grap_ws/install/grap_moveit/bin'
[1.149s] INFO:colcon.colcon_core.shell:Creating package script '/home/emkk/grap_ws/install/grap_moveit/share/grap_moveit/package.ps1'
[1.149s] INFO:colcon.colcon_core.shell:Creating package descriptor '/home/emkk/grap_ws/install/grap_moveit/share/grap_moveit/package.dsv'
[1.150s] INFO:colcon.colcon_core.shell:Creating package script '/home/emkk/grap_ws/install/grap_moveit/share/grap_moveit/package.sh'
[1.150s] INFO:colcon.colcon_core.shell:Creating package script '/home/emkk/grap_ws/install/grap_moveit/share/grap_moveit/package.bash'
[1.150s] INFO:colcon.colcon_core.shell:Creating package script '/home/emkk/grap_ws/install/grap_moveit/share/grap_moveit/package.zsh'
[1.150s] Level 1:colcon.colcon_core.environment:create_file_with_runtime_dependencies(/home/emkk/grap_ws/install/grap_moveit/share/colcon-core/packages/grap_moveit)
[1.151s] Level 1:colcon.colcon_core.environment:create_environment_scripts_only(grap_moveit)
[1.151s] Level 1:colcon.colcon_core.environment:checking '/home/emkk/grap_ws/install/grap_moveit' for CMake module files
[1.152s] Level 1:colcon.colcon_core.environment:checking '/home/emkk/grap_ws/install/grap_moveit' for CMake config files
[1.152s] Level 1:colcon.colcon_core.shell:create_environment_hook('grap_moveit', 'cmake_prefix_path')
[1.152s] INFO:colcon.colcon_core.shell:Creating environment hook '/home/emkk/grap_ws/install/grap_moveit/share/grap_moveit/hook/cmake_prefix_path.ps1'
[1.153s] INFO:colcon.colcon_core.shell:Creating environment descriptor '/home/emkk/grap_ws/install/grap_moveit/share/grap_moveit/hook/cmake_prefix_path.dsv'
[1.153s] INFO:colcon.colcon_core.shell:Creating environment hook '/home/emkk/grap_ws/install/grap_moveit/share/grap_moveit/hook/cmake_prefix_path.sh'
[1.154s] Level 1:colcon.colcon_core.environment:checking '/home/emkk/grap_ws/install/grap_moveit/bin'
[1.154s] Level 1:colcon.colcon_core.environment:checking '/home/emkk/grap_ws/install/grap_moveit/lib/pkgconfig/grap_moveit.pc'
[1.154s] Level 1:colcon.colcon_core.environment:checking '/home/emkk/grap_ws/install/grap_moveit/lib/python3.10/site-packages'
[1.154s] Level 1:colcon.colcon_core.environment:checking '/home/emkk/grap_ws/install/grap_moveit/bin'
[1.154s] INFO:colcon.colcon_core.shell:Creating package script '/home/emkk/grap_ws/install/grap_moveit/share/grap_moveit/package.ps1'
[1.155s] INFO:colcon.colcon_core.shell:Creating package descriptor '/home/emkk/grap_ws/install/grap_moveit/share/grap_moveit/package.dsv'
[1.156s] INFO:colcon.colcon_core.shell:Creating package script '/home/emkk/grap_ws/install/grap_moveit/share/grap_moveit/package.sh'
[1.156s] INFO:colcon.colcon_core.shell:Creating package script '/home/emkk/grap_ws/install/grap_moveit/share/grap_moveit/package.bash'
[1.157s] INFO:colcon.colcon_core.shell:Creating package script '/home/emkk/grap_ws/install/grap_moveit/share/grap_moveit/package.zsh'
[1.158s] Level 1:colcon.colcon_core.environment:create_file_with_runtime_dependencies(/home/emkk/grap_ws/install/grap_moveit/share/colcon-core/packages/grap_moveit)
[1.173s] Level 1:colcon.colcon_core.environment:create_environment_scripts_only(grap_description)
[1.174s] DEBUG:colcon.colcon_core.event_handler.log_command:Invoked command in '/home/emkk/grap_ws/build/grap_description' returned '0': CMAKE_PREFIX_PATH=${CMAKE_PREFIX_PATH}:/opt/ros/humble /usr/bin/cmake --install /home/emkk/grap_ws/build/grap_description
[1.174s] Level 1:colcon.colcon_core.environment:checking '/home/emkk/grap_ws/install/grap_description' for CMake module files
[1.174s] Level 1:colcon.colcon_core.environment:checking '/home/emkk/grap_ws/install/grap_description' for CMake config files
[1.175s] Level 1:colcon.colcon_core.shell:create_environment_hook('grap_description', 'cmake_prefix_path')
[1.175s] INFO:colcon.colcon_core.shell:Creating environment hook '/home/emkk/grap_ws/install/grap_description/share/grap_description/hook/cmake_prefix_path.ps1'
[1.175s] INFO:colcon.colcon_core.shell:Creating environment descriptor '/home/emkk/grap_ws/install/grap_description/share/grap_description/hook/cmake_prefix_path.dsv'
[1.175s] INFO:colcon.colcon_core.shell:Creating environment hook '/home/emkk/grap_ws/install/grap_description/share/grap_description/hook/cmake_prefix_path.sh'
[1.176s] Level 1:colcon.colcon_core.environment:checking '/home/emkk/grap_ws/install/grap_description/bin'
[1.176s] Level 1:colcon.colcon_core.environment:checking '/home/emkk/grap_ws/install/grap_description/lib/pkgconfig/grap_description.pc'
[1.176s] Level 1:colcon.colcon_core.environment:checking '/home/emkk/grap_ws/install/grap_description/lib/python3.10/site-packages'
[1.176s] Level 1:colcon.colcon_core.environment:checking '/home/emkk/grap_ws/install/grap_description/bin'
[1.177s] INFO:colcon.colcon_core.shell:Creating package script '/home/emkk/grap_ws/install/grap_description/share/grap_description/package.ps1'
[1.177s] INFO:colcon.colcon_core.shell:Creating package descriptor '/home/emkk/grap_ws/install/grap_description/share/grap_description/package.dsv'
[1.178s] INFO:colcon.colcon_core.shell:Creating package script '/home/emkk/grap_ws/install/grap_description/share/grap_description/package.sh'
[1.178s] INFO:colcon.colcon_core.shell:Creating package script '/home/emkk/grap_ws/install/grap_description/share/grap_description/package.bash'
[1.178s] INFO:colcon.colcon_core.shell:Creating package script '/home/emkk/grap_ws/install/grap_description/share/grap_description/package.zsh'
[1.179s] Level 1:colcon.colcon_core.environment:create_file_with_runtime_dependencies(/home/emkk/grap_ws/install/grap_description/share/colcon-core/packages/grap_description)
[1.179s] Level 1:colcon.colcon_core.environment:create_environment_scripts_only(grap_description)
[1.179s] Level 1:colcon.colcon_core.environment:checking '/home/emkk/grap_ws/install/grap_description' for CMake module files
[1.180s] Level 1:colcon.colcon_core.environment:checking '/home/emkk/grap_ws/install/grap_description' for CMake config files
[1.180s] Level 1:colcon.colcon_core.shell:create_environment_hook('grap_description', 'cmake_prefix_path')
[1.180s] INFO:colcon.colcon_core.shell:Creating environment hook '/home/emkk/grap_ws/install/grap_description/share/grap_description/hook/cmake_prefix_path.ps1'
[1.180s] INFO:colcon.colcon_core.shell:Creating environment descriptor '/home/emkk/grap_ws/install/grap_description/share/grap_description/hook/cmake_prefix_path.dsv'
[1.181s] INFO:colcon.colcon_core.shell:Creating environment hook '/home/emkk/grap_ws/install/grap_description/share/grap_description/hook/cmake_prefix_path.sh'
[1.181s] Level 1:colcon.colcon_core.environment:checking '/home/emkk/grap_ws/install/grap_description/bin'
[1.181s] Level 1:colcon.colcon_core.environment:checking '/home/emkk/grap_ws/install/grap_description/lib/pkgconfig/grap_description.pc'
[1.181s] Level 1:colcon.colcon_core.environment:checking '/home/emkk/grap_ws/install/grap_description/lib/python3.10/site-packages'
[1.182s] Level 1:colcon.colcon_core.environment:checking '/home/emkk/grap_ws/install/grap_description/bin'
[1.182s] INFO:colcon.colcon_core.shell:Creating package script '/home/emkk/grap_ws/install/grap_description/share/grap_description/package.ps1'
[1.182s] INFO:colcon.colcon_core.shell:Creating package descriptor '/home/emkk/grap_ws/install/grap_description/share/grap_description/package.dsv'
[1.183s] INFO:colcon.colcon_core.shell:Creating package script '/home/emkk/grap_ws/install/grap_description/share/grap_description/package.sh'
[1.183s] INFO:colcon.colcon_core.shell:Creating package script '/home/emkk/grap_ws/install/grap_description/share/grap_description/package.bash'
[1.183s] INFO:colcon.colcon_core.shell:Creating package script '/home/emkk/grap_ws/install/grap_description/share/grap_description/package.zsh'
[1.184s] Level 1:colcon.colcon_core.environment:create_file_with_runtime_dependencies(/home/emkk/grap_ws/install/grap_description/share/colcon-core/packages/grap_description)
[2.005s] DEBUG:colcon.colcon_core.event_handler.log_command:Invoked command in '/home/emkk/grap_ws/build/grap_controller' returned '0': CMAKE_PREFIX_PATH=${CMAKE_PREFIX_PATH}:/opt/ros/humble /usr/bin/cmake /home/emkk/grap_ws/src/grap_controller -DCMAKE_INSTALL_PREFIX=/home/emkk/grap_ws/install/grap_controller
[2.008s] DEBUG:colcon.colcon_core.event_handler.log_command:Invoking command in '/home/emkk/grap_ws/build/grap_controller': CMAKE_PREFIX_PATH=${CMAKE_PREFIX_PATH}:/opt/ros/humble /usr/bin/cmake --build /home/emkk/grap_ws/build/grap_controller -- -j16 -l16
[5.330s] DEBUG:colcon.colcon_core.event_handler.log_command:Invoked command in '/home/emkk/grap_ws/build/grap_controller' returned '0': CMAKE_PREFIX_PATH=${CMAKE_PREFIX_PATH}:/opt/ros/humble /usr/bin/cmake --build /home/emkk/grap_ws/build/grap_controller -- -j16 -l16
[5.332s] DEBUG:colcon.colcon_core.event_handler.log_command:Invoking command in '/home/emkk/grap_ws/build/grap_controller': CMAKE_PREFIX_PATH=${CMAKE_PREFIX_PATH}:/opt/ros/humble /usr/bin/cmake --install /home/emkk/grap_ws/build/grap_controller
[5.361s] Level 1:colcon.colcon_core.environment:create_environment_scripts_only(grap_controller)
[5.362s] DEBUG:colcon.colcon_core.event_handler.log_command:Invoked command in '/home/emkk/grap_ws/build/grap_controller' returned '0': CMAKE_PREFIX_PATH=${CMAKE_PREFIX_PATH}:/opt/ros/humble /usr/bin/cmake --install /home/emkk/grap_ws/build/grap_controller
[5.363s] Level 1:colcon.colcon_core.environment:checking '/home/emkk/grap_ws/install/grap_controller' for CMake module files
[5.364s] Level 1:colcon.colcon_core.environment:checking '/home/emkk/grap_ws/install/grap_controller' for CMake config files
[5.364s] Level 1:colcon.colcon_core.shell:create_environment_hook('grap_controller', 'cmake_prefix_path')
[5.365s] INFO:colcon.colcon_core.shell:Creating environment hook '/home/emkk/grap_ws/install/grap_controller/share/grap_controller/hook/cmake_prefix_path.ps1'
[5.365s] INFO:colcon.colcon_core.shell:Creating environment descriptor '/home/emkk/grap_ws/install/grap_controller/share/grap_controller/hook/cmake_prefix_path.dsv'
[5.366s] INFO:colcon.colcon_core.shell:Creating environment hook '/home/emkk/grap_ws/install/grap_controller/share/grap_controller/hook/cmake_prefix_path.sh'
[5.367s] Level 1:colcon.colcon_core.environment:checking '/home/emkk/grap_ws/install/grap_controller/lib'
[5.367s] Level 1:colcon.colcon_core.shell:create_environment_hook('grap_controller', 'ld_library_path_lib')
[5.368s] INFO:colcon.colcon_core.shell:Creating environment hook '/home/emkk/grap_ws/install/grap_controller/share/grap_controller/hook/ld_library_path_lib.ps1'
[5.368s] INFO:colcon.colcon_core.shell:Creating environment descriptor '/home/emkk/grap_ws/install/grap_controller/share/grap_controller/hook/ld_library_path_lib.dsv'
[5.369s] INFO:colcon.colcon_core.shell:Creating environment hook '/home/emkk/grap_ws/install/grap_controller/share/grap_controller/hook/ld_library_path_lib.sh'
[5.369s] Level 1:colcon.colcon_core.environment:checking '/home/emkk/grap_ws/install/grap_controller/bin'
[5.369s] Level 1:colcon.colcon_core.environment:checking '/home/emkk/grap_ws/install/grap_controller/lib/pkgconfig/grap_controller.pc'
[5.369s] Level 1:colcon.colcon_core.environment:checking '/home/emkk/grap_ws/install/grap_controller/lib/python3.10/site-packages'
[5.370s] Level 1:colcon.colcon_core.environment:checking '/home/emkk/grap_ws/install/grap_controller/bin'
[5.371s] INFO:colcon.colcon_core.shell:Creating package script '/home/emkk/grap_ws/install/grap_controller/share/grap_controller/package.ps1'
[5.372s] INFO:colcon.colcon_core.shell:Creating package descriptor '/home/emkk/grap_ws/install/grap_controller/share/grap_controller/package.dsv'
[5.372s] INFO:colcon.colcon_core.shell:Creating package script '/home/emkk/grap_ws/install/grap_controller/share/grap_controller/package.sh'
[5.374s] INFO:colcon.colcon_core.shell:Creating package script '/home/emkk/grap_ws/install/grap_controller/share/grap_controller/package.bash'
[5.374s] INFO:colcon.colcon_core.shell:Creating package script '/home/emkk/grap_ws/install/grap_controller/share/grap_controller/package.zsh'
[5.375s] Level 1:colcon.colcon_core.environment:create_file_with_runtime_dependencies(/home/emkk/grap_ws/install/grap_controller/share/colcon-core/packages/grap_controller)
[5.376s] Level 1:colcon.colcon_core.environment:create_environment_scripts_only(grap_controller)
[5.376s] Level 1:colcon.colcon_core.environment:checking '/home/emkk/grap_ws/install/grap_controller' for CMake module files
[5.377s] Level 1:colcon.colcon_core.environment:checking '/home/emkk/grap_ws/install/grap_controller' for CMake config files
[5.377s] Level 1:colcon.colcon_core.shell:create_environment_hook('grap_controller', 'cmake_prefix_path')
[5.378s] INFO:colcon.colcon_core.shell:Creating environment hook '/home/emkk/grap_ws/install/grap_controller/share/grap_controller/hook/cmake_prefix_path.ps1'
[5.379s] INFO:colcon.colcon_core.shell:Creating environment descriptor '/home/emkk/grap_ws/install/grap_controller/share/grap_controller/hook/cmake_prefix_path.dsv'
[5.380s] INFO:colcon.colcon_core.shell:Creating environment hook '/home/emkk/grap_ws/install/grap_controller/share/grap_controller/hook/cmake_prefix_path.sh'
[5.381s] Level 1:colcon.colcon_core.environment:checking '/home/emkk/grap_ws/install/grap_controller/lib'
[5.381s] Level 1:colcon.colcon_core.shell:create_environment_hook('grap_controller', 'ld_library_path_lib')
[5.381s] INFO:colcon.colcon_core.shell:Creating environment hook '/home/emkk/grap_ws/install/grap_controller/share/grap_controller/hook/ld_library_path_lib.ps1'
[5.382s] INFO:colcon.colcon_core.shell:Creating environment descriptor '/home/emkk/grap_ws/install/grap_controller/share/grap_controller/hook/ld_library_path_lib.dsv'
[5.382s] INFO:colcon.colcon_core.shell:Creating environment hook '/home/emkk/grap_ws/install/grap_controller/share/grap_controller/hook/ld_library_path_lib.sh'
[5.383s] Level 1:colcon.colcon_core.environment:checking '/home/emkk/grap_ws/install/grap_controller/bin'
[5.383s] Level 1:colcon.colcon_core.environment:checking '/home/emkk/grap_ws/install/grap_controller/lib/pkgconfig/grap_controller.pc'
[5.384s] Level 1:colcon.colcon_core.environment:checking '/home/emkk/grap_ws/install/grap_controller/lib/python3.10/site-packages'
[5.384s] Level 1:colcon.colcon_core.environment:checking '/home/emkk/grap_ws/install/grap_controller/bin'
[5.385s] INFO:colcon.colcon_core.shell:Creating package script '/home/emkk/grap_ws/install/grap_controller/share/grap_controller/package.ps1'
[5.386s] INFO:colcon.colcon_core.shell:Creating package descriptor '/home/emkk/grap_ws/install/grap_controller/share/grap_controller/package.dsv'
[5.387s] INFO:colcon.colcon_core.shell:Creating package script '/home/emkk/grap_ws/install/grap_controller/share/grap_controller/package.sh'
[5.388s] INFO:colcon.colcon_core.shell:Creating package script '/home/emkk/grap_ws/install/grap_controller/share/grap_controller/package.bash'
[5.389s] INFO:colcon.colcon_core.shell:Creating package script '/home/emkk/grap_ws/install/grap_controller/share/grap_controller/package.zsh'
[5.390s] Level 1:colcon.colcon_core.environment:create_file_with_runtime_dependencies(/home/emkk/grap_ws/install/grap_controller/share/colcon-core/packages/grap_controller)
[5.390s] DEBUG:colcon.colcon_parallel_executor.executor.parallel:closing loop
[5.391s] DEBUG:colcon.colcon_parallel_executor.executor.parallel:loop closed
[5.391s] DEBUG:colcon.colcon_parallel_executor.executor.parallel:run_until_complete finished with '0'
[5.391s] DEBUG:colcon.colcon_core.event_reactor:joining thread
[5.396s] INFO:colcon.colcon_core.plugin_system:Skipping extension 'colcon_notification.desktop_notification.terminal_notifier': Not used on non-Darwin systems
[5.396s] INFO:colcon.colcon_core.plugin_system:Skipping extension 'colcon_notification.desktop_notification.win32': Not used on non-Windows systems
[5.396s] INFO:colcon.colcon_notification.desktop_notification:Sending desktop notification using 'notify2'
[5.407s] DEBUG:colcon.colcon_core.event_reactor:joined thread
[5.408s] INFO:colcon.colcon_core.shell:Creating prefix script '/home/emkk/grap_ws/install/local_setup.ps1'
[5.410s] INFO:colcon.colcon_core.shell:Creating prefix util module '/home/emkk/grap_ws/install/_local_setup_util_ps1.py'
[5.413s] INFO:colcon.colcon_core.shell:Creating prefix chain script '/home/emkk/grap_ws/install/setup.ps1'
[5.417s] INFO:colcon.colcon_core.shell:Creating prefix script '/home/emkk/grap_ws/install/local_setup.sh'
[5.419s] INFO:colcon.colcon_core.shell:Creating prefix util module '/home/emkk/grap_ws/install/_local_setup_util_sh.py'
[5.420s] INFO:colcon.colcon_core.shell:Creating prefix chain script '/home/emkk/grap_ws/install/setup.sh'
[5.423s] INFO:colcon.colcon_core.shell:Creating prefix script '/home/emkk/grap_ws/install/local_setup.bash'
[5.424s] INFO:colcon.colcon_core.shell:Creating prefix chain script '/home/emkk/grap_ws/install/setup.bash'
[5.427s] INFO:colcon.colcon_core.shell:Creating prefix script '/home/emkk/grap_ws/install/local_setup.zsh'
[5.428s] INFO:colcon.colcon_core.shell:Creating prefix chain script '/home/emkk/grap_ws/install/setup.zsh'
