[0.015s] Invoking command in '/home/emkk/grap_ws/build/grap_description': CMAKE_PREFIX_PATH=${CMAKE_PREFIX_PATH}:/opt/ros/humble /usr/bin/cmake /home/emkk/grap_ws/src/grap_description -DCMAKE_INSTALL_PREFIX=/home/emkk/grap_ws/install/grap_description
[0.089s] -- The C compiler identification is GNU 11.4.0
[0.177s] -- The CXX compiler identification is GNU 11.4.0
[0.185s] -- Detecting C compiler ABI info
[0.267s] -- Detecting C compiler ABI info - done
[0.274s] -- Check for working C compiler: /usr/bin/cc - skipped
[0.274s] -- Detecting C compile features
[0.274s] -- Detecting C compile features - done
[0.277s] -- Detecting CXX compiler ABI info
[0.358s] -- Detecting CXX compiler ABI info - done
[0.365s] -- Check for working CXX compiler: /usr/bin/c++ - skipped
[0.365s] -- Detecting CXX compile features
[0.366s] -- Detecting CXX compile features - done
[0.369s] -- Found ament_cmake: 1.3.11 (/opt/ros/humble/share/ament_cmake/cmake)
[0.526s] -- Found Python3: /usr/bin/python3 (found version "3.10.12") found components: Interpreter 
[0.625s] -- Found ament_lint_auto: 0.12.11 (/opt/ros/humble/share/ament_lint_auto/cmake)
[0.720s] -- Added test 'flake8' to check Python code syntax and style conventions
[0.722s] -- Added test 'lint_cmake' to check CMake code style
[0.722s] -- Added test 'pep257' to check Python code against some of the docstring style conventions in PEP 257
[0.723s] -- Added test 'xmllint' to check XML markup files
[0.725s] -- Configuring done
[0.728s] -- Generating done
[0.730s] -- Build files have been written to: /home/emkk/grap_ws/build/grap_description
[0.739s] Invoked command in '/home/emkk/grap_ws/build/grap_description' returned '0': CMAKE_PREFIX_PATH=${CMAKE_PREFIX_PATH}:/opt/ros/humble /usr/bin/cmake /home/emkk/grap_ws/src/grap_description -DCMAKE_INSTALL_PREFIX=/home/emkk/grap_ws/install/grap_description
[0.739s] Invoking command in '/home/emkk/grap_ws/build/grap_description': CMAKE_PREFIX_PATH=${CMAKE_PREFIX_PATH}:/opt/ros/humble /usr/bin/cmake --build /home/emkk/grap_ws/build/grap_description -- -j16 -l16
[0.780s] Invoked command in '/home/emkk/grap_ws/build/grap_description' returned '0': CMAKE_PREFIX_PATH=${CMAKE_PREFIX_PATH}:/opt/ros/humble /usr/bin/cmake --build /home/emkk/grap_ws/build/grap_description -- -j16 -l16
[0.783s] Invoking command in '/home/emkk/grap_ws/build/grap_description': CMAKE_PREFIX_PATH=${CMAKE_PREFIX_PATH}:/opt/ros/humble /usr/bin/cmake --install /home/emkk/grap_ws/build/grap_description
[0.791s] -- Install configuration: ""
[0.791s] -- Installing: /home/emkk/grap_ws/install/grap_description/share/grap_description/meshes
[0.791s] -- Installing: /home/emkk/grap_ws/install/grap_description/share/grap_description/meshes/base_link.STL
[0.793s] -- Installing: /home/emkk/grap_ws/install/grap_description/share/grap_description/meshes/link_1.STL
[0.795s] -- Installing: /home/emkk/grap_ws/install/grap_description/share/grap_description/meshes/link_3.STL
[0.796s] -- Installing: /home/emkk/grap_ws/install/grap_description/share/grap_description/meshes/link_5.STL
[0.797s] -- Installing: /home/emkk/grap_ws/install/grap_description/share/grap_description/meshes/link_2.STL
[0.803s] -- Installing: /home/emkk/grap_ws/install/grap_description/share/grap_description/meshes/link_4.STL
[0.805s] -- Installing: /home/emkk/grap_ws/install/grap_description/share/grap_description/meshes/gripper.STL
[0.807s] -- Installing: /home/emkk/grap_ws/install/grap_description/share/grap_description/meshes/jaw_2.STL
[0.807s] -- Installing: /home/emkk/grap_ws/install/grap_description/share/grap_description/meshes/jaw_1.STL
[0.807s] -- Installing: /home/emkk/grap_ws/install/grap_description/share/grap_description/urdf
[0.807s] -- Installing: /home/emkk/grap_ws/install/grap_description/share/grap_description/urdf/grap.urdf.xacro
[0.807s] -- Installing: /home/emkk/grap_ws/install/grap_description/share/grap_description/urdf/grap_description.csv
[0.807s] -- Installing: /home/emkk/grap_ws/install/grap_description/share/grap_description/urdf/grap_gazebo.xacro
[0.807s] -- Installing: /home/emkk/grap_ws/install/grap_description/share/grap_description/urdf/grap_control.xacro
[0.808s] -- Installing: /home/emkk/grap_ws/install/grap_description/share/grap_description/launch
[0.808s] -- Installing: /home/emkk/grap_ws/install/grap_description/share/grap_description/launch/display.launch.py
[0.808s] -- Installing: /home/emkk/grap_ws/install/grap_description/share/grap_description/launch/gazebo.launch.py
[0.808s] -- Installing: /home/emkk/grap_ws/install/grap_description/share/grap_description/rviz
[0.808s] -- Installing: /home/emkk/grap_ws/install/grap_description/share/grap_description/rviz/display.rviz
[0.808s] -- Installing: /home/emkk/grap_ws/install/grap_description/share/ament_index/resource_index/package_run_dependencies/grap_description
[0.808s] -- Installing: /home/emkk/grap_ws/install/grap_description/share/ament_index/resource_index/parent_prefix_path/grap_description
[0.808s] -- Installing: /home/emkk/grap_ws/install/grap_description/share/grap_description/environment/ament_prefix_path.sh
[0.809s] -- Installing: /home/emkk/grap_ws/install/grap_description/share/grap_description/environment/ament_prefix_path.dsv
[0.809s] -- Installing: /home/emkk/grap_ws/install/grap_description/share/grap_description/environment/path.sh
[0.809s] -- Installing: /home/emkk/grap_ws/install/grap_description/share/grap_description/environment/path.dsv
[0.809s] -- Installing: /home/emkk/grap_ws/install/grap_description/share/grap_description/local_setup.bash
[0.809s] -- Installing: /home/emkk/grap_ws/install/grap_description/share/grap_description/local_setup.sh
[0.809s] -- Installing: /home/emkk/grap_ws/install/grap_description/share/grap_description/local_setup.zsh
[0.809s] -- Installing: /home/emkk/grap_ws/install/grap_description/share/grap_description/local_setup.dsv
[0.809s] -- Installing: /home/emkk/grap_ws/install/grap_description/share/grap_description/package.dsv
[0.810s] -- Installing: /home/emkk/grap_ws/install/grap_description/share/ament_index/resource_index/packages/grap_description
[0.810s] -- Installing: /home/emkk/grap_ws/install/grap_description/share/grap_description/cmake/grap_descriptionConfig.cmake
[0.810s] -- Installing: /home/emkk/grap_ws/install/grap_description/share/grap_description/cmake/grap_descriptionConfig-version.cmake
[0.810s] -- Installing: /home/emkk/grap_ws/install/grap_description/share/grap_description/package.xml
[0.813s] Invoked command in '/home/emkk/grap_ws/build/grap_description' returned '0': CMAKE_PREFIX_PATH=${CMAKE_PREFIX_PATH}:/opt/ros/humble /usr/bin/cmake --install /home/emkk/grap_ws/build/grap_description
