-- Install configuration: ""
-- Up-to-date: /home/emkk/grap_ws/install/grap_moveit/share/grap_moveit/launch
-- Up-to-date: /home/emkk/grap_ws/install/grap_moveit/share/grap_moveit/launch/moveit.launch.py
-- Up-to-date: /home/emkk/grap_ws/install/grap_moveit/share/grap_moveit/config
-- Installing: /home/emkk/grap_ws/install/grap_moveit/share/grap_moveit/config/grap.srdf
-- Up-to-date: /home/emkk/grap_ws/install/grap_moveit/share/grap_moveit/config/moveit_controllers.yaml
-- Up-to-date: /home/emkk/grap_ws/install/grap_moveit/share/grap_moveit/config/joint_limits.yaml
-- Up-to-date: /home/emkk/grap_ws/install/grap_moveit/share/grap_moveit/config/pilz_cartesian_limits.yaml
-- Up-to-date: /home/emkk/grap_ws/install/grap_moveit/share/grap_moveit/config/initial_positions.yaml
-- Up-to-date: /home/emkk/grap_ws/install/grap_moveit/share/grap_moveit/config/kinematics.yaml
-- Up-to-date: /home/emkk/grap_ws/install/grap_moveit/share/ament_index/resource_index/package_run_dependencies/grap_moveit
-- Up-to-date: /home/emkk/grap_ws/install/grap_moveit/share/ament_index/resource_index/parent_prefix_path/grap_moveit
-- Up-to-date: /home/emkk/grap_ws/install/grap_moveit/share/grap_moveit/environment/ament_prefix_path.sh
-- Up-to-date: /home/emkk/grap_ws/install/grap_moveit/share/grap_moveit/environment/ament_prefix_path.dsv
-- Up-to-date: /home/emkk/grap_ws/install/grap_moveit/share/grap_moveit/environment/path.sh
-- Up-to-date: /home/emkk/grap_ws/install/grap_moveit/share/grap_moveit/environment/path.dsv
-- Up-to-date: /home/emkk/grap_ws/install/grap_moveit/share/grap_moveit/local_setup.bash
-- Up-to-date: /home/emkk/grap_ws/install/grap_moveit/share/grap_moveit/local_setup.sh
-- Up-to-date: /home/emkk/grap_ws/install/grap_moveit/share/grap_moveit/local_setup.zsh
-- Up-to-date: /home/emkk/grap_ws/install/grap_moveit/share/grap_moveit/local_setup.dsv
-- Installing: /home/emkk/grap_ws/install/grap_moveit/share/grap_moveit/package.dsv
-- Up-to-date: /home/emkk/grap_ws/install/grap_moveit/share/ament_index/resource_index/packages/grap_moveit
-- Up-to-date: /home/emkk/grap_ws/install/grap_moveit/share/grap_moveit/cmake/grap_moveitConfig.cmake
-- Up-to-date: /home/emkk/grap_ws/install/grap_moveit/share/grap_moveit/cmake/grap_moveitConfig-version.cmake
-- Up-to-date: /home/emkk/grap_ws/install/grap_moveit/share/grap_moveit/package.xml
