[0.020s] Invoking command in '/home/emkk/grap_ws/build/grap_moveit': CMAKE_PREFIX_PATH=${CMAKE_PREFIX_PATH}:/opt/ros/humble /usr/bin/cmake --build /home/emkk/grap_ws/build/grap_moveit -- -j16 -l16
[0.055s] Invoked command in '/home/emkk/grap_ws/build/grap_moveit' returned '0': CMAKE_PREFIX_PATH=${CMAKE_PREFIX_PATH}:/opt/ros/humble /usr/bin/cmake --build /home/emkk/grap_ws/build/grap_moveit -- -j16 -l16
[0.056s] Invoking command in '/home/emkk/grap_ws/build/grap_moveit': CMAKE_PREFIX_PATH=${CMAKE_PREFIX_PATH}:/opt/ros/humble /usr/bin/cmake --install /home/emkk/grap_ws/build/grap_moveit
[0.063s] -- Install configuration: ""
[0.063s] -- Up-to-date: /home/emkk/grap_ws/install/grap_moveit/share/grap_moveit/launch
[0.063s] -- Up-to-date: /home/emkk/grap_ws/install/grap_moveit/share/grap_moveit/launch/moveit.launch.py
[0.063s] -- Up-to-date: /home/emkk/grap_ws/install/grap_moveit/share/grap_moveit/config
[0.064s] -- Installing: /home/emkk/grap_ws/install/grap_moveit/share/grap_moveit/config/grap.srdf
[0.064s] -- Up-to-date: /home/emkk/grap_ws/install/grap_moveit/share/grap_moveit/config/moveit_controllers.yaml
[0.064s] -- Up-to-date: /home/emkk/grap_ws/install/grap_moveit/share/grap_moveit/config/joint_limits.yaml
[0.064s] -- Up-to-date: /home/emkk/grap_ws/install/grap_moveit/share/grap_moveit/config/pilz_cartesian_limits.yaml
[0.064s] -- Up-to-date: /home/emkk/grap_ws/install/grap_moveit/share/grap_moveit/config/initial_positions.yaml
[0.064s] -- Up-to-date: /home/emkk/grap_ws/install/grap_moveit/share/grap_moveit/config/kinematics.yaml
[0.064s] -- Up-to-date: /home/emkk/grap_ws/install/grap_moveit/share/ament_index/resource_index/package_run_dependencies/grap_moveit
[0.064s] -- Up-to-date: /home/emkk/grap_ws/install/grap_moveit/share/ament_index/resource_index/parent_prefix_path/grap_moveit
[0.064s] -- Up-to-date: /home/emkk/grap_ws/install/grap_moveit/share/grap_moveit/environment/ament_prefix_path.sh
[0.065s] -- Up-to-date: /home/emkk/grap_ws/install/grap_moveit/share/grap_moveit/environment/ament_prefix_path.dsv
[0.065s] -- Up-to-date: /home/emkk/grap_ws/install/grap_moveit/share/grap_moveit/environment/path.sh
[0.065s] -- Up-to-date: /home/emkk/grap_ws/install/grap_moveit/share/grap_moveit/environment/path.dsv
[0.065s] -- Up-to-date: /home/emkk/grap_ws/install/grap_moveit/share/grap_moveit/local_setup.bash
[0.065s] -- Up-to-date: /home/emkk/grap_ws/install/grap_moveit/share/grap_moveit/local_setup.sh
[0.066s] -- Up-to-date: /home/emkk/grap_ws/install/grap_moveit/share/grap_moveit/local_setup.zsh
[0.066s] -- Up-to-date: /home/emkk/grap_ws/install/grap_moveit/share/grap_moveit/local_setup.dsv
[0.066s] -- Installing: /home/emkk/grap_ws/install/grap_moveit/share/grap_moveit/package.dsv
[0.066s] -- Up-to-date: /home/emkk/grap_ws/install/grap_moveit/share/ament_index/resource_index/packages/grap_moveit
[0.067s] -- Up-to-date: /home/emkk/grap_ws/install/grap_moveit/share/grap_moveit/cmake/grap_moveitConfig.cmake
[0.067s] -- Up-to-date: /home/emkk/grap_ws/install/grap_moveit/share/grap_moveit/cmake/grap_moveitConfig-version.cmake
[0.067s] -- Up-to-date: /home/emkk/grap_ws/install/grap_moveit/share/grap_moveit/package.xml
[0.086s] Invoked command in '/home/emkk/grap_ws/build/grap_moveit' returned '0': CMAKE_PREFIX_PATH=${CMAKE_PREFIX_PATH}:/opt/ros/humble /usr/bin/cmake --install /home/emkk/grap_ws/build/grap_moveit
