-- Install configuration: ""
-- Up-to-date: /home/emkk/grap_ws/install/grap_description/share/grap_description/meshes
-- Up-to-date: /home/emkk/grap_ws/install/grap_description/share/grap_description/meshes/base_link.STL
-- Up-to-date: /home/emkk/grap_ws/install/grap_description/share/grap_description/meshes/link_1.STL
-- Up-to-date: /home/emkk/grap_ws/install/grap_description/share/grap_description/meshes/link_3.STL
-- Up-to-date: /home/emkk/grap_ws/install/grap_description/share/grap_description/meshes/link_5.STL
-- Up-to-date: /home/emkk/grap_ws/install/grap_description/share/grap_description/meshes/link_2.STL
-- Up-to-date: /home/emkk/grap_ws/install/grap_description/share/grap_description/meshes/link_4.STL
-- Up-to-date: /home/emkk/grap_ws/install/grap_description/share/grap_description/meshes/gripper.STL
-- Up-to-date: /home/emkk/grap_ws/install/grap_description/share/grap_description/meshes/jaw_2.STL
-- Up-to-date: /home/emkk/grap_ws/install/grap_description/share/grap_description/meshes/jaw_1.STL
-- Up-to-date: /home/emkk/grap_ws/install/grap_description/share/grap_description/urdf
-- Up-to-date: /home/emkk/grap_ws/install/grap_description/share/grap_description/urdf/grap.urdf.xacro
-- Up-to-date: /home/emkk/grap_ws/install/grap_description/share/grap_description/urdf/grap_description.csv
-- Installing: /home/emkk/grap_ws/install/grap_description/share/grap_description/urdf/grap_gazebo.xacro
-- Installing: /home/emkk/grap_ws/install/grap_description/share/grap_description/urdf/grap_control.xacro
-- Up-to-date: /home/emkk/grap_ws/install/grap_description/share/grap_description/launch
-- Up-to-date: /home/emkk/grap_ws/install/grap_description/share/grap_description/launch/display.launch.py
-- Up-to-date: /home/emkk/grap_ws/install/grap_description/share/grap_description/launch/gazebo.launch.py
-- Up-to-date: /home/emkk/grap_ws/install/grap_description/share/grap_description/rviz
-- Up-to-date: /home/emkk/grap_ws/install/grap_description/share/grap_description/rviz/display.rviz
-- Up-to-date: /home/emkk/grap_ws/install/grap_description/share/ament_index/resource_index/package_run_dependencies/grap_description
-- Up-to-date: /home/emkk/grap_ws/install/grap_description/share/ament_index/resource_index/parent_prefix_path/grap_description
-- Up-to-date: /home/emkk/grap_ws/install/grap_description/share/grap_description/environment/ament_prefix_path.sh
-- Up-to-date: /home/emkk/grap_ws/install/grap_description/share/grap_description/environment/ament_prefix_path.dsv
-- Up-to-date: /home/emkk/grap_ws/install/grap_description/share/grap_description/environment/path.sh
-- Up-to-date: /home/emkk/grap_ws/install/grap_description/share/grap_description/environment/path.dsv
-- Up-to-date: /home/emkk/grap_ws/install/grap_description/share/grap_description/local_setup.bash
-- Up-to-date: /home/emkk/grap_ws/install/grap_description/share/grap_description/local_setup.sh
-- Up-to-date: /home/emkk/grap_ws/install/grap_description/share/grap_description/local_setup.zsh
-- Up-to-date: /home/emkk/grap_ws/install/grap_description/share/grap_description/local_setup.dsv
-- Installing: /home/emkk/grap_ws/install/grap_description/share/grap_description/package.dsv
-- Up-to-date: /home/emkk/grap_ws/install/grap_description/share/ament_index/resource_index/packages/grap_description
-- Up-to-date: /home/emkk/grap_ws/install/grap_description/share/grap_description/cmake/grap_descriptionConfig.cmake
-- Up-to-date: /home/emkk/grap_ws/install/grap_description/share/grap_description/cmake/grap_descriptionConfig-version.cmake
-- Up-to-date: /home/emkk/grap_ws/install/grap_description/share/grap_description/package.xml
