[0.021s] Invoking command in '/home/emkk/grap_ws/build/grap_description': CMAKE_PREFIX_PATH=${CMAKE_PREFIX_PATH}:/opt/ros/humble /usr/bin/cmake --build /home/emkk/grap_ws/build/grap_description -- -j16 -l16
[0.064s] Invoked command in '/home/emkk/grap_ws/build/grap_description' returned '0': CMAKE_PREFIX_PATH=${CMAKE_PREFIX_PATH}:/opt/ros/humble /usr/bin/cmake --build /home/emkk/grap_ws/build/grap_description -- -j16 -l16
[0.066s] Invoking command in '/home/emkk/grap_ws/build/grap_description': CMAKE_PREFIX_PATH=${CMAKE_PREFIX_PATH}:/opt/ros/humble /usr/bin/cmake --install /home/emkk/grap_ws/build/grap_description
[0.072s] -- Install configuration: ""
[0.072s] -- Up-to-date: /home/emkk/grap_ws/install/grap_description/share/grap_description/meshes
[0.072s] -- Up-to-date: /home/emkk/grap_ws/install/grap_description/share/grap_description/meshes/base_link.STL
[0.072s] -- Up-to-date: /home/emkk/grap_ws/install/grap_description/share/grap_description/meshes/link_1.STL
[0.072s] -- Up-to-date: /home/emkk/grap_ws/install/grap_description/share/grap_description/meshes/link_3.STL
[0.073s] -- Up-to-date: /home/emkk/grap_ws/install/grap_description/share/grap_description/meshes/link_5.STL
[0.073s] -- Up-to-date: /home/emkk/grap_ws/install/grap_description/share/grap_description/meshes/link_2.STL
[0.073s] -- Up-to-date: /home/emkk/grap_ws/install/grap_description/share/grap_description/meshes/link_4.STL
[0.073s] -- Up-to-date: /home/emkk/grap_ws/install/grap_description/share/grap_description/meshes/gripper.STL
[0.073s] -- Up-to-date: /home/emkk/grap_ws/install/grap_description/share/grap_description/meshes/jaw_2.STL
[0.073s] -- Up-to-date: /home/emkk/grap_ws/install/grap_description/share/grap_description/meshes/jaw_1.STL
[0.073s] -- Up-to-date: /home/emkk/grap_ws/install/grap_description/share/grap_description/urdf
[0.073s] -- Up-to-date: /home/emkk/grap_ws/install/grap_description/share/grap_description/urdf/grap.urdf.xacro
[0.073s] -- Up-to-date: /home/emkk/grap_ws/install/grap_description/share/grap_description/urdf/grap_description.csv
[0.073s] -- Installing: /home/emkk/grap_ws/install/grap_description/share/grap_description/urdf/grap_gazebo.xacro
[0.073s] -- Installing: /home/emkk/grap_ws/install/grap_description/share/grap_description/urdf/grap_control.xacro
[0.073s] -- Up-to-date: /home/emkk/grap_ws/install/grap_description/share/grap_description/launch
[0.074s] -- Up-to-date: /home/emkk/grap_ws/install/grap_description/share/grap_description/launch/display.launch.py
[0.074s] -- Up-to-date: /home/emkk/grap_ws/install/grap_description/share/grap_description/launch/gazebo.launch.py
[0.074s] -- Up-to-date: /home/emkk/grap_ws/install/grap_description/share/grap_description/rviz
[0.074s] -- Up-to-date: /home/emkk/grap_ws/install/grap_description/share/grap_description/rviz/display.rviz
[0.074s] -- Up-to-date: /home/emkk/grap_ws/install/grap_description/share/ament_index/resource_index/package_run_dependencies/grap_description
[0.074s] -- Up-to-date: /home/emkk/grap_ws/install/grap_description/share/ament_index/resource_index/parent_prefix_path/grap_description
[0.074s] -- Up-to-date: /home/emkk/grap_ws/install/grap_description/share/grap_description/environment/ament_prefix_path.sh
[0.074s] -- Up-to-date: /home/emkk/grap_ws/install/grap_description/share/grap_description/environment/ament_prefix_path.dsv
[0.074s] -- Up-to-date: /home/emkk/grap_ws/install/grap_description/share/grap_description/environment/path.sh
[0.074s] -- Up-to-date: /home/emkk/grap_ws/install/grap_description/share/grap_description/environment/path.dsv
[0.074s] -- Up-to-date: /home/emkk/grap_ws/install/grap_description/share/grap_description/local_setup.bash
[0.074s] -- Up-to-date: /home/emkk/grap_ws/install/grap_description/share/grap_description/local_setup.sh
[0.075s] -- Up-to-date: /home/emkk/grap_ws/install/grap_description/share/grap_description/local_setup.zsh
[0.075s] -- Up-to-date: /home/emkk/grap_ws/install/grap_description/share/grap_description/local_setup.dsv
[0.075s] -- Installing: /home/emkk/grap_ws/install/grap_description/share/grap_description/package.dsv
[0.075s] -- Up-to-date: /home/emkk/grap_ws/install/grap_description/share/ament_index/resource_index/packages/grap_description
[0.075s] -- Up-to-date: /home/emkk/grap_ws/install/grap_description/share/grap_description/cmake/grap_descriptionConfig.cmake
[0.075s] -- Up-to-date: /home/emkk/grap_ws/install/grap_description/share/grap_description/cmake/grap_descriptionConfig-version.cmake
[0.075s] -- Up-to-date: /home/emkk/grap_ws/install/grap_description/share/grap_description/package.xml
[0.090s] Invoked command in '/home/emkk/grap_ws/build/grap_description' returned '0': CMAKE_PREFIX_PATH=${CMAKE_PREFIX_PATH}:/opt/ros/humble /usr/bin/cmake --install /home/emkk/grap_ws/build/grap_description
