[0.098s] DEBUG:colcon:Command line arguments: ['/usr/bin/colcon', 'build']
[0.098s] DEBUG:colcon:Parsed command line arguments: Namespace(log_base=None, log_level=None, verb_name='build', build_base='build', install_base='install', merge_install=False, symlink_install=False, test_result_base=None, continue_on_error=False, executor='parallel', parallel_workers=16, event_handlers=None, ignore_user_meta=False, metas=['./colcon.meta'], base_paths=['.'], packages_ignore=None, packages_ignore_regex=None, paths=None, packages_up_to=None, packages_up_to_regex=None, packages_above=None, packages_above_and_dependencies=None, packages_above_depth=None, packages_select_by_dep=None, packages_skip_by_dep=None, packages_skip_up_to=None, packages_select_build_failed=False, packages_skip_build_finished=False, packages_select_test_failures=False, packages_skip_test_passed=False, packages_select=None, packages_skip=None, packages_select_regex=None, packages_skip_regex=None, packages_start=None, packages_end=None, allow_overriding=[], cmake_args=None, cmake_target=None, cmake_target_skip_unavailable=False, cmake_clean_cache=False, cmake_clean_first=False, cmake_force_configure=False, ament_cmake_args=None, catkin_cmake_args=None, catkin_skip_building_tests=False, mixin_files=None, mixin=None, verb_parser=<colcon_mixin.mixin.mixin_argument.MixinArgumentDecorator object at 0x7fe2a4b32b60>, verb_extension=<colcon_core.verb.build.BuildVerb object at 0x7fe2a4aec3a0>, main=<bound method BuildVerb.main of <colcon_core.verb.build.BuildVerb object at 0x7fe2a4aec3a0>>, mixin_verb=('build',))
[0.262s] Level 1:colcon.colcon_core.package_discovery:discover_packages(colcon_meta) check parameters
[0.262s] Level 1:colcon.colcon_core.package_discovery:discover_packages(recursive) check parameters
[0.262s] Level 1:colcon.colcon_core.package_discovery:discover_packages(ignore) check parameters
[0.262s] Level 1:colcon.colcon_core.package_discovery:discover_packages(path) check parameters
[0.262s] Level 1:colcon.colcon_core.package_discovery:discover_packages(colcon_meta) discover
[0.262s] Level 1:colcon.colcon_core.package_discovery:discover_packages(recursive) discover
[0.262s] INFO:colcon.colcon_core.package_discovery:Crawling recursively for packages in '/home/emkk/grap_ws'
[0.262s] Level 1:colcon.colcon_core.package_identification:_identify(.) by extensions ['ignore', 'ignore_ament_install']
[0.262s] Level 1:colcon.colcon_core.package_identification:_identify(.) by extension 'ignore'
[0.262s] Level 1:colcon.colcon_core.package_identification:_identify(.) by extension 'ignore_ament_install'
[0.262s] Level 1:colcon.colcon_core.package_identification:_identify(.) by extensions ['colcon_pkg']
[0.262s] Level 1:colcon.colcon_core.package_identification:_identify(.) by extension 'colcon_pkg'
[0.262s] Level 1:colcon.colcon_core.package_identification:_identify(.) by extensions ['colcon_meta']
[0.262s] Level 1:colcon.colcon_core.package_identification:_identify(.) by extension 'colcon_meta'
[0.262s] Level 1:colcon.colcon_core.package_identification:_identify(.) by extensions ['ros']
[0.262s] Level 1:colcon.colcon_core.package_identification:_identify(.) by extension 'ros'
[0.283s] Level 1:colcon.colcon_core.package_identification:_identify(.) by extensions ['cmake', 'python']
[0.283s] Level 1:colcon.colcon_core.package_identification:_identify(.) by extension 'cmake'
[0.283s] Level 1:colcon.colcon_core.package_identification:_identify(.) by extension 'python'
[0.283s] Level 1:colcon.colcon_core.package_identification:_identify(.) by extensions ['python_setup_py']
[0.283s] Level 1:colcon.colcon_core.package_identification:_identify(.) by extension 'python_setup_py'
[0.283s] Level 1:colcon.colcon_core.package_identification:_identify(build) by extensions ['ignore', 'ignore_ament_install']
[0.283s] Level 1:colcon.colcon_core.package_identification:_identify(build) by extension 'ignore'
[0.283s] Level 1:colcon.colcon_core.package_identification:_identify(build) ignored
[0.283s] Level 1:colcon.colcon_core.package_identification:_identify(install) by extensions ['ignore', 'ignore_ament_install']
[0.284s] Level 1:colcon.colcon_core.package_identification:_identify(install) by extension 'ignore'
[0.284s] Level 1:colcon.colcon_core.package_identification:_identify(install) ignored
[0.284s] Level 1:colcon.colcon_core.package_identification:_identify(log) by extensions ['ignore', 'ignore_ament_install']
[0.284s] Level 1:colcon.colcon_core.package_identification:_identify(log) by extension 'ignore'
[0.284s] Level 1:colcon.colcon_core.package_identification:_identify(log) ignored
[0.284s] Level 1:colcon.colcon_core.package_identification:_identify(src) by extensions ['ignore', 'ignore_ament_install']
[0.284s] Level 1:colcon.colcon_core.package_identification:_identify(src) by extension 'ignore'
[0.284s] Level 1:colcon.colcon_core.package_identification:_identify(src) by extension 'ignore_ament_install'
[0.284s] Level 1:colcon.colcon_core.package_identification:_identify(src) by extensions ['colcon_pkg']
[0.284s] Level 1:colcon.colcon_core.package_identification:_identify(src) by extension 'colcon_pkg'
[0.284s] Level 1:colcon.colcon_core.package_identification:_identify(src) by extensions ['colcon_meta']
[0.284s] Level 1:colcon.colcon_core.package_identification:_identify(src) by extension 'colcon_meta'
[0.284s] Level 1:colcon.colcon_core.package_identification:_identify(src) by extensions ['ros']
[0.284s] Level 1:colcon.colcon_core.package_identification:_identify(src) by extension 'ros'
[0.284s] Level 1:colcon.colcon_core.package_identification:_identify(src) by extensions ['cmake', 'python']
[0.284s] Level 1:colcon.colcon_core.package_identification:_identify(src) by extension 'cmake'
[0.284s] Level 1:colcon.colcon_core.package_identification:_identify(src) by extension 'python'
[0.284s] Level 1:colcon.colcon_core.package_identification:_identify(src) by extensions ['python_setup_py']
[0.284s] Level 1:colcon.colcon_core.package_identification:_identify(src) by extension 'python_setup_py'
[0.284s] Level 1:colcon.colcon_core.package_identification:_identify(src/grap_bringup) by extensions ['ignore', 'ignore_ament_install']
[0.284s] Level 1:colcon.colcon_core.package_identification:_identify(src/grap_bringup) by extension 'ignore'
[0.284s] Level 1:colcon.colcon_core.package_identification:_identify(src/grap_bringup) by extension 'ignore_ament_install'
[0.284s] Level 1:colcon.colcon_core.package_identification:_identify(src/grap_bringup) by extensions ['colcon_pkg']
[0.285s] Level 1:colcon.colcon_core.package_identification:_identify(src/grap_bringup) by extension 'colcon_pkg'
[0.285s] Level 1:colcon.colcon_core.package_identification:_identify(src/grap_bringup) by extensions ['colcon_meta']
[0.285s] Level 1:colcon.colcon_core.package_identification:_identify(src/grap_bringup) by extension 'colcon_meta'
[0.285s] Level 1:colcon.colcon_core.package_identification:_identify(src/grap_bringup) by extensions ['ros']
[0.285s] Level 1:colcon.colcon_core.package_identification:_identify(src/grap_bringup) by extension 'ros'
[0.287s] DEBUG:colcon.colcon_core.package_identification:Package 'src/grap_bringup' with type 'ros.ament_cmake' and name 'grap_bringup'
[0.287s] Level 1:colcon.colcon_core.package_identification:_identify(src/grap_controller) by extensions ['ignore', 'ignore_ament_install']
[0.287s] Level 1:colcon.colcon_core.package_identification:_identify(src/grap_controller) by extension 'ignore'
[0.287s] Level 1:colcon.colcon_core.package_identification:_identify(src/grap_controller) by extension 'ignore_ament_install'
[0.287s] Level 1:colcon.colcon_core.package_identification:_identify(src/grap_controller) by extensions ['colcon_pkg']
[0.287s] Level 1:colcon.colcon_core.package_identification:_identify(src/grap_controller) by extension 'colcon_pkg'
[0.287s] Level 1:colcon.colcon_core.package_identification:_identify(src/grap_controller) by extensions ['colcon_meta']
[0.287s] Level 1:colcon.colcon_core.package_identification:_identify(src/grap_controller) by extension 'colcon_meta'
[0.287s] Level 1:colcon.colcon_core.package_identification:_identify(src/grap_controller) by extensions ['ros']
[0.287s] Level 1:colcon.colcon_core.package_identification:_identify(src/grap_controller) by extension 'ros'
[0.288s] DEBUG:colcon.colcon_core.package_identification:Package 'src/grap_controller' with type 'ros.ament_cmake' and name 'grap_controller'
[0.288s] Level 1:colcon.colcon_core.package_identification:_identify(src/grap_description) by extensions ['ignore', 'ignore_ament_install']
[0.288s] Level 1:colcon.colcon_core.package_identification:_identify(src/grap_description) by extension 'ignore'
[0.288s] Level 1:colcon.colcon_core.package_identification:_identify(src/grap_description) by extension 'ignore_ament_install'
[0.288s] Level 1:colcon.colcon_core.package_identification:_identify(src/grap_description) by extensions ['colcon_pkg']
[0.288s] Level 1:colcon.colcon_core.package_identification:_identify(src/grap_description) by extension 'colcon_pkg'
[0.288s] Level 1:colcon.colcon_core.package_identification:_identify(src/grap_description) by extensions ['colcon_meta']
[0.288s] Level 1:colcon.colcon_core.package_identification:_identify(src/grap_description) by extension 'colcon_meta'
[0.288s] Level 1:colcon.colcon_core.package_identification:_identify(src/grap_description) by extensions ['ros']
[0.288s] Level 1:colcon.colcon_core.package_identification:_identify(src/grap_description) by extension 'ros'
[0.289s] DEBUG:colcon.colcon_core.package_identification:Package 'src/grap_description' with type 'ros.ament_cmake' and name 'grap_description'
[0.289s] Level 1:colcon.colcon_core.package_identification:_identify(src/grap_moveit) by extensions ['ignore', 'ignore_ament_install']
[0.289s] Level 1:colcon.colcon_core.package_identification:_identify(src/grap_moveit) by extension 'ignore'
[0.289s] Level 1:colcon.colcon_core.package_identification:_identify(src/grap_moveit) by extension 'ignore_ament_install'
[0.289s] Level 1:colcon.colcon_core.package_identification:_identify(src/grap_moveit) by extensions ['colcon_pkg']
[0.289s] Level 1:colcon.colcon_core.package_identification:_identify(src/grap_moveit) by extension 'colcon_pkg'
[0.289s] Level 1:colcon.colcon_core.package_identification:_identify(src/grap_moveit) by extensions ['colcon_meta']
[0.289s] Level 1:colcon.colcon_core.package_identification:_identify(src/grap_moveit) by extension 'colcon_meta'
[0.289s] Level 1:colcon.colcon_core.package_identification:_identify(src/grap_moveit) by extensions ['ros']
[0.289s] Level 1:colcon.colcon_core.package_identification:_identify(src/grap_moveit) by extension 'ros'
[0.289s] DEBUG:colcon.colcon_core.package_identification:Package 'src/grap_moveit' with type 'ros.ament_cmake' and name 'grap_moveit'
[0.290s] Level 1:colcon.colcon_core.package_discovery:discover_packages(recursive) using defaults
[0.290s] Level 1:colcon.colcon_core.package_discovery:discover_packages(ignore) discover
[0.290s] Level 1:colcon.colcon_core.package_discovery:discover_packages(ignore) using defaults
[0.290s] Level 1:colcon.colcon_core.package_discovery:discover_packages(path) discover
[0.290s] Level 1:colcon.colcon_core.package_discovery:discover_packages(path) using defaults
[0.306s] Level 1:colcon.colcon_core.package_discovery:discover_packages(prefix_path) check parameters
[0.306s] Level 1:colcon.colcon_core.package_discovery:discover_packages(prefix_path) discover
[0.307s] DEBUG:colcon.colcon_installed_package_information.package_discovery:Found 4 installed packages in /home/emkk/grap_ws/install
[0.310s] DEBUG:colcon.colcon_installed_package_information.package_discovery:Found 428 installed packages in /opt/ros/humble
[0.312s] Level 1:colcon.colcon_core.package_discovery:discover_packages(prefix_path) using defaults
[0.356s] Level 5:colcon.colcon_core.verb:set package 'grap_bringup' build argument 'cmake_args' from command line to 'None'
[0.356s] Level 5:colcon.colcon_core.verb:set package 'grap_bringup' build argument 'cmake_target' from command line to 'None'
[0.356s] Level 5:colcon.colcon_core.verb:set package 'grap_bringup' build argument 'cmake_target_skip_unavailable' from command line to 'False'
[0.356s] Level 5:colcon.colcon_core.verb:set package 'grap_bringup' build argument 'cmake_clean_cache' from command line to 'False'
[0.356s] Level 5:colcon.colcon_core.verb:set package 'grap_bringup' build argument 'cmake_clean_first' from command line to 'False'
[0.356s] Level 5:colcon.colcon_core.verb:set package 'grap_bringup' build argument 'cmake_force_configure' from command line to 'False'
[0.356s] Level 5:colcon.colcon_core.verb:set package 'grap_bringup' build argument 'ament_cmake_args' from command line to 'None'
[0.356s] Level 5:colcon.colcon_core.verb:set package 'grap_bringup' build argument 'catkin_cmake_args' from command line to 'None'
[0.356s] Level 5:colcon.colcon_core.verb:set package 'grap_bringup' build argument 'catkin_skip_building_tests' from command line to 'False'
[0.356s] DEBUG:colcon.colcon_core.verb:Building package 'grap_bringup' with the following arguments: {'ament_cmake_args': None, 'build_base': '/home/emkk/grap_ws/build/grap_bringup', 'catkin_cmake_args': None, 'catkin_skip_building_tests': False, 'cmake_args': None, 'cmake_clean_cache': False, 'cmake_clean_first': False, 'cmake_force_configure': False, 'cmake_target': None, 'cmake_target_skip_unavailable': False, 'install_base': '/home/emkk/grap_ws/install/grap_bringup', 'merge_install': False, 'path': '/home/emkk/grap_ws/src/grap_bringup', 'symlink_install': False, 'test_result_base': None}
[0.356s] Level 5:colcon.colcon_core.verb:set package 'grap_controller' build argument 'cmake_args' from command line to 'None'
[0.356s] Level 5:colcon.colcon_core.verb:set package 'grap_controller' build argument 'cmake_target' from command line to 'None'
[0.356s] Level 5:colcon.colcon_core.verb:set package 'grap_controller' build argument 'cmake_target_skip_unavailable' from command line to 'False'
[0.356s] Level 5:colcon.colcon_core.verb:set package 'grap_controller' build argument 'cmake_clean_cache' from command line to 'False'
[0.356s] Level 5:colcon.colcon_core.verb:set package 'grap_controller' build argument 'cmake_clean_first' from command line to 'False'
[0.356s] Level 5:colcon.colcon_core.verb:set package 'grap_controller' build argument 'cmake_force_configure' from command line to 'False'
[0.356s] Level 5:colcon.colcon_core.verb:set package 'grap_controller' build argument 'ament_cmake_args' from command line to 'None'
[0.356s] Level 5:colcon.colcon_core.verb:set package 'grap_controller' build argument 'catkin_cmake_args' from command line to 'None'
[0.356s] Level 5:colcon.colcon_core.verb:set package 'grap_controller' build argument 'catkin_skip_building_tests' from command line to 'False'
[0.356s] DEBUG:colcon.colcon_core.verb:Building package 'grap_controller' with the following arguments: {'ament_cmake_args': None, 'build_base': '/home/emkk/grap_ws/build/grap_controller', 'catkin_cmake_args': None, 'catkin_skip_building_tests': False, 'cmake_args': None, 'cmake_clean_cache': False, 'cmake_clean_first': False, 'cmake_force_configure': False, 'cmake_target': None, 'cmake_target_skip_unavailable': False, 'install_base': '/home/emkk/grap_ws/install/grap_controller', 'merge_install': False, 'path': '/home/emkk/grap_ws/src/grap_controller', 'symlink_install': False, 'test_result_base': None}
[0.357s] Level 5:colcon.colcon_core.verb:set package 'grap_description' build argument 'cmake_args' from command line to 'None'
[0.357s] Level 5:colcon.colcon_core.verb:set package 'grap_description' build argument 'cmake_target' from command line to 'None'
[0.357s] Level 5:colcon.colcon_core.verb:set package 'grap_description' build argument 'cmake_target_skip_unavailable' from command line to 'False'
[0.357s] Level 5:colcon.colcon_core.verb:set package 'grap_description' build argument 'cmake_clean_cache' from command line to 'False'
[0.357s] Level 5:colcon.colcon_core.verb:set package 'grap_description' build argument 'cmake_clean_first' from command line to 'False'
[0.357s] Level 5:colcon.colcon_core.verb:set package 'grap_description' build argument 'cmake_force_configure' from command line to 'False'
[0.357s] Level 5:colcon.colcon_core.verb:set package 'grap_description' build argument 'ament_cmake_args' from command line to 'None'
[0.357s] Level 5:colcon.colcon_core.verb:set package 'grap_description' build argument 'catkin_cmake_args' from command line to 'None'
[0.357s] Level 5:colcon.colcon_core.verb:set package 'grap_description' build argument 'catkin_skip_building_tests' from command line to 'False'
[0.357s] DEBUG:colcon.colcon_core.verb:Building package 'grap_description' with the following arguments: {'ament_cmake_args': None, 'build_base': '/home/emkk/grap_ws/build/grap_description', 'catkin_cmake_args': None, 'catkin_skip_building_tests': False, 'cmake_args': None, 'cmake_clean_cache': False, 'cmake_clean_first': False, 'cmake_force_configure': False, 'cmake_target': None, 'cmake_target_skip_unavailable': False, 'install_base': '/home/emkk/grap_ws/install/grap_description', 'merge_install': False, 'path': '/home/emkk/grap_ws/src/grap_description', 'symlink_install': False, 'test_result_base': None}
[0.357s] Level 5:colcon.colcon_core.verb:set package 'grap_moveit' build argument 'cmake_args' from command line to 'None'
[0.357s] Level 5:colcon.colcon_core.verb:set package 'grap_moveit' build argument 'cmake_target' from command line to 'None'
[0.357s] Level 5:colcon.colcon_core.verb:set package 'grap_moveit' build argument 'cmake_target_skip_unavailable' from command line to 'False'
[0.357s] Level 5:colcon.colcon_core.verb:set package 'grap_moveit' build argument 'cmake_clean_cache' from command line to 'False'
[0.357s] Level 5:colcon.colcon_core.verb:set package 'grap_moveit' build argument 'cmake_clean_first' from command line to 'False'
[0.357s] Level 5:colcon.colcon_core.verb:set package 'grap_moveit' build argument 'cmake_force_configure' from command line to 'False'
[0.357s] Level 5:colcon.colcon_core.verb:set package 'grap_moveit' build argument 'ament_cmake_args' from command line to 'None'
[0.357s] Level 5:colcon.colcon_core.verb:set package 'grap_moveit' build argument 'catkin_cmake_args' from command line to 'None'
[0.357s] Level 5:colcon.colcon_core.verb:set package 'grap_moveit' build argument 'catkin_skip_building_tests' from command line to 'False'
[0.357s] DEBUG:colcon.colcon_core.verb:Building package 'grap_moveit' with the following arguments: {'ament_cmake_args': None, 'build_base': '/home/emkk/grap_ws/build/grap_moveit', 'catkin_cmake_args': None, 'catkin_skip_building_tests': False, 'cmake_args': None, 'cmake_clean_cache': False, 'cmake_clean_first': False, 'cmake_force_configure': False, 'cmake_target': None, 'cmake_target_skip_unavailable': False, 'install_base': '/home/emkk/grap_ws/install/grap_moveit', 'merge_install': False, 'path': '/home/emkk/grap_ws/src/grap_moveit', 'symlink_install': False, 'test_result_base': None}
[0.357s] INFO:colcon.colcon_core.executor:Executing jobs using 'parallel' executor
[0.358s] DEBUG:colcon.colcon_parallel_executor.executor.parallel:run_until_complete
[0.358s] INFO:colcon.colcon_ros.task.ament_cmake.build:Building ROS package in '/home/emkk/grap_ws/src/grap_bringup' with build type 'ament_cmake'
[0.359s] INFO:colcon.colcon_cmake.task.cmake.build:Building CMake package in '/home/emkk/grap_ws/src/grap_bringup'
[0.360s] INFO:colcon.colcon_core.plugin_system:Skipping extension 'colcon_core.shell.bat': Not used on non-Windows systems
[0.361s] INFO:colcon.colcon_core.shell:Skip shell extension 'powershell' for command environment: Not usable outside of PowerShell
[0.361s] DEBUG:colcon.colcon_core.shell:Skip shell extension 'dsv' for command environment
[0.365s] INFO:colcon.colcon_ros.task.ament_cmake.build:Building ROS package in '/home/emkk/grap_ws/src/grap_controller' with build type 'ament_cmake'
[0.365s] INFO:colcon.colcon_cmake.task.cmake.build:Building CMake package in '/home/emkk/grap_ws/src/grap_controller'
[0.365s] INFO:colcon.colcon_core.shell:Skip shell extension 'powershell' for command environment: Not usable outside of PowerShell
[0.365s] DEBUG:colcon.colcon_core.shell:Skip shell extension 'dsv' for command environment
[0.370s] INFO:colcon.colcon_ros.task.ament_cmake.build:Building ROS package in '/home/emkk/grap_ws/src/grap_description' with build type 'ament_cmake'
[0.370s] INFO:colcon.colcon_cmake.task.cmake.build:Building CMake package in '/home/emkk/grap_ws/src/grap_description'
[0.370s] INFO:colcon.colcon_core.shell:Skip shell extension 'powershell' for command environment: Not usable outside of PowerShell
[0.370s] DEBUG:colcon.colcon_core.shell:Skip shell extension 'dsv' for command environment
[0.374s] INFO:colcon.colcon_ros.task.ament_cmake.build:Building ROS package in '/home/emkk/grap_ws/src/grap_moveit' with build type 'ament_cmake'
[0.374s] INFO:colcon.colcon_cmake.task.cmake.build:Building CMake package in '/home/emkk/grap_ws/src/grap_moveit'
[0.374s] INFO:colcon.colcon_core.shell:Skip shell extension 'powershell' for command environment: Not usable outside of PowerShell
[0.374s] DEBUG:colcon.colcon_core.shell:Skip shell extension 'dsv' for command environment
[0.383s] DEBUG:colcon.colcon_core.event_handler.log_command:Invoking command in '/home/emkk/grap_ws/build/grap_bringup': CMAKE_PREFIX_PATH=${CMAKE_PREFIX_PATH}:/opt/ros/humble /usr/bin/cmake --build /home/emkk/grap_ws/build/grap_bringup -- -j16 -l16
[0.386s] DEBUG:colcon.colcon_core.event_handler.log_command:Invoking command in '/home/emkk/grap_ws/build/grap_controller': CMAKE_PREFIX_PATH=${CMAKE_PREFIX_PATH}:/opt/ros/humble /usr/bin/cmake --build /home/emkk/grap_ws/build/grap_controller -- -j16 -l16
[0.389s] DEBUG:colcon.colcon_core.event_handler.log_command:Invoking command in '/home/emkk/grap_ws/build/grap_description': CMAKE_PREFIX_PATH=${CMAKE_PREFIX_PATH}:/opt/ros/humble /usr/bin/cmake --build /home/emkk/grap_ws/build/grap_description -- -j16 -l16
[0.394s] DEBUG:colcon.colcon_core.event_handler.log_command:Invoking command in '/home/emkk/grap_ws/build/grap_moveit': CMAKE_PREFIX_PATH=${CMAKE_PREFIX_PATH}:/opt/ros/humble /usr/bin/cmake --build /home/emkk/grap_ws/build/grap_moveit -- -j16 -l16
[0.426s] DEBUG:colcon.colcon_core.event_handler.log_command:Invoked command in '/home/emkk/grap_ws/build/grap_description' returned '0': CMAKE_PREFIX_PATH=${CMAKE_PREFIX_PATH}:/opt/ros/humble /usr/bin/cmake --build /home/emkk/grap_ws/build/grap_description -- -j16 -l16
[0.435s] DEBUG:colcon.colcon_core.event_handler.log_command:Invoking command in '/home/emkk/grap_ws/build/grap_description': CMAKE_PREFIX_PATH=${CMAKE_PREFIX_PATH}:/opt/ros/humble /usr/bin/cmake --install /home/emkk/grap_ws/build/grap_description
[0.436s] DEBUG:colcon.colcon_core.event_handler.log_command:Invoked command in '/home/emkk/grap_ws/build/grap_moveit' returned '0': CMAKE_PREFIX_PATH=${CMAKE_PREFIX_PATH}:/opt/ros/humble /usr/bin/cmake --build /home/emkk/grap_ws/build/grap_moveit -- -j16 -l16
[0.438s] DEBUG:colcon.colcon_core.event_handler.log_command:Invoking command in '/home/emkk/grap_ws/build/grap_moveit': CMAKE_PREFIX_PATH=${CMAKE_PREFIX_PATH}:/opt/ros/humble /usr/bin/cmake --install /home/emkk/grap_ws/build/grap_moveit
[0.438s] DEBUG:colcon.colcon_core.event_handler.log_command:Invoked command in '/home/emkk/grap_ws/build/grap_bringup' returned '0': CMAKE_PREFIX_PATH=${CMAKE_PREFIX_PATH}:/opt/ros/humble /usr/bin/cmake --build /home/emkk/grap_ws/build/grap_bringup -- -j16 -l16
[0.439s] DEBUG:colcon.colcon_core.event_handler.log_command:Invoking command in '/home/emkk/grap_ws/build/grap_bringup': CMAKE_PREFIX_PATH=${CMAKE_PREFIX_PATH}:/opt/ros/humble /usr/bin/cmake --install /home/emkk/grap_ws/build/grap_bringup
[0.444s] Level 1:colcon.colcon_core.environment:create_environment_scripts_only(grap_description)
[0.444s] DEBUG:colcon.colcon_core.event_handler.log_command:Invoked command in '/home/emkk/grap_ws/build/grap_description' returned '0': CMAKE_PREFIX_PATH=${CMAKE_PREFIX_PATH}:/opt/ros/humble /usr/bin/cmake --install /home/emkk/grap_ws/build/grap_description
[0.448s] Level 1:colcon.colcon_core.environment:checking '/home/emkk/grap_ws/install/grap_description' for CMake module files
[0.449s] Level 1:colcon.colcon_core.environment:checking '/home/emkk/grap_ws/install/grap_description' for CMake config files
[0.449s] Level 1:colcon.colcon_core.shell:create_environment_hook('grap_description', 'cmake_prefix_path')
[0.450s] INFO:colcon.colcon_core.shell:Creating environment hook '/home/emkk/grap_ws/install/grap_description/share/grap_description/hook/cmake_prefix_path.ps1'
[0.451s] INFO:colcon.colcon_core.shell:Creating environment descriptor '/home/emkk/grap_ws/install/grap_description/share/grap_description/hook/cmake_prefix_path.dsv'
[0.452s] INFO:colcon.colcon_core.shell:Creating environment hook '/home/emkk/grap_ws/install/grap_description/share/grap_description/hook/cmake_prefix_path.sh'
[0.453s] Level 1:colcon.colcon_core.environment:checking '/home/emkk/grap_ws/install/grap_description/bin'
[0.453s] Level 1:colcon.colcon_core.environment:checking '/home/emkk/grap_ws/install/grap_description/lib/pkgconfig/grap_description.pc'
[0.454s] Level 1:colcon.colcon_core.environment:checking '/home/emkk/grap_ws/install/grap_description/lib/python3.10/site-packages'
[0.454s] Level 1:colcon.colcon_core.environment:checking '/home/emkk/grap_ws/install/grap_description/bin'
[0.454s] INFO:colcon.colcon_core.shell:Creating package script '/home/emkk/grap_ws/install/grap_description/share/grap_description/package.ps1'
[0.455s] INFO:colcon.colcon_core.shell:Creating package descriptor '/home/emkk/grap_ws/install/grap_description/share/grap_description/package.dsv'
[0.455s] INFO:colcon.colcon_core.shell:Creating package script '/home/emkk/grap_ws/install/grap_description/share/grap_description/package.sh'
[0.456s] INFO:colcon.colcon_core.shell:Creating package script '/home/emkk/grap_ws/install/grap_description/share/grap_description/package.bash'
[0.457s] INFO:colcon.colcon_core.shell:Creating package script '/home/emkk/grap_ws/install/grap_description/share/grap_description/package.zsh'
[0.457s] Level 1:colcon.colcon_core.environment:create_file_with_runtime_dependencies(/home/emkk/grap_ws/install/grap_description/share/colcon-core/packages/grap_description)
[0.458s] Level 1:colcon.colcon_core.environment:create_environment_scripts_only(grap_description)
[0.458s] Level 1:colcon.colcon_core.environment:checking '/home/emkk/grap_ws/install/grap_description' for CMake module files
[0.459s] Level 1:colcon.colcon_core.environment:checking '/home/emkk/grap_ws/install/grap_description' for CMake config files
[0.459s] Level 1:colcon.colcon_core.shell:create_environment_hook('grap_description', 'cmake_prefix_path')
[0.459s] INFO:colcon.colcon_core.shell:Creating environment hook '/home/emkk/grap_ws/install/grap_description/share/grap_description/hook/cmake_prefix_path.ps1'
[0.460s] INFO:colcon.colcon_core.shell:Creating environment descriptor '/home/emkk/grap_ws/install/grap_description/share/grap_description/hook/cmake_prefix_path.dsv'
[0.461s] INFO:colcon.colcon_core.shell:Creating environment hook '/home/emkk/grap_ws/install/grap_description/share/grap_description/hook/cmake_prefix_path.sh'
[0.461s] Level 1:colcon.colcon_core.environment:checking '/home/emkk/grap_ws/install/grap_description/bin'
[0.461s] Level 1:colcon.colcon_core.environment:checking '/home/emkk/grap_ws/install/grap_description/lib/pkgconfig/grap_description.pc'
[0.461s] Level 1:colcon.colcon_core.environment:checking '/home/emkk/grap_ws/install/grap_description/lib/python3.10/site-packages'
[0.461s] Level 1:colcon.colcon_core.environment:checking '/home/emkk/grap_ws/install/grap_description/bin'
[0.462s] INFO:colcon.colcon_core.shell:Creating package script '/home/emkk/grap_ws/install/grap_description/share/grap_description/package.ps1'
[0.462s] INFO:colcon.colcon_core.shell:Creating package descriptor '/home/emkk/grap_ws/install/grap_description/share/grap_description/package.dsv'
[0.462s] INFO:colcon.colcon_core.shell:Creating package script '/home/emkk/grap_ws/install/grap_description/share/grap_description/package.sh'
[0.463s] INFO:colcon.colcon_core.shell:Creating package script '/home/emkk/grap_ws/install/grap_description/share/grap_description/package.bash'
[0.463s] INFO:colcon.colcon_core.shell:Creating package script '/home/emkk/grap_ws/install/grap_description/share/grap_description/package.zsh'
[0.463s] Level 1:colcon.colcon_core.environment:create_file_with_runtime_dependencies(/home/emkk/grap_ws/install/grap_description/share/colcon-core/packages/grap_description)
[0.465s] Level 1:colcon.colcon_core.environment:create_environment_scripts_only(grap_bringup)
[0.465s] Level 1:colcon.colcon_core.environment:checking '/home/emkk/grap_ws/install/grap_bringup' for CMake module files
[0.466s] DEBUG:colcon.colcon_core.event_handler.log_command:Invoked command in '/home/emkk/grap_ws/build/grap_bringup' returned '0': CMAKE_PREFIX_PATH=${CMAKE_PREFIX_PATH}:/opt/ros/humble /usr/bin/cmake --install /home/emkk/grap_ws/build/grap_bringup
[0.466s] Level 1:colcon.colcon_core.environment:checking '/home/emkk/grap_ws/install/grap_bringup' for CMake config files
[0.466s] Level 1:colcon.colcon_core.shell:create_environment_hook('grap_bringup', 'cmake_prefix_path')
[0.466s] INFO:colcon.colcon_core.shell:Creating environment hook '/home/emkk/grap_ws/install/grap_bringup/share/grap_bringup/hook/cmake_prefix_path.ps1'
[0.467s] INFO:colcon.colcon_core.shell:Creating environment descriptor '/home/emkk/grap_ws/install/grap_bringup/share/grap_bringup/hook/cmake_prefix_path.dsv'
[0.467s] INFO:colcon.colcon_core.shell:Creating environment hook '/home/emkk/grap_ws/install/grap_bringup/share/grap_bringup/hook/cmake_prefix_path.sh'
[0.467s] Level 1:colcon.colcon_core.environment:checking '/home/emkk/grap_ws/install/grap_bringup/bin'
[0.467s] Level 1:colcon.colcon_core.environment:checking '/home/emkk/grap_ws/install/grap_bringup/lib/pkgconfig/grap_bringup.pc'
[0.468s] Level 1:colcon.colcon_core.environment:checking '/home/emkk/grap_ws/install/grap_bringup/lib/python3.10/site-packages'
[0.468s] Level 1:colcon.colcon_core.environment:checking '/home/emkk/grap_ws/install/grap_bringup/bin'
[0.468s] INFO:colcon.colcon_core.shell:Creating package script '/home/emkk/grap_ws/install/grap_bringup/share/grap_bringup/package.ps1'
[0.468s] INFO:colcon.colcon_core.shell:Creating package descriptor '/home/emkk/grap_ws/install/grap_bringup/share/grap_bringup/package.dsv'
[0.468s] INFO:colcon.colcon_core.shell:Creating package script '/home/emkk/grap_ws/install/grap_bringup/share/grap_bringup/package.sh'
[0.469s] INFO:colcon.colcon_core.shell:Creating package script '/home/emkk/grap_ws/install/grap_bringup/share/grap_bringup/package.bash'
[0.469s] INFO:colcon.colcon_core.shell:Creating package script '/home/emkk/grap_ws/install/grap_bringup/share/grap_bringup/package.zsh'
[0.469s] Level 1:colcon.colcon_core.environment:create_file_with_runtime_dependencies(/home/emkk/grap_ws/install/grap_bringup/share/colcon-core/packages/grap_bringup)
[0.470s] Level 1:colcon.colcon_core.environment:create_environment_scripts_only(grap_bringup)
[0.470s] Level 1:colcon.colcon_core.environment:checking '/home/emkk/grap_ws/install/grap_bringup' for CMake module files
[0.470s] Level 1:colcon.colcon_core.environment:checking '/home/emkk/grap_ws/install/grap_bringup' for CMake config files
[0.470s] Level 1:colcon.colcon_core.shell:create_environment_hook('grap_bringup', 'cmake_prefix_path')
[0.471s] INFO:colcon.colcon_core.shell:Creating environment hook '/home/emkk/grap_ws/install/grap_bringup/share/grap_bringup/hook/cmake_prefix_path.ps1'
[0.471s] INFO:colcon.colcon_core.shell:Creating environment descriptor '/home/emkk/grap_ws/install/grap_bringup/share/grap_bringup/hook/cmake_prefix_path.dsv'
[0.471s] INFO:colcon.colcon_core.shell:Creating environment hook '/home/emkk/grap_ws/install/grap_bringup/share/grap_bringup/hook/cmake_prefix_path.sh'
[0.471s] Level 1:colcon.colcon_core.environment:checking '/home/emkk/grap_ws/install/grap_bringup/bin'
[0.471s] Level 1:colcon.colcon_core.environment:checking '/home/emkk/grap_ws/install/grap_bringup/lib/pkgconfig/grap_bringup.pc'
[0.472s] Level 1:colcon.colcon_core.environment:checking '/home/emkk/grap_ws/install/grap_bringup/lib/python3.10/site-packages'
[0.472s] Level 1:colcon.colcon_core.environment:checking '/home/emkk/grap_ws/install/grap_bringup/bin'
[0.472s] INFO:colcon.colcon_core.shell:Creating package script '/home/emkk/grap_ws/install/grap_bringup/share/grap_bringup/package.ps1'
[0.472s] INFO:colcon.colcon_core.shell:Creating package descriptor '/home/emkk/grap_ws/install/grap_bringup/share/grap_bringup/package.dsv'
[0.473s] INFO:colcon.colcon_core.shell:Creating package script '/home/emkk/grap_ws/install/grap_bringup/share/grap_bringup/package.sh'
[0.473s] INFO:colcon.colcon_core.shell:Creating package script '/home/emkk/grap_ws/install/grap_bringup/share/grap_bringup/package.bash'
[0.473s] INFO:colcon.colcon_core.shell:Creating package script '/home/emkk/grap_ws/install/grap_bringup/share/grap_bringup/package.zsh'
[0.474s] Level 1:colcon.colcon_core.environment:create_file_with_runtime_dependencies(/home/emkk/grap_ws/install/grap_bringup/share/colcon-core/packages/grap_bringup)
[0.474s] Level 1:colcon.colcon_core.environment:create_environment_scripts_only(grap_moveit)
[0.474s] Level 1:colcon.colcon_core.environment:checking '/home/emkk/grap_ws/install/grap_moveit' for CMake module files
[0.475s] Level 1:colcon.colcon_core.environment:checking '/home/emkk/grap_ws/install/grap_moveit' for CMake config files
[0.475s] DEBUG:colcon.colcon_core.event_handler.log_command:Invoked command in '/home/emkk/grap_ws/build/grap_moveit' returned '0': CMAKE_PREFIX_PATH=${CMAKE_PREFIX_PATH}:/opt/ros/humble /usr/bin/cmake --install /home/emkk/grap_ws/build/grap_moveit
[0.475s] Level 1:colcon.colcon_core.shell:create_environment_hook('grap_moveit', 'cmake_prefix_path')
[0.475s] INFO:colcon.colcon_core.shell:Creating environment hook '/home/emkk/grap_ws/install/grap_moveit/share/grap_moveit/hook/cmake_prefix_path.ps1'
[0.476s] INFO:colcon.colcon_core.shell:Creating environment descriptor '/home/emkk/grap_ws/install/grap_moveit/share/grap_moveit/hook/cmake_prefix_path.dsv'
[0.476s] INFO:colcon.colcon_core.shell:Creating environment hook '/home/emkk/grap_ws/install/grap_moveit/share/grap_moveit/hook/cmake_prefix_path.sh'
[0.476s] Level 1:colcon.colcon_core.environment:checking '/home/emkk/grap_ws/install/grap_moveit/bin'
[0.476s] Level 1:colcon.colcon_core.environment:checking '/home/emkk/grap_ws/install/grap_moveit/lib/pkgconfig/grap_moveit.pc'
[0.476s] Level 1:colcon.colcon_core.environment:checking '/home/emkk/grap_ws/install/grap_moveit/lib/python3.10/site-packages'
[0.477s] Level 1:colcon.colcon_core.environment:checking '/home/emkk/grap_ws/install/grap_moveit/bin'
[0.477s] INFO:colcon.colcon_core.shell:Creating package script '/home/emkk/grap_ws/install/grap_moveit/share/grap_moveit/package.ps1'
[0.477s] INFO:colcon.colcon_core.shell:Creating package descriptor '/home/emkk/grap_ws/install/grap_moveit/share/grap_moveit/package.dsv'
[0.477s] INFO:colcon.colcon_core.shell:Creating package script '/home/emkk/grap_ws/install/grap_moveit/share/grap_moveit/package.sh'
[0.478s] INFO:colcon.colcon_core.shell:Creating package script '/home/emkk/grap_ws/install/grap_moveit/share/grap_moveit/package.bash'
[0.478s] INFO:colcon.colcon_core.shell:Creating package script '/home/emkk/grap_ws/install/grap_moveit/share/grap_moveit/package.zsh'
[0.478s] Level 1:colcon.colcon_core.environment:create_file_with_runtime_dependencies(/home/emkk/grap_ws/install/grap_moveit/share/colcon-core/packages/grap_moveit)
[0.479s] Level 1:colcon.colcon_core.environment:create_environment_scripts_only(grap_moveit)
[0.479s] Level 1:colcon.colcon_core.environment:checking '/home/emkk/grap_ws/install/grap_moveit' for CMake module files
[0.479s] Level 1:colcon.colcon_core.environment:checking '/home/emkk/grap_ws/install/grap_moveit' for CMake config files
[0.479s] Level 1:colcon.colcon_core.shell:create_environment_hook('grap_moveit', 'cmake_prefix_path')
[0.479s] INFO:colcon.colcon_core.shell:Creating environment hook '/home/emkk/grap_ws/install/grap_moveit/share/grap_moveit/hook/cmake_prefix_path.ps1'
[0.480s] INFO:colcon.colcon_core.shell:Creating environment descriptor '/home/emkk/grap_ws/install/grap_moveit/share/grap_moveit/hook/cmake_prefix_path.dsv'
[0.480s] INFO:colcon.colcon_core.shell:Creating environment hook '/home/emkk/grap_ws/install/grap_moveit/share/grap_moveit/hook/cmake_prefix_path.sh'
[0.481s] Level 1:colcon.colcon_core.environment:checking '/home/emkk/grap_ws/install/grap_moveit/bin'
[0.481s] Level 1:colcon.colcon_core.environment:checking '/home/emkk/grap_ws/install/grap_moveit/lib/pkgconfig/grap_moveit.pc'
[0.481s] Level 1:colcon.colcon_core.environment:checking '/home/emkk/grap_ws/install/grap_moveit/lib/python3.10/site-packages'
[0.481s] Level 1:colcon.colcon_core.environment:checking '/home/emkk/grap_ws/install/grap_moveit/bin'
[0.482s] INFO:colcon.colcon_core.shell:Creating package script '/home/emkk/grap_ws/install/grap_moveit/share/grap_moveit/package.ps1'
[0.483s] INFO:colcon.colcon_core.shell:Creating package descriptor '/home/emkk/grap_ws/install/grap_moveit/share/grap_moveit/package.dsv'
[0.483s] INFO:colcon.colcon_core.shell:Creating package script '/home/emkk/grap_ws/install/grap_moveit/share/grap_moveit/package.sh'
[0.483s] INFO:colcon.colcon_core.shell:Creating package script '/home/emkk/grap_ws/install/grap_moveit/share/grap_moveit/package.bash'
[0.484s] INFO:colcon.colcon_core.shell:Creating package script '/home/emkk/grap_ws/install/grap_moveit/share/grap_moveit/package.zsh'
[0.484s] Level 1:colcon.colcon_core.environment:create_file_with_runtime_dependencies(/home/emkk/grap_ws/install/grap_moveit/share/colcon-core/packages/grap_moveit)
[3.519s] DEBUG:colcon.colcon_core.event_handler.log_command:Invoked command in '/home/emkk/grap_ws/build/grap_controller' returned '0': CMAKE_PREFIX_PATH=${CMAKE_PREFIX_PATH}:/opt/ros/humble /usr/bin/cmake --build /home/emkk/grap_ws/build/grap_controller -- -j16 -l16
[3.522s] DEBUG:colcon.colcon_core.event_handler.log_command:Invoking command in '/home/emkk/grap_ws/build/grap_controller': CMAKE_PREFIX_PATH=${CMAKE_PREFIX_PATH}:/opt/ros/humble /usr/bin/cmake --install /home/emkk/grap_ws/build/grap_controller
[3.544s] Level 1:colcon.colcon_core.environment:create_environment_scripts_only(grap_controller)
[3.544s] Level 1:colcon.colcon_core.environment:checking '/home/emkk/grap_ws/install/grap_controller' for CMake module files
[3.545s] DEBUG:colcon.colcon_core.event_handler.log_command:Invoked command in '/home/emkk/grap_ws/build/grap_controller' returned '0': CMAKE_PREFIX_PATH=${CMAKE_PREFIX_PATH}:/opt/ros/humble /usr/bin/cmake --install /home/emkk/grap_ws/build/grap_controller
[3.546s] Level 1:colcon.colcon_core.environment:checking '/home/emkk/grap_ws/install/grap_controller' for CMake config files
[3.546s] Level 1:colcon.colcon_core.shell:create_environment_hook('grap_controller', 'cmake_prefix_path')
[3.547s] INFO:colcon.colcon_core.shell:Creating environment hook '/home/emkk/grap_ws/install/grap_controller/share/grap_controller/hook/cmake_prefix_path.ps1'
[3.548s] INFO:colcon.colcon_core.shell:Creating environment descriptor '/home/emkk/grap_ws/install/grap_controller/share/grap_controller/hook/cmake_prefix_path.dsv'
[3.548s] INFO:colcon.colcon_core.shell:Creating environment hook '/home/emkk/grap_ws/install/grap_controller/share/grap_controller/hook/cmake_prefix_path.sh'
[3.550s] Level 1:colcon.colcon_core.environment:checking '/home/emkk/grap_ws/install/grap_controller/lib'
[3.550s] Level 1:colcon.colcon_core.shell:create_environment_hook('grap_controller', 'ld_library_path_lib')
[3.550s] INFO:colcon.colcon_core.shell:Creating environment hook '/home/emkk/grap_ws/install/grap_controller/share/grap_controller/hook/ld_library_path_lib.ps1'
[3.551s] INFO:colcon.colcon_core.shell:Creating environment descriptor '/home/emkk/grap_ws/install/grap_controller/share/grap_controller/hook/ld_library_path_lib.dsv'
[3.552s] INFO:colcon.colcon_core.shell:Creating environment hook '/home/emkk/grap_ws/install/grap_controller/share/grap_controller/hook/ld_library_path_lib.sh'
[3.552s] Level 1:colcon.colcon_core.environment:checking '/home/emkk/grap_ws/install/grap_controller/bin'
[3.552s] Level 1:colcon.colcon_core.environment:checking '/home/emkk/grap_ws/install/grap_controller/lib/pkgconfig/grap_controller.pc'
[3.553s] Level 1:colcon.colcon_core.environment:checking '/home/emkk/grap_ws/install/grap_controller/lib/python3.10/site-packages'
[3.553s] Level 1:colcon.colcon_core.environment:checking '/home/emkk/grap_ws/install/grap_controller/bin'
[3.554s] INFO:colcon.colcon_core.shell:Creating package script '/home/emkk/grap_ws/install/grap_controller/share/grap_controller/package.ps1'
[3.554s] INFO:colcon.colcon_core.shell:Creating package descriptor '/home/emkk/grap_ws/install/grap_controller/share/grap_controller/package.dsv'
[3.555s] INFO:colcon.colcon_core.shell:Creating package script '/home/emkk/grap_ws/install/grap_controller/share/grap_controller/package.sh'
[3.556s] INFO:colcon.colcon_core.shell:Creating package script '/home/emkk/grap_ws/install/grap_controller/share/grap_controller/package.bash'
[3.556s] INFO:colcon.colcon_core.shell:Creating package script '/home/emkk/grap_ws/install/grap_controller/share/grap_controller/package.zsh'
[3.557s] Level 1:colcon.colcon_core.environment:create_file_with_runtime_dependencies(/home/emkk/grap_ws/install/grap_controller/share/colcon-core/packages/grap_controller)
[3.558s] Level 1:colcon.colcon_core.environment:create_environment_scripts_only(grap_controller)
[3.558s] Level 1:colcon.colcon_core.environment:checking '/home/emkk/grap_ws/install/grap_controller' for CMake module files
[3.559s] Level 1:colcon.colcon_core.environment:checking '/home/emkk/grap_ws/install/grap_controller' for CMake config files
[3.559s] Level 1:colcon.colcon_core.shell:create_environment_hook('grap_controller', 'cmake_prefix_path')
[3.560s] INFO:colcon.colcon_core.shell:Creating environment hook '/home/emkk/grap_ws/install/grap_controller/share/grap_controller/hook/cmake_prefix_path.ps1'
[3.560s] INFO:colcon.colcon_core.shell:Creating environment descriptor '/home/emkk/grap_ws/install/grap_controller/share/grap_controller/hook/cmake_prefix_path.dsv'
[3.562s] INFO:colcon.colcon_core.shell:Creating environment hook '/home/emkk/grap_ws/install/grap_controller/share/grap_controller/hook/cmake_prefix_path.sh'
[3.562s] Level 1:colcon.colcon_core.environment:checking '/home/emkk/grap_ws/install/grap_controller/lib'
[3.563s] Level 1:colcon.colcon_core.shell:create_environment_hook('grap_controller', 'ld_library_path_lib')
[3.563s] INFO:colcon.colcon_core.shell:Creating environment hook '/home/emkk/grap_ws/install/grap_controller/share/grap_controller/hook/ld_library_path_lib.ps1'
[3.564s] INFO:colcon.colcon_core.shell:Creating environment descriptor '/home/emkk/grap_ws/install/grap_controller/share/grap_controller/hook/ld_library_path_lib.dsv'
[3.564s] INFO:colcon.colcon_core.shell:Creating environment hook '/home/emkk/grap_ws/install/grap_controller/share/grap_controller/hook/ld_library_path_lib.sh'
[3.565s] Level 1:colcon.colcon_core.environment:checking '/home/emkk/grap_ws/install/grap_controller/bin'
[3.566s] Level 1:colcon.colcon_core.environment:checking '/home/emkk/grap_ws/install/grap_controller/lib/pkgconfig/grap_controller.pc'
[3.566s] Level 1:colcon.colcon_core.environment:checking '/home/emkk/grap_ws/install/grap_controller/lib/python3.10/site-packages'
[3.566s] Level 1:colcon.colcon_core.environment:checking '/home/emkk/grap_ws/install/grap_controller/bin'
[3.567s] INFO:colcon.colcon_core.shell:Creating package script '/home/emkk/grap_ws/install/grap_controller/share/grap_controller/package.ps1'
[3.568s] INFO:colcon.colcon_core.shell:Creating package descriptor '/home/emkk/grap_ws/install/grap_controller/share/grap_controller/package.dsv'
[3.569s] INFO:colcon.colcon_core.shell:Creating package script '/home/emkk/grap_ws/install/grap_controller/share/grap_controller/package.sh'
[3.569s] INFO:colcon.colcon_core.shell:Creating package script '/home/emkk/grap_ws/install/grap_controller/share/grap_controller/package.bash'
[3.570s] INFO:colcon.colcon_core.shell:Creating package script '/home/emkk/grap_ws/install/grap_controller/share/grap_controller/package.zsh'
[3.571s] Level 1:colcon.colcon_core.environment:create_file_with_runtime_dependencies(/home/emkk/grap_ws/install/grap_controller/share/colcon-core/packages/grap_controller)
[3.571s] DEBUG:colcon.colcon_parallel_executor.executor.parallel:closing loop
[3.572s] DEBUG:colcon.colcon_parallel_executor.executor.parallel:loop closed
[3.572s] DEBUG:colcon.colcon_parallel_executor.executor.parallel:run_until_complete finished with '0'
[3.572s] DEBUG:colcon.colcon_core.event_reactor:joining thread
[3.580s] INFO:colcon.colcon_core.plugin_system:Skipping extension 'colcon_notification.desktop_notification.terminal_notifier': Not used on non-Darwin systems
[3.580s] INFO:colcon.colcon_core.plugin_system:Skipping extension 'colcon_notification.desktop_notification.win32': Not used on non-Windows systems
[3.580s] INFO:colcon.colcon_notification.desktop_notification:Sending desktop notification using 'notify2'
[3.593s] DEBUG:colcon.colcon_core.event_reactor:joined thread
[3.593s] INFO:colcon.colcon_core.shell:Creating prefix script '/home/emkk/grap_ws/install/local_setup.ps1'
[3.595s] INFO:colcon.colcon_core.shell:Creating prefix util module '/home/emkk/grap_ws/install/_local_setup_util_ps1.py'
[3.597s] INFO:colcon.colcon_core.shell:Creating prefix chain script '/home/emkk/grap_ws/install/setup.ps1'
[3.599s] INFO:colcon.colcon_core.shell:Creating prefix script '/home/emkk/grap_ws/install/local_setup.sh'
[3.600s] INFO:colcon.colcon_core.shell:Creating prefix util module '/home/emkk/grap_ws/install/_local_setup_util_sh.py'
[3.601s] INFO:colcon.colcon_core.shell:Creating prefix chain script '/home/emkk/grap_ws/install/setup.sh'
[3.604s] INFO:colcon.colcon_core.shell:Creating prefix script '/home/emkk/grap_ws/install/local_setup.bash'
[3.605s] INFO:colcon.colcon_core.shell:Creating prefix chain script '/home/emkk/grap_ws/install/setup.bash'
[3.607s] INFO:colcon.colcon_core.shell:Creating prefix script '/home/emkk/grap_ws/install/local_setup.zsh'
[3.607s] INFO:colcon.colcon_core.shell:Creating prefix chain script '/home/emkk/grap_ws/install/setup.zsh'
