[0.022s] Invoking command in '/home/emkk/grap_ws/build/grap_bringup': CMAKE_PREFIX_PATH=${CMAKE_PREFIX_PATH}:/opt/ros/humble /usr/bin/cmake --build /home/emkk/grap_ws/build/grap_bringup -- -j16 -l16
[0.057s] Invoked command in '/home/emkk/grap_ws/build/grap_bringup' returned '0': CMAKE_PREFIX_PATH=${CMAKE_PREFIX_PATH}:/opt/ros/humble /usr/bin/cmake --build /home/emkk/grap_ws/build/grap_bringup -- -j16 -l16
[0.068s] Invoking command in '/home/emkk/grap_ws/build/grap_bringup': CMAKE_PREFIX_PATH=${CMAKE_PREFIX_PATH}:/opt/ros/humble /usr/bin/cmake --install /home/emkk/grap_ws/build/grap_bringup
[0.073s] -- Install configuration: ""
[0.073s] -- Up-to-date: /home/emkk/grap_ws/install/grap_bringup/share/grap_bringup/launch
[0.073s] -- Up-to-date: /home/emkk/grap_ws/install/grap_bringup/share/grap_bringup/launch/simulated_robot.launch.py
[0.074s] -- Up-to-date: /home/emkk/grap_ws/install/grap_bringup/share/grap_bringup/launch/real_robot.launch.py
[0.074s] -- Up-to-date: /home/emkk/grap_ws/install/grap_bringup/share/ament_index/resource_index/package_run_dependencies/grap_bringup
[0.074s] -- Up-to-date: /home/emkk/grap_ws/install/grap_bringup/share/ament_index/resource_index/parent_prefix_path/grap_bringup
[0.074s] -- Up-to-date: /home/emkk/grap_ws/install/grap_bringup/share/grap_bringup/environment/ament_prefix_path.sh
[0.074s] -- Up-to-date: /home/emkk/grap_ws/install/grap_bringup/share/grap_bringup/environment/ament_prefix_path.dsv
[0.074s] -- Up-to-date: /home/emkk/grap_ws/install/grap_bringup/share/grap_bringup/environment/path.sh
[0.074s] -- Up-to-date: /home/emkk/grap_ws/install/grap_bringup/share/grap_bringup/environment/path.dsv
[0.074s] -- Up-to-date: /home/emkk/grap_ws/install/grap_bringup/share/grap_bringup/local_setup.bash
[0.074s] -- Up-to-date: /home/emkk/grap_ws/install/grap_bringup/share/grap_bringup/local_setup.sh
[0.074s] -- Up-to-date: /home/emkk/grap_ws/install/grap_bringup/share/grap_bringup/local_setup.zsh
[0.074s] -- Up-to-date: /home/emkk/grap_ws/install/grap_bringup/share/grap_bringup/local_setup.dsv
[0.074s] -- Installing: /home/emkk/grap_ws/install/grap_bringup/share/grap_bringup/package.dsv
[0.075s] -- Up-to-date: /home/emkk/grap_ws/install/grap_bringup/share/ament_index/resource_index/packages/grap_bringup
[0.075s] -- Up-to-date: /home/emkk/grap_ws/install/grap_bringup/share/grap_bringup/cmake/grap_bringupConfig.cmake
[0.075s] -- Up-to-date: /home/emkk/grap_ws/install/grap_bringup/share/grap_bringup/cmake/grap_bringupConfig-version.cmake
[0.075s] -- Up-to-date: /home/emkk/grap_ws/install/grap_bringup/share/grap_bringup/package.xml
[0.080s] Invoked command in '/home/emkk/grap_ws/build/grap_bringup' returned '0': CMAKE_PREFIX_PATH=${CMAKE_PREFIX_PATH}:/opt/ros/humble /usr/bin/cmake --install /home/emkk/grap_ws/build/grap_bringup
